{"/home/user/COS301/echo/ECHO/Frontend/src/app/app.component.html": {"path":"/home/user/COS301/echo/ECHO/Frontend/src/app/app.component.html","statementMap":{"0":{"start":{"line":1,"column":0},"end":{"line":1,"column":48}}},"fnMap":{},"branchMap":{},"s":{"0":1},"f":{},"b":{},"_coverageSchema":"1a1c01bbd47fc00a2c39e90264f33305004495a9","hash":"375b43459589c6f7f0371ed066ad54b9ae39b507"}
,"/home/user/COS301/echo/ECHO/Frontend/src/app/app.component.ts": {"path":"/home/user/COS301/echo/ECHO/Frontend/src/app/app.component.ts","statementMap":{"0":{"start":{"line":1,"column":0},"end":{"line":1,"column":42}},"1":{"start":{"line":2,"column":0},"end":{"line":2,"column":47}},"2":{"start":{"line":12,"column":7},"end":{"line":14,"column":null}},"3":{"start":{"line":13,"column":2},"end":{"line":13,"column":17}},"4":{"start":{"line":12,"column":13},"end":{"line":12,"column":25}},"5":{"start":{"line":12,"column":13},"end":{"line":14,"column":null}}},"fnMap":{"0":{"name":"(anonymous_0)","decl":{"start":{"line":12,"column":7},"end":{"line":12,"column":13}},"loc":{"start":{"line":12,"column":7},"end":{"line":14,"column":1}}}},"branchMap":{},"s":{"0":1,"1":1,"2":1,"3":2,"4":1,"5":1},"f":{"0":2},"b":{}}
,"/home/user/COS301/echo/ECHO/Frontend/src/app/pages/home/home.component.html": {"path":"/home/user/COS301/echo/ECHO/Frontend/src/app/pages/home/home.component.html","statementMap":{"0":{"start":{"line":1,"column":0},"end":{"line":1,"column":952}}},"fnMap":{},"branchMap":{},"s":{"0":1},"f":{},"b":{},"_coverageSchema":"1a1c01bbd47fc00a2c39e90264f33305004495a9","hash":"872f3eb7be3fdde3ba41b4f7928fb7000c8e5047"}
,"/home/user/COS301/echo/ECHO/Frontend/src/app/pages/home/home.component.ts": {"path":"/home/user/COS301/echo/ECHO/Frontend/src/app/pages/home/home.component.ts","statementMap":{"0":{"start":{"line":1,"column":0},"end":{"line":1,"column":42}},"1":{"start":{"line":2,"column":0},"end":{"line":2,"column":107}},"2":{"start":{"line":3,"column":0},"end":{"line":3,"column":71}},"3":{"start":{"line":4,"column":0},"end":{"line":4,"column":62}},"4":{"start":{"line":5,"column":0},"end":{"line":5,"column":55}},"5":{"start":{"line":6,"column":0},"end":{"line":6,"column":65}},"6":{"start":{"line":7,"column":0},"end":{"line":7,"column":57}},"7":{"start":{"line":8,"column":0},"end":{"line":8,"column":75}},"8":{"start":{"line":29,"column":24},"end":{"line":29,"column":50}},"9":{"start":{"line":28,"column":12},"end":{"line":28,"column":36}},"10":{"start":{"line":34,"column":4},"end":{"line":34,"column":36}},"11":{"start":{"line":39,"column":4},"end":{"line":39,"column":24}},"12":{"start":{"line":27,"column":13},"end":{"line":27,"column":26}},"13":{"start":{"line":27,"column":13},"end":{"line":42,"column":null}}},"fnMap":{"0":{"name":"(anonymous_0)","decl":{"start":{"line":29,"column":2},"end":{"line":29,"column":24}},"loc":{"start":{"line":29,"column":50},"end":{"line":29,"column":54}}},"1":{"name":"(anonymous_1)","decl":{"start":{"line":33,"column":2},"end":{"line":33,"column":13}},"loc":{"start":{"line":33,"column":13},"end":{"line":35,"column":3}}},"2":{"name":"(anonymous_2)","decl":{"start":{"line":38,"column":2},"end":{"line":38,"column":13}},"loc":{"start":{"line":38,"column":28},"end":{"line":40,"column":3}}}},"branchMap":{},"s":{"0":1,"1":1,"2":1,"3":1,"4":1,"5":1,"6":1,"7":1,"8":1,"9":1,"10":0,"11":0,"12":1,"13":1},"f":{"0":1,"1":0,"2":0},"b":{}}
,"/home/user/COS301/echo/ECHO/Frontend/src/app/pages/landing-page/landing-page.component.html": {"path":"/home/user/COS301/echo/ECHO/Frontend/src/app/pages/landing-page/landing-page.component.html","statementMap":{"0":{"start":{"line":1,"column":0},"end":{"line":1,"column":1082}}},"fnMap":{},"branchMap":{},"s":{"0":1},"f":{},"b":{},"_coverageSchema":"1a1c01bbd47fc00a2c39e90264f33305004495a9","hash":"42240a6ccbcc22c401245ec0a2020f90c10d3b86"}
,"/home/user/COS301/echo/ECHO/Frontend/src/app/pages/landing-page/landing-page.component.ts": {"path":"/home/user/COS301/echo/ECHO/Frontend/src/app/pages/landing-page/landing-page.component.ts","statementMap":{"0":{"start":{"line":1,"column":0},"end":{"line":1,"column":42}},"1":{"start":{"line":10,"column":7},"end":{"line":12,"column":null}},"2":{"start":{"line":10,"column":13},"end":{"line":10,"column":33}},"3":{"start":{"line":10,"column":13},"end":{"line":12,"column":null}}},"fnMap":{},"branchMap":{},"s":{"0":1,"1":1,"2":1,"3":1},"f":{},"b":{}}
,"/home/user/COS301/echo/ECHO/Frontend/src/app/services/theme.service.ts": {"path":"/home/user/COS301/echo/ECHO/Frontend/src/app/services/theme.service.ts","statementMap":{"0":{"start":{"line":1,"column":0},"end":{"line":1,"column":64}},"1":{"start":{"line":2,"column":0},"end":{"line":2,"column":52}},"2":{"start":{"line":10,"column":43},"end":{"line":10,"column":61}},"3":{"start":{"line":8,"column":10},"end":{"line":8,"column":42}},"4":{"start":{"line":11,"column":4},"end":{"line":13,"column":5}},"5":{"start":{"line":12,"column":6},"end":{"line":12,"column":66}},"6":{"start":{"line":17,"column":4},"end":{"line":17,"column":47}},"7":{"start":{"line":18,"column":4},"end":{"line":20,"column":5}},"8":{"start":{"line":19,"column":6},"end":{"line":19,"column":66}},"9":{"start":{"line":24,"column":4},"end":{"line":24,"column":31}},"10":{"start":{"line":7,"column":13},"end":{"line":7,"column":25}},"11":{"start":{"line":7,"column":13},"end":{"line":26,"column":null}}},"fnMap":{"0":{"name":"(anonymous_0)","decl":{"start":{"line":10,"column":2},"end":{"line":10,"column":15}},"loc":{"start":{"line":10,"column":61},"end":{"line":14,"column":3}}},"1":{"name":"(anonymous_1)","decl":{"start":{"line":16,"column":2},"end":{"line":16,"column":13}},"loc":{"start":{"line":16,"column":13},"end":{"line":21,"column":3}}},"2":{"name":"(anonymous_2)","decl":{"start":{"line":23,"column":2},"end":{"line":23,"column":18}},"loc":{"start":{"line":23,"column":18},"end":{"line":25,"column":3}}}},"branchMap":{"0":{"loc":{"start":{"line":11,"column":4},"end":{"line":13,"column":5}},"type":"if","locations":[{"start":{"line":11,"column":4},"end":{"line":13,"column":5}}]},"1":{"loc":{"start":{"line":18,"column":4},"end":{"line":20,"column":5}},"type":"if","locations":[{"start":{"line":18,"column":4},"end":{"line":20,"column":5}}]}},"s":{"0":4,"1":4,"2":4,"3":4,"4":4,"5":4,"6":0,"7":0,"8":0,"9":52,"10":4,"11":4},"f":{"0":4,"1":0,"2":52},"b":{"0":[4],"1":[0]}}
,"/home/user/COS301/echo/ECHO/Frontend/src/app/shared/navbar/navbar.component.html": {"path":"/home/user/COS301/echo/ECHO/Frontend/src/app/shared/navbar/navbar.component.html","statementMap":{"0":{"start":{"line":1,"column":0},"end":{"line":1,"column":1379}}},"fnMap":{},"branchMap":{},"s":{"0":2},"f":{},"b":{},"_coverageSchema":"1a1c01bbd47fc00a2c39e90264f33305004495a9","hash":"d4ebd79a08b3990108a86ddf9b0953d26d6bf49c"}
,"/home/user/COS301/echo/ECHO/Frontend/src/app/shared/navbar/navbar.component.ts": {"path":"/home/user/COS301/echo/ECHO/Frontend/src/app/shared/navbar/navbar.component.ts","statementMap":{"0":{"start":{"line":1,"column":0},"end":{"line":1,"column":64}},"1":{"start":{"line":2,"column":0},"end":{"line":2,"column":62}},"2":{"start":{"line":3,"column":0},"end":{"line":3,"column":46}},"3":{"start":{"line":4,"column":0},"end":{"line":4,"column":64}},"4":{"start":{"line":5,"column":0},"end":{"line":5,"column":41}},"5":{"start":{"line":15,"column":21},"end":{"line":15,"column":47}},"6":{"start":{"line":15,"column":57},"end":{"line":15,"column":71}},"7":{"start":{"line":16,"column":2},"end":{"line":16,"column":1850}},"8":{"start":{"line":18,"column":2},"end":{"line":18,"column":37}},"9":{"start":{"line":19,"column":2},"end":{"line":19,"column":null}},"10":{"start":{"line":20,"column":2},"end":{"line":20,"column":null}},"11":{"start":{"line":21,"column":12},"end":{"line":21,"column":null}},"12":{"start":{"line":23,"column":4},"end":{"line":23,"column":31}},"13":{"start":{"line":24,"column":4},"end":{"line":35,"column":5}},"14":{"start":{"line":26,"column":8},"end":{"line":26,"column":44}},"15":{"start":{"line":27,"column":8},"end":{"line":27,"column":40}},"16":{"start":{"line":28,"column":8},"end":{"line":28,"column":14}},"17":{"start":{"line":30,"column":8},"end":{"line":30,"column":46}},"18":{"start":{"line":31,"column":8},"end":{"line":31,"column":14}},"19":{"start":{"line":33,"column":8},"end":{"line":33,"column":46}},"20":{"start":{"line":34,"column":8},"end":{"line":34,"column":14}},"21":{"start":{"line":40,"column":4},"end":{"line":40,"column":36}},"22":{"start":{"line":45,"column":4},"end":{"line":45,"column":48}},"23":{"start":{"line":14,"column":13},"end":{"line":14,"column":28}},"24":{"start":{"line":14,"column":13},"end":{"line":48,"column":null}}},"fnMap":{"0":{"name":"(anonymous_0)","decl":{"start":{"line":15,"column":2},"end":{"line":15,"column":21}},"loc":{"start":{"line":15,"column":71},"end":{"line":15,"column":75}}},"1":{"name":"(anonymous_1)","decl":{"start":{"line":22,"column":2},"end":{"line":22,"column":8}},"loc":{"start":{"line":22,"column":24},"end":{"line":37,"column":3}}},"2":{"name":"(anonymous_2)","decl":{"start":{"line":39,"column":2},"end":{"line":39,"column":13}},"loc":{"start":{"line":39,"column":13},"end":{"line":42,"column":3}}},"3":{"name":"(anonymous_3)","decl":{"start":{"line":44,"column":2},"end":{"line":44,"column":18}},"loc":{"start":{"line":44,"column":18},"end":{"line":46,"column":3}}}},"branchMap":{"0":{"loc":{"start":{"line":24,"column":4},"end":{"line":35,"column":5}},"type":"switch","locations":[{"start":{"line":25,"column":6},"end":{"line":28,"column":14}},{"start":{"line":29,"column":6},"end":{"line":31,"column":14}},{"start":{"line":32,"column":6},"end":{"line":34,"column":14}}]}},"s":{"0":2,"1":2,"2":2,"3":2,"4":2,"5":2,"6":2,"7":2,"8":2,"9":2,"10":2,"11":2,"12":0,"13":0,"14":0,"15":0,"16":0,"17":0,"18":0,"19":0,"20":0,"21":0,"22":0,"23":2,"24":2},"f":{"0":2,"1":0,"2":0,"3":0},"b":{"0":[0,0,0]}}
,"/home/user/COS301/echo/ECHO/Frontend/src/app/shared/side-bar/side-bar.component.html": {"path":"/home/user/COS301/echo/ECHO/Frontend/src/app/shared/side-bar/side-bar.component.html","statementMap":{"0":{"start":{"line":1,"column":0},"end":{"line":1,"column":2316}}},"fnMap":{},"branchMap":{},"s":{"0":2},"f":{},"b":{},"_coverageSchema":"1a1c01bbd47fc00a2c39e90264f33305004495a9","hash":"16cbd56d952e41f7da165f972c473c327e77e6df"}
,"/home/user/COS301/echo/ECHO/Frontend/src/app/shared/side-bar/side-bar.component.ts": {"path":"/home/user/COS301/echo/ECHO/Frontend/src/app/shared/side-bar/side-bar.component.ts","statementMap":{"0":{"start":{"line":1,"column":0},"end":{"line":1,"column":42}},"1":{"start":{"line":2,"column":0},"end":{"line":2,"column":65}},"2":{"start":{"line":3,"column":0},"end":{"line":3,"column":57}},"3":{"start":{"line":4,"column":0},"end":{"line":4,"column":60}},"4":{"start":{"line":20,"column":24},"end":{"line":20,"column":50}},"5":{"start":{"line":23,"column":2},"end":{"line":23,"column":25}},"6":{"start":{"line":24,"column":2},"end":{"line":24,"column":36}},"7":{"start":{"line":26,"column":2},"end":{"line":49,"column":4}},"8":{"start":{"line":51,"column":2},"end":{"line":84,"column":4}},"9":{"start":{"line":87,"column":4},"end":{"line":87,"column":97}},"10":{"start":{"line":91,"column":4},"end":{"line":91,"column":33}},"11":{"start":{"line":19,"column":13},"end":{"line":19,"column":29}},"12":{"start":{"line":19,"column":13},"end":{"line":93,"column":null}}},"fnMap":{"0":{"name":"(anonymous_0)","decl":{"start":{"line":20,"column":2},"end":{"line":20,"column":24}},"loc":{"start":{"line":20,"column":50},"end":{"line":21,"column":3}}},"1":{"name":"(anonymous_1)","decl":{"start":{"line":86,"column":2},"end":{"line":86,"column":21}},"loc":{"start":{"line":86,"column":21},"end":{"line":88,"column":3}}},"2":{"name":"(anonymous_2)","decl":{"start":{"line":90,"column":2},"end":{"line":90,"column":14}},"loc":{"start":{"line":90,"column":29},"end":{"line":92,"column":3}}}},"branchMap":{"0":{"loc":{"start":{"line":87,"column":11},"end":{"line":87,"column":96}},"type":"cond-expr","locations":[{"start":{"line":87,"column":46},"end":{"line":87,"column":65}},{"start":{"line":87,"column":68},"end":{"line":87,"column":96}}]}},"s":{"0":2,"1":2,"2":2,"3":2,"4":2,"5":2,"6":2,"7":2,"8":2,"9":4,"10":0,"11":2,"12":2},"f":{"0":2,"1":4,"2":0},"b":{"0":[4,0]}}
,"/home/user/COS301/echo/ECHO/Frontend/src/app/shared/song-recommendation/song-recommendation.component.html": {"path":"/home/user/COS301/echo/ECHO/Frontend/src/app/shared/song-recommendation/song-recommendation.component.html","statementMap":{"0":{"start":{"line":1,"column":0},"end":{"line":1,"column":2089}}},"fnMap":{},"branchMap":{},"s":{"0":2},"f":{},"b":{},"_coverageSchema":"1a1c01bbd47fc00a2c39e90264f33305004495a9","hash":"3ccc8920f4d3033f5a26034c33bd87d478b0e4d6"}
,"/home/user/COS301/echo/ECHO/Frontend/src/app/shared/song-recommendation/song-recommendation.component.ts": {"path":"/home/user/COS301/echo/ECHO/Frontend/src/app/shared/song-recommendation/song-recommendation.component.ts","statementMap":{"0":{"start":{"line":1,"column":0},"end":{"line":1,"column":42}},"1":{"start":{"line":2,"column":0},"end":{"line":2,"column":47}},"2":{"start":{"line":12,"column":7},"end":{"line":48,"column":null}},"3":{"start":{"line":13,"column":2},"end":{"line":13,"column":46}},"4":{"start":{"line":15,"column":2},"end":{"line":15,"column":47}},"5":{"start":{"line":17,"column":0},"end":{"line":23,"column":2}},"6":{"start":{"line":25,"column":0},"end":{"line":47,"column":2}},"7":{"start":{"line":12,"column":13},"end":{"line":12,"column":40}},"8":{"start":{"line":12,"column":13},"end":{"line":48,"column":null}}},"fnMap":{"0":{"name":"(anonymous_0)","decl":{"start":{"line":12,"column":7},"end":{"line":12,"column":13}},"loc":{"start":{"line":12,"column":7},"end":{"line":48,"column":1}}}},"branchMap":{},"s":{"0":2,"1":2,"2":2,"3":1,"4":1,"5":1,"6":1,"7":2,"8":2},"f":{"0":1},"b":{}}
,"/home/user/COS301/echo/ECHO/Frontend/src/app/shared/svg-icon/svg-icon.component.html": {"path":"/home/user/COS301/echo/ECHO/Frontend/src/app/shared/svg-icon/svg-icon.component.html","statementMap":{"0":{"start":{"line":1,"column":0},"end":{"line":1,"column":384}}},"fnMap":{},"branchMap":{},"s":{"0":3},"f":{},"b":{},"_coverageSchema":"1a1c01bbd47fc00a2c39e90264f33305004495a9","hash":"87f76347b65b552c9dcf4dfd6d4bcb1cfcea90f0"}
,"/home/user/COS301/echo/ECHO/Frontend/src/app/shared/svg-icon/svg-icon.component.ts": {"path":"/home/user/COS301/echo/ECHO/Frontend/src/app/shared/svg-icon/svg-icon.component.ts","statementMap":{"0":{"start":{"line":1,"column":0},"end":{"line":1,"column":71}},"1":{"start":{"line":2,"column":0},"end":{"line":2,"column":46}},"2":{"start":{"line":3,"column":0},"end":{"line":3,"column":62}},"3":{"start":{"line":12,"column":20},"end":{"line":12,"column":46}},"4":{"start":{"line":17,"column":12},"end":{"line":17,"column":null}},"5":{"start":{"line":20,"column":4},"end":{"line":20,"column":25}},"6":{"start":{"line":24,"column":4},"end":{"line":24,"column":94}},"7":{"start":{"line":11,"column":13},"end":{"line":11,"column":29}},"8":{"start":{"line":11,"column":13},"end":{"line":26,"column":null}}},"fnMap":{"0":{"name":"(anonymous_0)","decl":{"start":{"line":12,"column":0},"end":{"line":12,"column":20}},"loc":{"start":{"line":12,"column":46},"end":{"line":12,"column":50}}},"1":{"name":"(anonymous_1)","decl":{"start":{"line":19,"column":2},"end":{"line":19,"column":9}},"loc":{"start":{"line":19,"column":9},"end":{"line":21,"column":3}}},"2":{"name":"(anonymous_2)","decl":{"start":{"line":23,"column":2},"end":{"line":23,"column":6}},"loc":{"start":{"line":23,"column":17},"end":{"line":25,"column":3}}}},"branchMap":{"0":{"loc":{"start":{"line":24,"column":11},"end":{"line":24,"column":93}},"type":"cond-expr","locations":[{"start":{"line":24,"column":50},"end":{"line":24,"column":67}},{"start":{"line":24,"column":70},"end":{"line":24,"column":93}}]}},"s":{"0":3,"1":3,"2":3,"3":7,"4":7,"5":0,"6":4,"7":3,"8":3},"f":{"0":7,"1":0,"2":4},"b":{"0":[0,4]}}
,"/home/user/COS301/echo/ECHO/Frontend/src/app/spotify-login/spotify-login.component.html": {"path":"/home/user/COS301/echo/ECHO/Frontend/src/app/spotify-login/spotify-login.component.html","statementMap":{"0":{"start":{"line":1,"column":0},"end":{"line":1,"column":459}}},"fnMap":{},"branchMap":{},"s":{"0":1},"f":{},"b":{},"_coverageSchema":"1a1c01bbd47fc00a2c39e90264f33305004495a9","hash":"c78d6a99874176fd4568aab7d670dc8e92ecf28d"}
,"/home/user/COS301/echo/ECHO/Frontend/src/app/spotify-login/spotify-login.component.ts": {"path":"/home/user/COS301/echo/ECHO/Frontend/src/app/spotify-login/spotify-login.component.ts","statementMap":{"0":{"start":{"line":1,"column":0},"end":{"line":1,"column":42}},"1":{"start":{"line":11,"column":7},"end":{"line":16,"column":null}},"2":{"start":{"line":14,"column":4},"end":{"line":14,"column":43}},"3":{"start":{"line":11,"column":13},"end":{"line":11,"column":34}},"4":{"start":{"line":11,"column":13},"end":{"line":16,"column":null}}},"fnMap":{"0":{"name":"(anonymous_0)","decl":{"start":{"line":13,"column":2},"end":{"line":13,"column":18}},"loc":{"start":{"line":13,"column":18},"end":{"line":15,"column":3}}}},"branchMap":{},"s":{"0":1,"1":1,"2":0,"3":1,"4":1},"f":{"0":0},"b":{}}
}
