{"C:\\Users\\djpla\\OneDrive\\Documents\\GitHub\\ECHO\\Frontend\\src\\app\\app.component.html": {"path":"C:\\Users\\djpla\\OneDrive\\Documents\\GitHub\\ECHO\\Frontend\\src\\app\\app.component.html","statementMap":{"0":{"start":{"line":1,"column":0},"end":{"line":1,"column":570}}},"fnMap":{},"branchMap":{},"s":{"0":1},"f":{},"b":{},"_coverageSchema":"1a1c01bbd47fc00a2c39e90264f33305004495a9","hash":"2ccc35bb91edc98305847cd4e29ba22fb31f3921"}
,"C:\\Users\\djpla\\OneDrive\\Documents\\GitHub\\ECHO\\Frontend\\src\\app\\app.component.ts": {"path":"C:\\Users\\djpla\\OneDrive\\Documents\\GitHub\\ECHO\\Frontend\\src\\app\\app.component.ts","statementMap":{"0":{"start":{"line":1,"column":0},"end":{"line":1,"column":50}},"1":{"start":{"line":2,"column":0},"end":{"line":2,"column":108}},"2":{"start":{"line":3,"column":0},"end":{"line":3,"column":87}},"3":{"start":{"line":4,"column":0},"end":{"line":4,"column":78}},"4":{"start":{"line":5,"column":0},"end":{"line":5,"column":75}},"5":{"start":{"line":6,"column":0},"end":{"line":6,"column":51}},"6":{"start":{"line":7,"column":0},"end":{"line":7,"column":40}},"7":{"start":{"line":8,"column":0},"end":{"line":8,"column":48}},"8":{"start":{"line":9,"column":0},"end":{"line":9,"column":72}},"9":{"start":{"line":10,"column":0},"end":{"line":10,"column":62}},"10":{"start":{"line":11,"column":0},"end":{"line":11,"column":81}},"11":{"start":{"line":40,"column":12},"end":{"line":40,"column":26}},"12":{"start":{"line":41,"column":12},"end":{"line":41,"column":33}},"13":{"start":{"line":42,"column":12},"end":{"line":42,"column":48}},"14":{"start":{"line":43,"column":12},"end":{"line":43,"column":44}},"15":{"start":{"line":44,"column":12},"end":{"line":44,"column":29}},"16":{"start":{"line":30,"column":2},"end":{"line":30,"column":17}},"17":{"start":{"line":31,"column":2},"end":{"line":31,"column":26}},"18":{"start":{"line":33,"column":2},"end":{"line":33,"column":21}},"19":{"start":{"line":34,"column":2},"end":{"line":34,"column":24}},"20":{"start":{"line":35,"column":2},"end":{"line":35,"column":25}},"21":{"start":{"line":36,"column":2},"end":{"line":36,"column":27}},"22":{"start":{"line":37,"column":2},"end":{"line":37,"column":35}},"23":{"start":{"line":47,"column":4},"end":{"line":55,"column":7}},"24":{"start":{"line":48,"column":22},"end":{"line":48,"column":52}},"25":{"start":{"line":51,"column":6},"end":{"line":54,"column":7}},"26":{"start":{"line":53,"column":8},"end":{"line":53,"column":56}},"27":{"start":{"line":57,"column":4},"end":{"line":68,"column":7}},"28":{"start":{"line":59,"column":6},"end":{"line":67,"column":7}},"29":{"start":{"line":61,"column":8},"end":{"line":61,"column":49}},"30":{"start":{"line":62,"column":8},"end":{"line":66,"column":11}},"31":{"start":{"line":64,"column":10},"end":{"line":64,"column":29}},"32":{"start":{"line":65,"column":10},"end":{"line":65,"column":37}},"33":{"start":{"line":73,"column":4},"end":{"line":76,"column":7}},"34":{"start":{"line":75,"column":6},"end":{"line":75,"column":35}},"35":{"start":{"line":81,"column":29},"end":{"line":81,"column":43}},"36":{"start":{"line":83,"column":4},"end":{"line":83,"column":72}},"37":{"start":{"line":84,"column":4},"end":{"line":84,"column":54}},"38":{"start":{"line":85,"column":4},"end":{"line":85,"column":68}},"39":{"start":{"line":87,"column":4},"end":{"line":106,"column":5}},"40":{"start":{"line":90,"column":8},"end":{"line":92,"column":56}},"41":{"start":{"line":93,"column":8},"end":{"line":93,"column":36}},"42":{"start":{"line":94,"column":8},"end":{"line":94,"column":14}},"43":{"start":{"line":96,"column":8},"end":{"line":96,"column":37}},"44":{"start":{"line":97,"column":8},"end":{"line":97,"column":37}},"45":{"start":{"line":98,"column":8},"end":{"line":98,"column":14}},"46":{"start":{"line":100,"column":8},"end":{"line":100,"column":38}},"47":{"start":{"line":101,"column":8},"end":{"line":101,"column":36}},"48":{"start":{"line":102,"column":8},"end":{"line":102,"column":14}},"49":{"start":{"line":104,"column":8},"end":{"line":104,"column":30}},"50":{"start":{"line":105,"column":8},"end":{"line":105,"column":37}},"51":{"start":{"line":28,"column":13},"end":{"line":28,"column":25}},"52":{"start":{"line":28,"column":13},"end":{"line":108,"column":null}}},"fnMap":{"0":{"name":"(anonymous_0)","decl":{"start":{"line":39,"column":2},"end":{"line":39,"column":null}},"loc":{"start":{"line":44,"column":29},"end":{"line":69,"column":3}}},"1":{"name":"(anonymous_1)","decl":{"start":{"line":48,"column":13},"end":{"line":48,"column":18}},"loc":{"start":{"line":48,"column":22},"end":{"line":48,"column":52}}},"2":{"name":"(anonymous_2)","decl":{"start":{"line":49,"column":16},"end":{"line":49,"column":17}},"loc":{"start":{"line":49,"column":39},"end":{"line":55,"column":5}}},"3":{"name":"(anonymous_3)","decl":{"start":{"line":57,"column":37},"end":{"line":57,"column":42}},"loc":{"start":{"line":57,"column":45},"end":{"line":68,"column":5}}},"4":{"name":"(anonymous_4)","decl":{"start":{"line":62,"column":38},"end":{"line":62,"column":41}},"loc":{"start":{"line":62,"column":43},"end":{"line":66,"column":9}}},"5":{"name":"(anonymous_5)","decl":{"start":{"line":71,"column":2},"end":{"line":71,"column":7}},"loc":{"start":{"line":71,"column":16},"end":{"line":77,"column":3}}},"6":{"name":"(anonymous_6)","decl":{"start":{"line":73,"column":49},"end":{"line":73,"column":59}},"loc":{"start":{"line":73,"column":62},"end":{"line":76,"column":5}}},"7":{"name":"(anonymous_7)","decl":{"start":{"line":79,"column":2},"end":{"line":79,"column":19}},"loc":{"start":{"line":79,"column":31},"end":{"line":107,"column":3}}}},"branchMap":{"0":{"loc":{"start":{"line":51,"column":6},"end":{"line":54,"column":7}},"type":"if","locations":[{"start":{"line":51,"column":6},"end":{"line":54,"column":7}}]},"1":{"loc":{"start":{"line":59,"column":6},"end":{"line":67,"column":7}},"type":"if","locations":[{"start":{"line":59,"column":6},"end":{"line":67,"column":7}}]},"2":{"loc":{"start":{"line":87,"column":4},"end":{"line":106,"column":5}},"type":"switch","locations":[{"start":{"line":89,"column":6},"end":{"line":94,"column":14}},{"start":{"line":95,"column":6},"end":{"line":98,"column":14}},{"start":{"line":99,"column":6},"end":{"line":102,"column":14}},{"start":{"line":103,"column":6},"end":{"line":105,"column":37}}]},"3":{"loc":{"start":{"line":90,"column":27},"end":{"line":92,"column":55}},"type":"cond-expr","locations":[{"start":{"line":90,"column":51},"end":{"line":90,"column":59}},{"start":{"line":91,"column":10},"end":{"line":92,"column":55}}]},"4":{"loc":{"start":{"line":91,"column":10},"end":{"line":92,"column":55}},"type":"cond-expr","locations":[{"start":{"line":91,"column":35},"end":{"line":91,"column":44}},{"start":{"line":92,"column":12},"end":{"line":92,"column":55}}]},"5":{"loc":{"start":{"line":92,"column":12},"end":{"line":92,"column":55}},"type":"cond-expr","locations":[{"start":{"line":92,"column":37},"end":{"line":92,"column":46}},{"start":{"line":92,"column":49},"end":{"line":92,"column":55}}]}},"s":{"0":1,"1":1,"2":1,"3":1,"4":1,"5":1,"6":1,"7":1,"8":1,"9":1,"10":1,"11":6,"12":6,"13":6,"14":6,"15":6,"16":6,"17":6,"18":6,"19":6,"20":6,"21":6,"22":6,"23":6,"24":2,"25":2,"26":2,"27":6,"28":6,"29":6,"30":6,"31":6,"32":6,"33":6,"34":1,"35":2,"36":2,"37":2,"38":2,"39":2,"40":1,"41":1,"42":1,"43":0,"44":0,"45":0,"46":1,"47":1,"48":1,"49":0,"50":0,"51":1,"52":1},"f":{"0":6,"1":2,"2":2,"3":6,"4":6,"5":6,"6":1,"7":2},"b":{"0":[2],"1":[6],"2":[1,0,1,0],"3":[1,0],"4":[0,0],"5":[0,0]}}
,"C:\\Users\\djpla\\OneDrive\\Documents\\GitHub\\ECHO\\Frontend\\src\\app\\authcallback\\authcallback.component.ts": {"path":"C:\\Users\\djpla\\OneDrive\\Documents\\GitHub\\ECHO\\Frontend\\src\\app\\authcallback\\authcallback.component.ts","statementMap":{"0":{"start":{"line":1,"column":0},"end":{"line":1,"column":50}},"1":{"start":{"line":2,"column":0},"end":{"line":2,"column":41}},"2":{"start":{"line":3,"column":0},"end":{"line":3,"column":55}},"3":{"start":{"line":4,"column":0},"end":{"line":4,"column":61}},"4":{"start":{"line":5,"column":0},"end":{"line":5,"column":57}},"5":{"start":{"line":6,"column":0},"end":{"line":6,"column":63}},"6":{"start":{"line":20,"column":12},"end":{"line":20,"column":36}},"7":{"start":{"line":21,"column":12},"end":{"line":21,"column":26}},"8":{"start":{"line":22,"column":12},"end":{"line":22,"column":42}},"9":{"start":{"line":23,"column":12},"end":{"line":23,"column":38}},"10":{"start":{"line":24,"column":12},"end":{"line":24,"column":44}},"11":{"start":{"line":28,"column":4},"end":{"line":49,"column":5}},"12":{"start":{"line":29,"column":19},"end":{"line":29,"column":39}},"13":{"start":{"line":30,"column":21},"end":{"line":30,"column":47}},"14":{"start":{"line":32,"column":6},"end":{"line":48,"column":7}},"15":{"start":{"line":33,"column":8},"end":{"line":33,"column":77}},"16":{"start":{"line":34,"column":8},"end":{"line":44,"column":11}},"17":{"start":{"line":36,"column":12},"end":{"line":36,"column":50}},"18":{"start":{"line":37,"column":12},"end":{"line":37,"column":45}},"19":{"start":{"line":38,"column":12},"end":{"line":38,"column":44}},"20":{"start":{"line":41,"column":12},"end":{"line":41,"column":58}},"21":{"start":{"line":42,"column":12},"end":{"line":42,"column":45}},"22":{"start":{"line":46,"column":8},"end":{"line":46,"column":53}},"23":{"start":{"line":47,"column":8},"end":{"line":47,"column":41}},"24":{"start":{"line":53,"column":19},"end":{"line":53,"column":57}},"25":{"start":{"line":54,"column":4},"end":{"line":60,"column":6}},"26":{"start":{"line":18,"column":13},"end":{"line":18,"column":34}},"27":{"start":{"line":18,"column":13},"end":{"line":62,"column":null}}},"fnMap":{"0":{"name":"(anonymous_0)","decl":{"start":{"line":19,"column":2},"end":{"line":19,"column":null}},"loc":{"start":{"line":24,"column":44},"end":{"line":25,"column":6}}},"1":{"name":"(anonymous_1)","decl":{"start":{"line":27,"column":2},"end":{"line":27,"column":10}},"loc":{"start":{"line":27,"column":10},"end":{"line":50,"column":3}}},"2":{"name":"(anonymous_2)","decl":{"start":{"line":35,"column":16},"end":{"line":35,"column":21}},"loc":{"start":{"line":35,"column":35},"end":{"line":39,"column":11}}},"3":{"name":"(anonymous_3)","decl":{"start":{"line":40,"column":17},"end":{"line":40,"column":18}},"loc":{"start":{"line":40,"column":30},"end":{"line":43,"column":11}}},"4":{"name":"(anonymous_4)","decl":{"start":{"line":52,"column":2},"end":{"line":52,"column":17}},"loc":{"start":{"line":52,"column":30},"end":{"line":61,"column":3}}}},"branchMap":{"0":{"loc":{"start":{"line":28,"column":4},"end":{"line":49,"column":5}},"type":"if","locations":[{"start":{"line":28,"column":4},"end":{"line":49,"column":5}}]},"1":{"loc":{"start":{"line":32,"column":6},"end":{"line":48,"column":7}},"type":"if","locations":[{"start":{"line":32,"column":6},"end":{"line":48,"column":7}},{"start":{"line":45,"column":13},"end":{"line":48,"column":7}}]},"2":{"loc":{"start":{"line":32,"column":10},"end":{"line":32,"column":51}},"type":"binary-expr","locations":[{"start":{"line":32,"column":10},"end":{"line":32,"column":28}},{"start":{"line":32,"column":32},"end":{"line":32,"column":51}}]}},"s":{"0":1,"1":1,"2":1,"3":1,"4":1,"5":1,"6":3,"7":3,"8":3,"9":3,"10":3,"11":2,"12":2,"13":2,"14":2,"15":2,"16":2,"17":1,"18":1,"19":1,"20":1,"21":1,"22":0,"23":0,"24":2,"25":2,"26":1,"27":1},"f":{"0":3,"1":2,"2":1,"3":1,"4":2},"b":{"0":[2],"1":[2,0],"2":[2,2]}}
,"C:\\Users\\djpla\\OneDrive\\Documents\\GitHub\\ECHO\\Frontend\\src\\app\\pages\\artist-profile\\artist-profile.component.html": {"path":"C:\\Users\\djpla\\OneDrive\\Documents\\GitHub\\ECHO\\Frontend\\src\\app\\pages\\artist-profile\\artist-profile.component.html","statementMap":{"0":{"start":{"line":1,"column":0},"end":{"line":1,"column":3642}}},"fnMap":{},"branchMap":{},"s":{"0":1},"f":{},"b":{},"_coverageSchema":"1a1c01bbd47fc00a2c39e90264f33305004495a9","hash":"7f2be0ac12caf90c5e7df847e04603d6428c35ab"}
,"C:\\Users\\djpla\\OneDrive\\Documents\\GitHub\\ECHO\\Frontend\\src\\app\\pages\\artist-profile\\artist-profile.component.ts": {"path":"C:\\Users\\djpla\\OneDrive\\Documents\\GitHub\\ECHO\\Frontend\\src\\app\\pages\\artist-profile\\artist-profile.component.ts","statementMap":{"0":{"start":{"line":1,"column":0},"end":{"line":1,"column":42}},"1":{"start":{"line":2,"column":0},"end":{"line":2,"column":71}},"2":{"start":{"line":3,"column":0},"end":{"line":3,"column":48}},"3":{"start":{"line":4,"column":0},"end":{"line":4,"column":76}},"4":{"start":{"line":5,"column":0},"end":{"line":5,"column":60}},"5":{"start":{"line":6,"column":0},"end":{"line":6,"column":58}},"6":{"start":{"line":7,"column":0},"end":{"line":7,"column":41}},"7":{"start":{"line":8,"column":0},"end":{"line":8,"column":65}},"8":{"start":{"line":9,"column":0},"end":{"line":9,"column":91}},"9":{"start":{"line":10,"column":0},"end":{"line":10,"column":59}},"10":{"start":{"line":11,"column":0},"end":{"line":11,"column":55}},"11":{"start":{"line":12,"column":0},"end":{"line":12,"column":105}},"12":{"start":{"line":13,"column":0},"end":{"line":13,"column":53}},"13":{"start":{"line":15,"column":0},"end":{"line":15,"column":79}},"14":{"start":{"line":16,"column":0},"end":{"line":16,"column":47}},"15":{"start":{"line":17,"column":0},"end":{"line":17,"column":82}},"16":{"start":{"line":18,"column":0},"end":{"line":18,"column":64}},"17":{"start":{"line":19,"column":0},"end":{"line":19,"column":76}},"18":{"start":{"line":60,"column":18},"end":{"line":60,"column":44}},"19":{"start":{"line":61,"column":16},"end":{"line":61,"column":40}},"20":{"start":{"line":62,"column":16},"end":{"line":62,"column":30}},"21":{"start":{"line":63,"column":18},"end":{"line":63,"column":35}},"22":{"start":{"line":64,"column":16},"end":{"line":64,"column":52}},"23":{"start":{"line":65,"column":16},"end":{"line":65,"column":46}},"24":{"start":{"line":43,"column":4},"end":{"line":43,"column":33}},"25":{"start":{"line":46,"column":4},"end":{"line":55,"column":8}},"26":{"start":{"line":57,"column":4},"end":{"line":57,"column":26}},"27":{"start":{"line":69,"column":21},"end":{"line":72,"column":8}},"28":{"start":{"line":70,"column":8},"end":{"line":70,"column":52}},"29":{"start":{"line":71,"column":8},"end":{"line":71,"column":54}},"30":{"start":{"line":75,"column":6},"end":{"line":77,"column":9}},"31":{"start":{"line":76,"column":8},"end":{"line":76,"column":37}},"32":{"start":{"line":78,"column":6},"end":{"line":80,"column":7}},"33":{"start":{"line":79,"column":8},"end":{"line":79,"column":41}},"34":{"start":{"line":83,"column":8},"end":{"line":83,"column":40}},"35":{"start":{"line":89,"column":26},"end":{"line":91,"column":10}},"36":{"start":{"line":93,"column":8},"end":{"line":95,"column":11}},"37":{"start":{"line":94,"column":12},"end":{"line":94,"column":49}},"38":{"start":{"line":101,"column":8},"end":{"line":104,"column":9}},"39":{"start":{"line":103,"column":12},"end":{"line":103,"column":56}},"40":{"start":{"line":108,"column":6},"end":{"line":110,"column":9}},"41":{"start":{"line":109,"column":8},"end":{"line":109,"column":56}},"42":{"start":{"line":115,"column":8},"end":{"line":115,"column":44}},"43":{"start":{"line":42,"column":13},"end":{"line":42,"column":35}},"44":{"start":{"line":42,"column":13},"end":{"line":117,"column":null}}},"fnMap":{"0":{"name":"(anonymous_0)","decl":{"start":{"line":59,"column":4},"end":{"line":59,"column":null}},"loc":{"start":{"line":65,"column":46},"end":{"line":66,"column":8}}},"1":{"name":"(anonymous_1)","decl":{"start":{"line":68,"column":4},"end":{"line":68,"column":19}},"loc":{"start":{"line":68,"column":19},"end":{"line":73,"column":5}}},"2":{"name":"(anonymous_2)","decl":{"start":{"line":69,"column":62},"end":{"line":69,"column":63}},"loc":{"start":{"line":69,"column":70},"end":{"line":72,"column":7}}},"3":{"name":"(anonymous_3)","decl":{"start":{"line":74,"column":4},"end":{"line":74,"column":9}},"loc":{"start":{"line":74,"column":18},"end":{"line":81,"column":5}}},"4":{"name":"(anonymous_4)","decl":{"start":{"line":75,"column":51},"end":{"line":75,"column":61}},"loc":{"start":{"line":75,"column":64},"end":{"line":77,"column":7}}},"5":{"name":"(anonymous_5)","decl":{"start":{"line":82,"column":4},"end":{"line":82,"column":15}},"loc":{"start":{"line":82,"column":15},"end":{"line":84,"column":5}}},"6":{"name":"(anonymous_6)","decl":{"start":{"line":86,"column":4},"end":{"line":86,"column":15}},"loc":{"start":{"line":86,"column":30},"end":{"line":86,"column":34}}},"7":{"name":"(anonymous_7)","decl":{"start":{"line":88,"column":4},"end":{"line":88,"column":14}},"loc":{"start":{"line":88,"column":14},"end":{"line":98,"column":5}}},"8":{"name":"(anonymous_8)","decl":{"start":{"line":93,"column":42},"end":{"line":93,"column":43}},"loc":{"start":{"line":93,"column":53},"end":{"line":95,"column":9}}},"9":{"name":"(anonymous_9)","decl":{"start":{"line":100,"column":4},"end":{"line":100,"column":8}},"loc":{"start":{"line":100,"column":8},"end":{"line":105,"column":5}}},"10":{"name":"(anonymous_10)","decl":{"start":{"line":107,"column":4},"end":{"line":107,"column":11}},"loc":{"start":{"line":107,"column":11},"end":{"line":111,"column":5}}},"11":{"name":"(anonymous_11)","decl":{"start":{"line":108,"column":47},"end":{"line":108,"column":48}},"loc":{"start":{"line":108,"column":55},"end":{"line":110,"column":7}}},"12":{"name":"(anonymous_12)","decl":{"start":{"line":113,"column":4},"end":{"line":113,"column":15}},"loc":{"start":{"line":113,"column":28},"end":{"line":116,"column":7}}}},"branchMap":{"0":{"loc":{"start":{"line":78,"column":6},"end":{"line":80,"column":7}},"type":"if","locations":[{"start":{"line":78,"column":6},"end":{"line":80,"column":7}}]},"1":{"loc":{"start":{"line":101,"column":8},"end":{"line":104,"column":9}},"type":"if","locations":[{"start":{"line":101,"column":8},"end":{"line":104,"column":9}}]}},"s":{"0":1,"1":1,"2":1,"3":1,"4":1,"5":1,"6":1,"7":1,"8":1,"9":1,"10":1,"11":1,"12":1,"13":1,"14":1,"15":1,"16":1,"17":1,"18":1,"19":1,"20":1,"21":1,"22":1,"23":1,"24":1,"25":1,"26":1,"27":0,"28":0,"29":0,"30":0,"31":0,"32":0,"33":0,"34":0,"35":0,"36":0,"37":0,"38":0,"39":0,"40":0,"41":0,"42":0,"43":1,"44":1},"f":{"0":1,"1":0,"2":0,"3":0,"4":0,"5":0,"6":0,"7":0,"8":0,"9":0,"10":0,"11":0,"12":0},"b":{"0":[0],"1":[0]}}
,"C:\\Users\\djpla\\OneDrive\\Documents\\GitHub\\ECHO\\Frontend\\src\\app\\pages\\home\\home.component.html": {"path":"C:\\Users\\djpla\\OneDrive\\Documents\\GitHub\\ECHO\\Frontend\\src\\app\\pages\\home\\home.component.html","statementMap":{"0":{"start":{"line":1,"column":0},"end":{"line":1,"column":3083}}},"fnMap":{},"branchMap":{},"s":{"0":1},"f":{},"b":{},"_coverageSchema":"1a1c01bbd47fc00a2c39e90264f33305004495a9","hash":"f861b0cb5b30ba84a718d462c69a82d2dd02d288"}
,"C:\\Users\\djpla\\OneDrive\\Documents\\GitHub\\ECHO\\Frontend\\src\\app\\pages\\home\\home.component.ts": {"path":"C:\\Users\\djpla\\OneDrive\\Documents\\GitHub\\ECHO\\Frontend\\src\\app\\pages\\home\\home.component.ts","statementMap":{"0":{"start":{"line":1,"column":0},"end":{"line":1,"column":49}},"1":{"start":{"line":2,"column":0},"end":{"line":2,"column":109}},"2":{"start":{"line":3,"column":0},"end":{"line":3,"column":71}},"3":{"start":{"line":4,"column":0},"end":{"line":4,"column":62}},"4":{"start":{"line":5,"column":0},"end":{"line":5,"column":81}},"5":{"start":{"line":6,"column":0},"end":{"line":6,"column":76}},"6":{"start":{"line":7,"column":0},"end":{"line":7,"column":58}},"7":{"start":{"line":8,"column":0},"end":{"line":8,"column":41}},"8":{"start":{"line":9,"column":0},"end":{"line":9,"column":68}},"9":{"start":{"line":10,"column":0},"end":{"line":10,"column":64}},"10":{"start":{"line":11,"column":0},"end":{"line":11,"column":79}},"11":{"start":{"line":12,"column":0},"end":{"line":12,"column":82}},"12":{"start":{"line":13,"column":0},"end":{"line":13,"column":70}},"13":{"start":{"line":14,"column":0},"end":{"line":14,"column":95}},"14":{"start":{"line":15,"column":0},"end":{"line":15,"column":66}},"15":{"start":{"line":16,"column":0},"end":{"line":16,"column":67}},"16":{"start":{"line":59,"column":18},"end":{"line":59,"column":44}},"17":{"start":{"line":60,"column":16},"end":{"line":60,"column":40}},"18":{"start":{"line":61,"column":16},"end":{"line":61,"column":30}},"19":{"start":{"line":62,"column":16},"end":{"line":62,"column":46}},"20":{"start":{"line":63,"column":16},"end":{"line":63,"column":52}},"21":{"start":{"line":64,"column":15},"end":{"line":64,"column":39}},"22":{"start":{"line":46,"column":4},"end":{"line":46,"column":27}},"23":{"start":{"line":48,"column":4},"end":{"line":48,"column":37}},"24":{"start":{"line":49,"column":4},"end":{"line":49,"column":29}},"25":{"start":{"line":50,"column":4},"end":{"line":54,"column":8}},"26":{"start":{"line":55,"column":4},"end":{"line":55,"column":39}},"27":{"start":{"line":66,"column":8},"end":{"line":66,"column":61}},"28":{"start":{"line":67,"column":8},"end":{"line":67,"column":79}},"29":{"start":{"line":68,"column":8},"end":{"line":68,"column":81}},"30":{"start":{"line":72,"column":8},"end":{"line":72,"column":40}},"31":{"start":{"line":76,"column":8},"end":{"line":76,"column":28}},"32":{"start":{"line":77,"column":8},"end":{"line":77,"column":76}},"33":{"start":{"line":81,"column":8},"end":{"line":81,"column":35}},"34":{"start":{"line":82,"column":8},"end":{"line":82,"column":30}},"35":{"start":{"line":83,"column":8},"end":{"line":83,"column":64}},"36":{"start":{"line":87,"column":6},"end":{"line":89,"column":9}},"37":{"start":{"line":88,"column":8},"end":{"line":88,"column":37}},"38":{"start":{"line":90,"column":6},"end":{"line":92,"column":7}},"39":{"start":{"line":91,"column":8},"end":{"line":91,"column":41}},"40":{"start":{"line":96,"column":8},"end":{"line":96,"column":34}},"41":{"start":{"line":100,"column":8},"end":{"line":100,"column":119}},"42":{"start":{"line":103,"column":8},"end":{"line":103,"column":43}},"43":{"start":{"line":40,"column":13},"end":{"line":40,"column":26}},"44":{"start":{"line":40,"column":13},"end":{"line":105,"column":null}}},"fnMap":{"0":{"name":"(anonymous_0)","decl":{"start":{"line":58,"column":4},"end":{"line":58,"column":null}},"loc":{"start":{"line":64,"column":39},"end":{"line":69,"column":5}}},"1":{"name":"(anonymous_1)","decl":{"start":{"line":71,"column":4},"end":{"line":71,"column":15}},"loc":{"start":{"line":71,"column":15},"end":{"line":73,"column":5}}},"2":{"name":"(anonymous_2)","decl":{"start":{"line":75,"column":4},"end":{"line":75,"column":15}},"loc":{"start":{"line":75,"column":30},"end":{"line":78,"column":5}}},"3":{"name":"(anonymous_3)","decl":{"start":{"line":80,"column":4},"end":{"line":80,"column":16}},"loc":{"start":{"line":80,"column":31},"end":{"line":84,"column":5}}},"4":{"name":"(anonymous_4)","decl":{"start":{"line":86,"column":4},"end":{"line":86,"column":9}},"loc":{"start":{"line":86,"column":18},"end":{"line":93,"column":5}}},"5":{"name":"(anonymous_5)","decl":{"start":{"line":87,"column":51},"end":{"line":87,"column":61}},"loc":{"start":{"line":87,"column":64},"end":{"line":89,"column":7}}},"6":{"name":"(anonymous_6)","decl":{"start":{"line":95,"column":4},"end":{"line":95,"column":14}},"loc":{"start":{"line":95,"column":28},"end":{"line":97,"column":7}}},"7":{"name":"(anonymous_7)","decl":{"start":{"line":99,"column":4},"end":{"line":99,"column":25}},"loc":{"start":{"line":99,"column":25},"end":{"line":101,"column":5}}},"8":{"name":"(anonymous_8)","decl":{"start":{"line":102,"column":4},"end":{"line":102,"column":11}},"loc":{"start":{"line":102,"column":11},"end":{"line":104,"column":5}}}},"branchMap":{"0":{"loc":{"start":{"line":90,"column":6},"end":{"line":92,"column":7}},"type":"if","locations":[{"start":{"line":90,"column":6},"end":{"line":92,"column":7}}]}},"s":{"0":1,"1":1,"2":1,"3":1,"4":1,"5":1,"6":1,"7":1,"8":1,"9":1,"10":1,"11":1,"12":1,"13":1,"14":1,"15":1,"16":2,"17":2,"18":2,"19":2,"20":2,"21":2,"22":2,"23":2,"24":2,"25":2,"26":2,"27":2,"28":2,"29":2,"30":0,"31":0,"32":0,"33":0,"34":0,"35":0,"36":1,"37":1,"38":1,"39":1,"40":0,"41":0,"42":0,"43":1,"44":1},"f":{"0":2,"1":0,"2":0,"3":0,"4":1,"5":1,"6":0,"7":0,"8":0},"b":{"0":[1]}}
,"C:\\Users\\djpla\\OneDrive\\Documents\\GitHub\\ECHO\\Frontend\\src\\app\\pages\\insights\\insights.component.html": {"path":"C:\\Users\\djpla\\OneDrive\\Documents\\GitHub\\ECHO\\Frontend\\src\\app\\pages\\insights\\insights.component.html","statementMap":{"0":{"start":{"line":1,"column":0},"end":{"line":1,"column":947}}},"fnMap":{},"branchMap":{},"s":{"0":2},"f":{},"b":{},"_coverageSchema":"1a1c01bbd47fc00a2c39e90264f33305004495a9","hash":"dfa7bb0c13a36b4bf95d05326b1c929f15adbeaa"}
,"C:\\Users\\djpla\\OneDrive\\Documents\\GitHub\\ECHO\\Frontend\\src\\app\\pages\\insights\\insights.component.ts": {"path":"C:\\Users\\djpla\\OneDrive\\Documents\\GitHub\\ECHO\\Frontend\\src\\app\\pages\\insights\\insights.component.ts","statementMap":{"0":{"start":{"line":1,"column":0},"end":{"line":1,"column":103}},"1":{"start":{"line":2,"column":0},"end":{"line":2,"column":52}},"2":{"start":{"line":3,"column":0},"end":{"line":3,"column":49}},"3":{"start":{"line":4,"column":0},"end":{"line":4,"column":66}},"4":{"start":{"line":5,"column":0},"end":{"line":5,"column":48}},"5":{"start":{"line":6,"column":0},"end":{"line":6,"column":79}},"6":{"start":{"line":30,"column":43},"end":{"line":30,"column":61}},"7":{"start":{"line":30,"column":70},"end":{"line":30,"column":94}},"8":{"start":{"line":30,"column":104},"end":{"line":30,"column":140}},"9":{"start":{"line":16,"column":11},"end":{"line":16,"column":null}},"10":{"start":{"line":18,"column":10},"end":{"line":18,"column":53}},"11":{"start":{"line":20,"column":9},"end":{"line":20,"column":92}},"12":{"start":{"line":21,"column":9},"end":{"line":21,"column":39}},"13":{"start":{"line":28,"column":10},"end":{"line":28,"column":44}},"14":{"start":{"line":31,"column":4},"end":{"line":31,"column":75}},"15":{"start":{"line":32,"column":4},"end":{"line":32,"column":77}},"16":{"start":{"line":36,"column":4},"end":{"line":41,"column":7}},"17":{"start":{"line":37,"column":6},"end":{"line":37,"column":35}},"18":{"start":{"line":38,"column":6},"end":{"line":40,"column":7}},"19":{"start":{"line":39,"column":8},"end":{"line":39,"column":38}},"20":{"start":{"line":45,"column":4},"end":{"line":53,"column":5}},"21":{"start":{"line":46,"column":26},"end":{"line":46,"column":81}},"22":{"start":{"line":47,"column":6},"end":{"line":52,"column":7}},"23":{"start":{"line":48,"column":8},"end":{"line":51,"column":11}},"24":{"start":{"line":49,"column":10},"end":{"line":49,"column":39}},"25":{"start":{"line":57,"column":4},"end":{"line":59,"column":5}},"26":{"start":{"line":58,"column":6},"end":{"line":58,"column":40}},"27":{"start":{"line":61,"column":20},"end":{"line":61,"column":49}},"28":{"start":{"line":62,"column":4},"end":{"line":62,"column":34}},"29":{"start":{"line":63,"column":4},"end":{"line":63,"column":39}},"30":{"start":{"line":65,"column":18},"end":{"line":65,"column":59}},"31":{"start":{"line":67,"column":4},"end":{"line":67,"column":39}},"32":{"start":{"line":68,"column":4},"end":{"line":68,"column":39}},"33":{"start":{"line":69,"column":4},"end":{"line":69,"column":17}},"34":{"start":{"line":73,"column":4},"end":{"line":136,"column":7}},"35":{"start":{"line":74,"column":6},"end":{"line":135,"column":7}},"36":{"start":{"line":75,"column":28},"end":{"line":75,"column":83}},"37":{"start":{"line":76,"column":8},"end":{"line":132,"column":9}},"38":{"start":{"line":77,"column":10},"end":{"line":77,"column":46}},"39":{"start":{"line":78,"column":10},"end":{"line":80,"column":11}},"40":{"start":{"line":79,"column":12},"end":{"line":79,"column":33}},"41":{"start":{"line":81,"column":10},"end":{"line":128,"column":13}},"42":{"start":{"line":129,"column":10},"end":{"line":129,"column":20}},"43":{"start":{"line":131,"column":10},"end":{"line":131,"column":45}},"44":{"start":{"line":134,"column":8},"end":{"line":134,"column":22}},"45":{"start":{"line":140,"column":4},"end":{"line":140,"column":83}},"46":{"start":{"line":141,"column":4},"end":{"line":143,"column":7}},"47":{"start":{"line":15,"column":13},"end":{"line":15,"column":30}},"48":{"start":{"line":15,"column":13},"end":{"line":145,"column":null}}},"fnMap":{"0":{"name":"(anonymous_0)","decl":{"start":{"line":30,"column":2},"end":{"line":30,"column":15}},"loc":{"start":{"line":30,"column":140},"end":{"line":33,"column":3}}},"1":{"name":"(anonymous_1)","decl":{"start":{"line":35,"column":2},"end":{"line":35,"column":17}},"loc":{"start":{"line":35,"column":17},"end":{"line":42,"column":3}}},"2":{"name":"(anonymous_2)","decl":{"start":{"line":36,"column":49},"end":{"line":36,"column":59}},"loc":{"start":{"line":36,"column":62},"end":{"line":41,"column":5}}},"3":{"name":"(anonymous_3)","decl":{"start":{"line":44,"column":2},"end":{"line":44,"column":20}},"loc":{"start":{"line":44,"column":20},"end":{"line":54,"column":3}}},"4":{"name":"(anonymous_4)","decl":{"start":{"line":48,"column":32},"end":{"line":48,"column":35}},"loc":{"start":{"line":48,"column":37},"end":{"line":50,"column":9}}},"5":{"name":"(anonymous_5)","decl":{"start":{"line":50,"column":17},"end":{"line":50,"column":22}},"loc":{"start":{"line":50,"column":25},"end":{"line":51,"column":9}}},"6":{"name":"(anonymous_6)","decl":{"start":{"line":56,"column":2},"end":{"line":56,"column":18}},"loc":{"start":{"line":56,"column":36},"end":{"line":70,"column":3}}},"7":{"name":"(anonymous_7)","decl":{"start":{"line":72,"column":2},"end":{"line":72,"column":13}},"loc":{"start":{"line":72,"column":13},"end":{"line":137,"column":3}}},"8":{"name":"(anonymous_8)","decl":{"start":{"line":73,"column":23},"end":{"line":73,"column":24}},"loc":{"start":{"line":73,"column":43},"end":{"line":136,"column":5}}},"9":{"name":"(anonymous_9)","decl":{"start":{"line":139,"column":2},"end":{"line":139,"column":15}},"loc":{"start":{"line":139,"column":15},"end":{"line":144,"column":3}}},"10":{"name":"(anonymous_10)","decl":{"start":{"line":141,"column":28},"end":{"line":141,"column":31}},"loc":{"start":{"line":141,"column":33},"end":{"line":142,"column":5}}},"11":{"name":"(anonymous_11)","decl":{"start":{"line":142,"column":13},"end":{"line":142,"column":18}},"loc":{"start":{"line":142,"column":21},"end":{"line":143,"column":5}}}},"branchMap":{"0":{"loc":{"start":{"line":38,"column":6},"end":{"line":40,"column":7}},"type":"if","locations":[{"start":{"line":38,"column":6},"end":{"line":40,"column":7}}]},"1":{"loc":{"start":{"line":45,"column":4},"end":{"line":53,"column":5}},"type":"if","locations":[{"start":{"line":45,"column":4},"end":{"line":53,"column":5}}]},"2":{"loc":{"start":{"line":45,"column":8},"end":{"line":45,"column":68}},"type":"binary-expr","locations":[{"start":{"line":45,"column":8},"end":{"line":45,"column":42}},{"start":{"line":45,"column":46},"end":{"line":45,"column":68}}]},"3":{"loc":{"start":{"line":47,"column":6},"end":{"line":52,"column":7}},"type":"if","locations":[{"start":{"line":47,"column":6},"end":{"line":52,"column":7}}]},"4":{"loc":{"start":{"line":57,"column":4},"end":{"line":59,"column":5}},"type":"if","locations":[{"start":{"line":57,"column":4},"end":{"line":59,"column":5}}]},"5":{"loc":{"start":{"line":76,"column":8},"end":{"line":132,"column":9}},"type":"if","locations":[{"start":{"line":76,"column":8},"end":{"line":132,"column":9}},{"start":{"line":130,"column":15},"end":{"line":132,"column":9}}]},"6":{"loc":{"start":{"line":78,"column":10},"end":{"line":80,"column":11}},"type":"if","locations":[{"start":{"line":78,"column":10},"end":{"line":80,"column":11}}]}},"s":{"0":2,"1":2,"2":2,"3":2,"4":2,"5":2,"6":6,"7":6,"8":6,"9":6,"10":6,"11":6,"12":6,"13":6,"14":6,"15":6,"16":7,"17":7,"18":7,"19":7,"20":7,"21":7,"22":7,"23":1,"24":1,"25":53,"26":0,"27":53,"28":53,"29":53,"30":53,"31":53,"32":53,"33":53,"34":2,"35":2,"36":2,"37":2,"38":2,"39":2,"40":0,"41":2,"42":2,"43":0,"44":0,"45":1,"46":1,"47":2,"48":2},"f":{"0":6,"1":7,"2":7,"3":7,"4":1,"5":0,"6":53,"7":2,"8":2,"9":1,"10":1,"11":0},"b":{"0":[7],"1":[7],"2":[7,7],"3":[1],"4":[0],"5":[2,0],"6":[0]}}
,"C:\\Users\\djpla\\OneDrive\\Documents\\GitHub\\ECHO\\Frontend\\src\\app\\pages\\landing-page\\landing-page.component.html": {"path":"C:\\Users\\djpla\\OneDrive\\Documents\\GitHub\\ECHO\\Frontend\\src\\app\\pages\\landing-page\\landing-page.component.html","statementMap":{"0":{"start":{"line":1,"column":0},"end":{"line":1,"column":42}}},"fnMap":{},"branchMap":{},"s":{"0":1},"f":{},"b":{},"_coverageSchema":"1a1c01bbd47fc00a2c39e90264f33305004495a9","hash":"2e4a82724dc983f48b9fc43ea2416199542ce574"}
,"C:\\Users\\djpla\\OneDrive\\Documents\\GitHub\\ECHO\\Frontend\\src\\app\\pages\\landing-page\\landing-page.component.ts": {"path":"C:\\Users\\djpla\\OneDrive\\Documents\\GitHub\\ECHO\\Frontend\\src\\app\\pages\\landing-page\\landing-page.component.ts","statementMap":{"0":{"start":{"line":1,"column":0},"end":{"line":1,"column":42}},"1":{"start":{"line":9,"column":7},"end":{"line":9,"column":null}},"2":{"start":{"line":9,"column":13},"end":{"line":9,"column":33}},"3":{"start":{"line":9,"column":13},"end":{"line":9,"column":null}}},"fnMap":{},"branchMap":{},"s":{"0":1,"1":1,"2":1,"3":1},"f":{},"b":{}}
,"C:\\Users\\djpla\\OneDrive\\Documents\\GitHub\\ECHO\\Frontend\\src\\app\\pages\\mood\\mood.component.html": {"path":"C:\\Users\\djpla\\OneDrive\\Documents\\GitHub\\ECHO\\Frontend\\src\\app\\pages\\mood\\mood.component.html","statementMap":{"0":{"start":{"line":1,"column":0},"end":{"line":1,"column":2068}}},"fnMap":{},"branchMap":{},"s":{"0":1},"f":{},"b":{},"_coverageSchema":"1a1c01bbd47fc00a2c39e90264f33305004495a9","hash":"211d9bc3b30f4fd6b5183caf24b1da579e9f0440"}
,"C:\\Users\\djpla\\OneDrive\\Documents\\GitHub\\ECHO\\Frontend\\src\\app\\pages\\mood\\mood.component.ts": {"path":"C:\\Users\\djpla\\OneDrive\\Documents\\GitHub\\ECHO\\Frontend\\src\\app\\pages\\mood\\mood.component.ts","statementMap":{"0":{"start":{"line":3,"column":0},"end":{"line":3,"column":50}},"1":{"start":{"line":4,"column":0},"end":{"line":4,"column":81}},"2":{"start":{"line":5,"column":0},"end":{"line":5,"column":79}},"3":{"start":{"line":6,"column":0},"end":{"line":6,"column":66}},"4":{"start":{"line":7,"column":0},"end":{"line":7,"column":71}},"5":{"start":{"line":8,"column":0},"end":{"line":8,"column":41}},"6":{"start":{"line":9,"column":0},"end":{"line":9,"column":82}},"7":{"start":{"line":10,"column":0},"end":{"line":10,"column":64}},"8":{"start":{"line":11,"column":0},"end":{"line":11,"column":93}},"9":{"start":{"line":48,"column":14},"end":{"line":48,"column":50}},"10":{"start":{"line":49,"column":13},"end":{"line":49,"column":37}},"11":{"start":{"line":50,"column":14},"end":{"line":50,"column":28}},"12":{"start":{"line":31,"column":4},"end":{"line":31,"column":27}},"13":{"start":{"line":32,"column":4},"end":{"line":32,"column":29}},"14":{"start":{"line":33,"column":4},"end":{"line":44,"column":6}},"15":{"start":{"line":52,"column":8},"end":{"line":52,"column":79}},"16":{"start":{"line":53,"column":8},"end":{"line":53,"column":81}},"17":{"start":{"line":57,"column":6},"end":{"line":59,"column":9}},"18":{"start":{"line":58,"column":8},"end":{"line":58,"column":37}},"19":{"start":{"line":63,"column":6},"end":{"line":63,"column":47}},"20":{"start":{"line":64,"column":6},"end":{"line":64,"column":27}},"21":{"start":{"line":65,"column":6},"end":{"line":65,"column":51}},"22":{"start":{"line":69,"column":6},"end":{"line":73,"column":8}},"23":{"start":{"line":79,"column":6},"end":{"line":79,"column":33}},"24":{"start":{"line":80,"column":6},"end":{"line":80,"column":28}},"25":{"start":{"line":81,"column":6},"end":{"line":81,"column":62}},"26":{"start":{"line":85,"column":6},"end":{"line":85,"column":41}},"27":{"start":{"line":27,"column":13},"end":{"line":27,"column":26}},"28":{"start":{"line":27,"column":13},"end":{"line":87,"column":null}}},"fnMap":{"0":{"name":"(anonymous_0)","decl":{"start":{"line":47,"column":4},"end":{"line":47,"column":null}},"loc":{"start":{"line":50,"column":28},"end":{"line":54,"column":5}}},"1":{"name":"(anonymous_1)","decl":{"start":{"line":56,"column":4},"end":{"line":56,"column":12}},"loc":{"start":{"line":56,"column":12},"end":{"line":60,"column":5}}},"2":{"name":"(anonymous_2)","decl":{"start":{"line":57,"column":51},"end":{"line":57,"column":61}},"loc":{"start":{"line":57,"column":64},"end":{"line":59,"column":7}}},"3":{"name":"(anonymous_3)","decl":{"start":{"line":62,"column":4},"end":{"line":62,"column":14}},"loc":{"start":{"line":62,"column":30},"end":{"line":66,"column":5}}},"4":{"name":"(anonymous_4)","decl":{"start":{"line":68,"column":4},"end":{"line":68,"column":20}},"loc":{"start":{"line":68,"column":33},"end":{"line":74,"column":5}}},"5":{"name":"(anonymous_5)","decl":{"start":{"line":76,"column":4},"end":{"line":76,"column":15}},"loc":{"start":{"line":76,"column":30},"end":{"line":76,"column":34}}},"6":{"name":"(anonymous_6)","decl":{"start":{"line":78,"column":4},"end":{"line":78,"column":16}},"loc":{"start":{"line":78,"column":31},"end":{"line":82,"column":5}}},"7":{"name":"(anonymous_7)","decl":{"start":{"line":84,"column":4},"end":{"line":84,"column":11}},"loc":{"start":{"line":84,"column":11},"end":{"line":86,"column":5}}}},"branchMap":{},"s":{"0":1,"1":1,"2":1,"3":1,"4":1,"5":1,"6":1,"7":1,"8":1,"9":5,"10":5,"11":5,"12":5,"13":5,"14":5,"15":5,"16":5,"17":5,"18":5,"19":1,"20":1,"21":1,"22":2,"23":1,"24":1,"25":1,"26":1,"27":1,"28":1},"f":{"0":5,"1":5,"2":5,"3":1,"4":2,"5":0,"6":1,"7":1},"b":{}}
,"C:\\Users\\djpla\\OneDrive\\Documents\\GitHub\\ECHO\\Frontend\\src\\app\\pages\\profile\\profile.component.html": {"path":"C:\\Users\\djpla\\OneDrive\\Documents\\GitHub\\ECHO\\Frontend\\src\\app\\pages\\profile\\profile.component.html","statementMap":{"0":{"start":{"line":1,"column":0},"end":{"line":1,"column":7245}}},"fnMap":{},"branchMap":{},"s":{"0":2},"f":{},"b":{},"_coverageSchema":"1a1c01bbd47fc00a2c39e90264f33305004495a9","hash":"6e2765ecfbbad7c72aa0443682bc2dee72f461fd"}
,"C:\\Users\\djpla\\OneDrive\\Documents\\GitHub\\ECHO\\Frontend\\src\\app\\pages\\profile\\profile.component.ts": {"path":"C:\\Users\\djpla\\OneDrive\\Documents\\GitHub\\ECHO\\Frontend\\src\\app\\pages\\profile\\profile.component.ts","statementMap":{"0":{"start":{"line":1,"column":0},"end":{"line":1,"column":57}},"1":{"start":{"line":2,"column":0},"end":{"line":2,"column":71}},"2":{"start":{"line":3,"column":0},"end":{"line":3,"column":71}},"3":{"start":{"line":4,"column":0},"end":{"line":4,"column":76}},"4":{"start":{"line":5,"column":0},"end":{"line":5,"column":60}},"5":{"start":{"line":6,"column":0},"end":{"line":6,"column":58}},"6":{"start":{"line":7,"column":0},"end":{"line":7,"column":41}},"7":{"start":{"line":8,"column":0},"end":{"line":8,"column":65}},"8":{"start":{"line":9,"column":0},"end":{"line":9,"column":91}},"9":{"start":{"line":10,"column":0},"end":{"line":10,"column":59}},"10":{"start":{"line":11,"column":0},"end":{"line":11,"column":55}},"11":{"start":{"line":12,"column":0},"end":{"line":12,"column":105}},"12":{"start":{"line":13,"column":0},"end":{"line":13,"column":53}},"13":{"start":{"line":14,"column":0},"end":{"line":14,"column":79}},"14":{"start":{"line":15,"column":0},"end":{"line":15,"column":82}},"15":{"start":{"line":16,"column":0},"end":{"line":16,"column":64}},"16":{"start":{"line":17,"column":0},"end":{"line":17,"column":66}},"17":{"start":{"line":18,"column":0},"end":{"line":18,"column":76}},"18":{"start":{"line":19,"column":0},"end":{"line":19,"column":66}},"19":{"start":{"line":20,"column":0},"end":{"line":20,"column":79}},"20":{"start":{"line":21,"column":0},"end":{"line":21,"column":96}},"21":{"start":{"line":63,"column":14},"end":{"line":63,"column":40}},"22":{"start":{"line":64,"column":12},"end":{"line":64,"column":36}},"23":{"start":{"line":65,"column":12},"end":{"line":65,"column":26}},"24":{"start":{"line":66,"column":14},"end":{"line":66,"column":31}},"25":{"start":{"line":67,"column":12},"end":{"line":67,"column":48}},"26":{"start":{"line":68,"column":12},"end":{"line":68,"column":42}},"27":{"start":{"line":69,"column":12},"end":{"line":69,"column":44}},"28":{"start":{"line":70,"column":11},"end":{"line":70,"column":35}},"29":{"start":{"line":50,"column":2},"end":{"line":50,"column":45}},"30":{"start":{"line":57,"column":9},"end":{"line":57,"column":37}},"31":{"start":{"line":58,"column":9},"end":{"line":58,"column":39}},"32":{"start":{"line":60,"column":2},"end":{"line":60,"column":24}},"33":{"start":{"line":73,"column":4},"end":{"line":73,"column":57}},"34":{"start":{"line":74,"column":4},"end":{"line":74,"column":75}},"35":{"start":{"line":75,"column":4},"end":{"line":75,"column":77}},"36":{"start":{"line":80,"column":4},"end":{"line":89,"column":5}},"37":{"start":{"line":82,"column":21},"end":{"line":86,"column":8}},"38":{"start":{"line":84,"column":8},"end":{"line":84,"column":52}},"39":{"start":{"line":85,"column":8},"end":{"line":85,"column":54}},"40":{"start":{"line":87,"column":6},"end":{"line":87,"column":27}},"41":{"start":{"line":88,"column":6},"end":{"line":88,"column":26}},"42":{"start":{"line":94,"column":4},"end":{"line":97,"column":7}},"43":{"start":{"line":96,"column":6},"end":{"line":96,"column":35}},"44":{"start":{"line":102,"column":4},"end":{"line":102,"column":36}},"45":{"start":{"line":111,"column":22},"end":{"line":113,"column":6}},"46":{"start":{"line":115,"column":4},"end":{"line":118,"column":7}},"47":{"start":{"line":117,"column":6},"end":{"line":117,"column":43}},"48":{"start":{"line":123,"column":4},"end":{"line":127,"column":5}},"49":{"start":{"line":126,"column":6},"end":{"line":126,"column":50}},"50":{"start":{"line":132,"column":4},"end":{"line":138,"column":5}},"51":{"start":{"line":134,"column":6},"end":{"line":137,"column":9}},"52":{"start":{"line":136,"column":8},"end":{"line":136,"column":56}},"53":{"start":{"line":143,"column":4},"end":{"line":143,"column":40}},"54":{"start":{"line":148,"column":4},"end":{"line":148,"column":62}},"55":{"start":{"line":153,"column":4},"end":{"line":153,"column":64}},"56":{"start":{"line":158,"column":4},"end":{"line":158,"column":42}},"57":{"start":{"line":48,"column":13},"end":{"line":48,"column":29}},"58":{"start":{"line":48,"column":13},"end":{"line":160,"column":null}}},"fnMap":{"0":{"name":"(anonymous_0)","decl":{"start":{"line":62,"column":2},"end":{"line":62,"column":null}},"loc":{"start":{"line":70,"column":35},"end":{"line":76,"column":3}}},"1":{"name":"(anonymous_1)","decl":{"start":{"line":78,"column":2},"end":{"line":78,"column":17}},"loc":{"start":{"line":78,"column":17},"end":{"line":90,"column":3}}},"2":{"name":"(anonymous_2)","decl":{"start":{"line":82,"column":62},"end":{"line":82,"column":63}},"loc":{"start":{"line":82,"column":70},"end":{"line":86,"column":7}}},"3":{"name":"(anonymous_3)","decl":{"start":{"line":92,"column":2},"end":{"line":92,"column":7}},"loc":{"start":{"line":92,"column":16},"end":{"line":98,"column":3}}},"4":{"name":"(anonymous_4)","decl":{"start":{"line":94,"column":49},"end":{"line":94,"column":59}},"loc":{"start":{"line":94,"column":62},"end":{"line":97,"column":5}}},"5":{"name":"(anonymous_5)","decl":{"start":{"line":100,"column":2},"end":{"line":100,"column":13}},"loc":{"start":{"line":100,"column":13},"end":{"line":103,"column":3}}},"6":{"name":"(anonymous_6)","decl":{"start":{"line":105,"column":2},"end":{"line":105,"column":13}},"loc":{"start":{"line":105,"column":28},"end":{"line":107,"column":3}}},"7":{"name":"(anonymous_7)","decl":{"start":{"line":109,"column":2},"end":{"line":109,"column":12}},"loc":{"start":{"line":109,"column":12},"end":{"line":119,"column":3}}},"8":{"name":"(anonymous_8)","decl":{"start":{"line":115,"column":38},"end":{"line":115,"column":39}},"loc":{"start":{"line":115,"column":49},"end":{"line":118,"column":5}}},"9":{"name":"(anonymous_9)","decl":{"start":{"line":121,"column":2},"end":{"line":121,"column":6}},"loc":{"start":{"line":121,"column":6},"end":{"line":128,"column":3}}},"10":{"name":"(anonymous_10)","decl":{"start":{"line":130,"column":2},"end":{"line":130,"column":9}},"loc":{"start":{"line":130,"column":9},"end":{"line":139,"column":3}}},"11":{"name":"(anonymous_11)","decl":{"start":{"line":134,"column":47},"end":{"line":134,"column":48}},"loc":{"start":{"line":134,"column":55},"end":{"line":137,"column":7}}},"12":{"name":"(anonymous_12)","decl":{"start":{"line":141,"column":2},"end":{"line":141,"column":10}},"loc":{"start":{"line":141,"column":10},"end":{"line":144,"column":3}}},"13":{"name":"(anonymous_13)","decl":{"start":{"line":146,"column":2},"end":{"line":146,"column":7}},"loc":{"start":{"line":146,"column":20},"end":{"line":149,"column":3}}},"14":{"name":"(anonymous_14)","decl":{"start":{"line":151,"column":2},"end":{"line":151,"column":7}},"loc":{"start":{"line":151,"column":21},"end":{"line":154,"column":3}}},"15":{"name":"(anonymous_15)","decl":{"start":{"line":156,"column":2},"end":{"line":156,"column":11}},"loc":{"start":{"line":156,"column":22},"end":{"line":159,"column":3}}}},"branchMap":{"0":{"loc":{"start":{"line":80,"column":4},"end":{"line":89,"column":5}},"type":"if","locations":[{"start":{"line":80,"column":4},"end":{"line":89,"column":5}}]},"1":{"loc":{"start":{"line":123,"column":4},"end":{"line":127,"column":5}},"type":"if","locations":[{"start":{"line":123,"column":4},"end":{"line":127,"column":5}}]},"2":{"loc":{"start":{"line":132,"column":4},"end":{"line":138,"column":5}},"type":"if","locations":[{"start":{"line":132,"column":4},"end":{"line":138,"column":5}}]}},"s":{"0":2,"1":2,"2":2,"3":2,"4":2,"5":2,"6":2,"7":2,"8":2,"9":2,"10":2,"11":2,"12":2,"13":2,"14":2,"15":2,"16":2,"17":2,"18":2,"19":2,"20":2,"21":1,"22":1,"23":1,"24":1,"25":1,"26":1,"27":1,"28":1,"29":1,"30":1,"31":1,"32":1,"33":1,"34":1,"35":1,"36":1,"37":0,"38":0,"39":0,"40":0,"41":0,"42":1,"43":1,"44":0,"45":0,"46":0,"47":0,"48":0,"49":0,"50":0,"51":0,"52":0,"53":0,"54":0,"55":0,"56":0,"57":2,"58":2},"f":{"0":1,"1":1,"2":0,"3":1,"4":1,"5":0,"6":0,"7":0,"8":0,"9":0,"10":0,"11":0,"12":0,"13":0,"14":0,"15":0},"b":{"0":[0],"1":[0],"2":[0]}}
,"C:\\Users\\djpla\\OneDrive\\Documents\\GitHub\\ECHO\\Frontend\\src\\app\\pages\\search\\search.component.html": {"path":"C:\\Users\\djpla\\OneDrive\\Documents\\GitHub\\ECHO\\Frontend\\src\\app\\pages\\search\\search.component.html","statementMap":{"0":{"start":{"line":1,"column":0},"end":{"line":1,"column":10085}}},"fnMap":{},"branchMap":{},"s":{"0":2},"f":{},"b":{},"_coverageSchema":"1a1c01bbd47fc00a2c39e90264f33305004495a9","hash":"947410eb754f0bb3b2c0753d0103b121fda9cd0a"}
,"C:\\Users\\djpla\\OneDrive\\Documents\\GitHub\\ECHO\\Frontend\\src\\app\\pages\\search\\search.component.ts": {"path":"C:\\Users\\djpla\\OneDrive\\Documents\\GitHub\\ECHO\\Frontend\\src\\app\\pages\\search\\search.component.ts","statementMap":{"0":{"start":{"line":1,"column":0},"end":{"line":1,"column":57}},"1":{"start":{"line":2,"column":0},"end":{"line":2,"column":68}},"2":{"start":{"line":3,"column":0},"end":{"line":3,"column":69}},"3":{"start":{"line":5,"column":0},"end":{"line":5,"column":79}},"4":{"start":{"line":6,"column":0},"end":{"line":6,"column":62}},"5":{"start":{"line":7,"column":0},"end":{"line":7,"column":41}},"6":{"start":{"line":8,"column":0},"end":{"line":8,"column":71}},"7":{"start":{"line":9,"column":0},"end":{"line":9,"column":82}},"8":{"start":{"line":10,"column":0},"end":{"line":10,"column":82}},"9":{"start":{"line":11,"column":0},"end":{"line":11,"column":66}},"10":{"start":{"line":12,"column":0},"end":{"line":12,"column":64}},"11":{"start":{"line":13,"column":0},"end":{"line":13,"column":66}},"12":{"start":{"line":34,"column":22},"end":{"line":34,"column":58}},"13":{"start":{"line":34,"column":69},"end":{"line":34,"column":95}},"14":{"start":{"line":34,"column":104},"end":{"line":34,"column":118}},"15":{"start":{"line":35,"column":11},"end":{"line":35,"column":35}},"16":{"start":{"line":35,"column":44},"end":{"line":35,"column":72}},"17":{"start":{"line":35,"column":82},"end":{"line":35,"column":112}},"18":{"start":{"line":35,"column":122},"end":{"line":35,"column":154}},"19":{"start":{"line":37,"column":4},"end":{"line":37,"column":57}},"20":{"start":{"line":38,"column":4},"end":{"line":38,"column":75}},"21":{"start":{"line":39,"column":4},"end":{"line":39,"column":77}},"22":{"start":{"line":40,"column":4},"end":{"line":40,"column":49}},"23":{"start":{"line":41,"column":4},"end":{"line":41,"column":55}},"24":{"start":{"line":42,"column":4},"end":{"line":42,"column":56}},"25":{"start":{"line":45,"column":4},"end":{"line":47,"column":7}},"26":{"start":{"line":46,"column":6},"end":{"line":46,"column":35}},"27":{"start":{"line":50,"column":4},"end":{"line":50,"column":24}},"28":{"start":{"line":53,"column":4},"end":{"line":53,"column":31}},"29":{"start":{"line":56,"column":4},"end":{"line":56,"column":36}},"30":{"start":{"line":59,"column":4},"end":{"line":59,"column":39}},"31":{"start":{"line":64,"column":4},"end":{"line":71,"column":5}},"32":{"start":{"line":66,"column":6},"end":{"line":70,"column":9}},"33":{"start":{"line":68,"column":8},"end":{"line":68,"column":27}},"34":{"start":{"line":69,"column":8},"end":{"line":69,"column":58}},"35":{"start":{"line":21,"column":13},"end":{"line":21,"column":28}},"36":{"start":{"line":21,"column":13},"end":{"line":73,"column":null}}},"fnMap":{"0":{"name":"(anonymous_0)","decl":{"start":{"line":34,"column":2},"end":{"line":34,"column":22}},"loc":{"start":{"line":35,"column":154},"end":{"line":43,"column":3}}},"1":{"name":"(anonymous_1)","decl":{"start":{"line":44,"column":2},"end":{"line":44,"column":7}},"loc":{"start":{"line":44,"column":16},"end":{"line":48,"column":3}}},"2":{"name":"(anonymous_2)","decl":{"start":{"line":45,"column":49},"end":{"line":45,"column":59}},"loc":{"start":{"line":45,"column":62},"end":{"line":47,"column":5}}},"3":{"name":"(anonymous_3)","decl":{"start":{"line":49,"column":2},"end":{"line":49,"column":13}},"loc":{"start":{"line":49,"column":28},"end":{"line":51,"column":3}}},"4":{"name":"(anonymous_4)","decl":{"start":{"line":52,"column":2},"end":{"line":52,"column":14}},"loc":{"start":{"line":52,"column":29},"end":{"line":54,"column":3}}},"5":{"name":"(anonymous_5)","decl":{"start":{"line":55,"column":2},"end":{"line":55,"column":13}},"loc":{"start":{"line":55,"column":13},"end":{"line":57,"column":3}}},"6":{"name":"(anonymous_6)","decl":{"start":{"line":58,"column":2},"end":{"line":58,"column":9}},"loc":{"start":{"line":58,"column":9},"end":{"line":60,"column":3}}},"7":{"name":"(anonymous_7)","decl":{"start":{"line":62,"column":2},"end":{"line":62,"column":11}},"loc":{"start":{"line":62,"column":44},"end":{"line":72,"column":3}}},"8":{"name":"(anonymous_8)","decl":{"start":{"line":66,"column":71},"end":{"line":66,"column":76}},"loc":{"start":{"line":66,"column":87},"end":{"line":70,"column":7}}}},"branchMap":{"0":{"loc":{"start":{"line":64,"column":4},"end":{"line":71,"column":5}},"type":"if","locations":[{"start":{"line":64,"column":4},"end":{"line":71,"column":5}}]}},"s":{"0":2,"1":2,"2":2,"3":2,"4":2,"5":2,"6":2,"7":2,"8":2,"9":2,"10":2,"11":2,"12":2,"13":2,"14":2,"15":2,"16":2,"17":2,"18":2,"19":2,"20":2,"21":2,"22":2,"23":2,"24":2,"25":2,"26":2,"27":0,"28":0,"29":0,"30":0,"31":0,"32":0,"33":0,"34":0,"35":2,"36":2},"f":{"0":2,"1":2,"2":2,"3":0,"4":0,"5":0,"6":0,"7":0,"8":0},"b":{"0":[0]}}
,"C:\\Users\\djpla\\OneDrive\\Documents\\GitHub\\ECHO\\Frontend\\src\\app\\pages\\settings\\settings.component.html": {"path":"C:\\Users\\djpla\\OneDrive\\Documents\\GitHub\\ECHO\\Frontend\\src\\app\\pages\\settings\\settings.component.html","statementMap":{"0":{"start":{"line":1,"column":0},"end":{"line":1,"column":3082}}},"fnMap":{},"branchMap":{},"s":{"0":1},"f":{},"b":{},"_coverageSchema":"1a1c01bbd47fc00a2c39e90264f33305004495a9","hash":"c8cac1cc18496d5e5c08cd7b340cf02ff6fa5e60"}
,"C:\\Users\\djpla\\OneDrive\\Documents\\GitHub\\ECHO\\Frontend\\src\\app\\pages\\settings\\settings.component.ts": {"path":"C:\\Users\\djpla\\OneDrive\\Documents\\GitHub\\ECHO\\Frontend\\src\\app\\pages\\settings\\settings.component.ts","statementMap":{"0":{"start":{"line":1,"column":0},"end":{"line":1,"column":42}},"1":{"start":{"line":2,"column":0},"end":{"line":2,"column":60}},"2":{"start":{"line":3,"column":0},"end":{"line":3,"column":57}},"3":{"start":{"line":4,"column":0},"end":{"line":4,"column":91}},"4":{"start":{"line":5,"column":0},"end":{"line":5,"column":64}},"5":{"start":{"line":6,"column":0},"end":{"line":6,"column":79}},"6":{"start":{"line":7,"column":0},"end":{"line":7,"column":88}},"7":{"start":{"line":8,"column":0},"end":{"line":8,"column":82}},"8":{"start":{"line":9,"column":0},"end":{"line":9,"column":88}},"9":{"start":{"line":10,"column":0},"end":{"line":10,"column":91}},"10":{"start":{"line":11,"column":0},"end":{"line":11,"column":88}},"11":{"start":{"line":12,"column":0},"end":{"line":12,"column":66}},"12":{"start":{"line":41,"column":14},"end":{"line":41,"column":40}},"13":{"start":{"line":42,"column":12},"end":{"line":42,"column":42}},"14":{"start":{"line":43,"column":12},"end":{"line":43,"column":48}},"15":{"start":{"line":44,"column":11},"end":{"line":44,"column":35}},"16":{"start":{"line":34,"column":2},"end":{"line":34,"column":36}},"17":{"start":{"line":46,"column":4},"end":{"line":46,"column":57}},"18":{"start":{"line":47,"column":4},"end":{"line":47,"column":75}},"19":{"start":{"line":48,"column":4},"end":{"line":48,"column":77}},"20":{"start":{"line":52,"column":4},"end":{"line":52,"column":36}},"21":{"start":{"line":57,"column":4},"end":{"line":57,"column":37}},"22":{"start":{"line":61,"column":4},"end":{"line":63,"column":7}},"23":{"start":{"line":62,"column":6},"end":{"line":62,"column":35}},"24":{"start":{"line":64,"column":4},"end":{"line":66,"column":5}},"25":{"start":{"line":65,"column":6},"end":{"line":65,"column":39}},"26":{"start":{"line":32,"column":13},"end":{"line":32,"column":30}},"27":{"start":{"line":32,"column":13},"end":{"line":68,"column":null}}},"fnMap":{"0":{"name":"(anonymous_0)","decl":{"start":{"line":40,"column":2},"end":{"line":40,"column":null}},"loc":{"start":{"line":44,"column":35},"end":{"line":49,"column":3}}},"1":{"name":"(anonymous_1)","decl":{"start":{"line":51,"column":2},"end":{"line":51,"column":13}},"loc":{"start":{"line":51,"column":13},"end":{"line":53,"column":3}}},"2":{"name":"(anonymous_2)","decl":{"start":{"line":55,"column":2},"end":{"line":55,"column":14}},"loc":{"start":{"line":55,"column":34},"end":{"line":58,"column":3}}},"3":{"name":"(anonymous_3)","decl":{"start":{"line":60,"column":2},"end":{"line":60,"column":7}},"loc":{"start":{"line":60,"column":16},"end":{"line":67,"column":3}}},"4":{"name":"(anonymous_4)","decl":{"start":{"line":61,"column":49},"end":{"line":61,"column":59}},"loc":{"start":{"line":61,"column":62},"end":{"line":63,"column":5}}}},"branchMap":{"0":{"loc":{"start":{"line":64,"column":4},"end":{"line":66,"column":5}},"type":"if","locations":[{"start":{"line":64,"column":4},"end":{"line":66,"column":5}}]}},"s":{"0":1,"1":1,"2":1,"3":1,"4":1,"5":1,"6":1,"7":1,"8":1,"9":1,"10":1,"11":1,"12":5,"13":5,"14":5,"15":5,"16":5,"17":5,"18":5,"19":5,"20":1,"21":1,"22":7,"23":7,"24":7,"25":7,"26":1,"27":1},"f":{"0":5,"1":1,"2":1,"3":7,"4":7},"b":{"0":[7]}}
,"C:\\Users\\djpla\\OneDrive\\Documents\\GitHub\\ECHO\\Frontend\\src\\app\\pages\\user-library\\user-library.component.html": {"path":"C:\\Users\\djpla\\OneDrive\\Documents\\GitHub\\ECHO\\Frontend\\src\\app\\pages\\user-library\\user-library.component.html","statementMap":{"0":{"start":{"line":1,"column":0},"end":{"line":1,"column":2100}}},"fnMap":{},"branchMap":{},"s":{"0":1},"f":{},"b":{},"_coverageSchema":"1a1c01bbd47fc00a2c39e90264f33305004495a9","hash":"15b030903173d46002a07381b7f52dc4808b2724"}
,"C:\\Users\\djpla\\OneDrive\\Documents\\GitHub\\ECHO\\Frontend\\src\\app\\pages\\user-library\\user-library.component.ts": {"path":"C:\\Users\\djpla\\OneDrive\\Documents\\GitHub\\ECHO\\Frontend\\src\\app\\pages\\user-library\\user-library.component.ts","statementMap":{"0":{"start":{"line":1,"column":0},"end":{"line":1,"column":42}},"1":{"start":{"line":2,"column":0},"end":{"line":2,"column":91}},"2":{"start":{"line":3,"column":0},"end":{"line":3,"column":71}},"3":{"start":{"line":4,"column":0},"end":{"line":4,"column":57}},"4":{"start":{"line":5,"column":0},"end":{"line":5,"column":76}},"5":{"start":{"line":6,"column":0},"end":{"line":6,"column":68}},"6":{"start":{"line":7,"column":0},"end":{"line":7,"column":82}},"7":{"start":{"line":8,"column":0},"end":{"line":8,"column":82}},"8":{"start":{"line":9,"column":0},"end":{"line":9,"column":109}},"9":{"start":{"line":10,"column":0},"end":{"line":10,"column":62}},"10":{"start":{"line":11,"column":0},"end":{"line":11,"column":58}},"11":{"start":{"line":12,"column":0},"end":{"line":12,"column":41}},"12":{"start":{"line":13,"column":0},"end":{"line":13,"column":64}},"13":{"start":{"line":14,"column":0},"end":{"line":14,"column":79}},"14":{"start":{"line":41,"column":16},"end":{"line":41,"column":42}},"15":{"start":{"line":42,"column":14},"end":{"line":42,"column":38}},"16":{"start":{"line":43,"column":14},"end":{"line":43,"column":28}},"17":{"start":{"line":44,"column":14},"end":{"line":44,"column":44}},"18":{"start":{"line":45,"column":14},"end":{"line":45,"column":50}},"19":{"start":{"line":37,"column":2},"end":{"line":37,"column":25}},"20":{"start":{"line":39,"column":2},"end":{"line":39,"column":35}},"21":{"start":{"line":50,"column":4},"end":{"line":50,"column":36}},"22":{"start":{"line":54,"column":4},"end":{"line":54,"column":24}},"23":{"start":{"line":58,"column":4},"end":{"line":60,"column":7}},"24":{"start":{"line":59,"column":6},"end":{"line":59,"column":35}},"25":{"start":{"line":64,"column":4},"end":{"line":64,"column":39}},"26":{"start":{"line":36,"column":13},"end":{"line":36,"column":33}},"27":{"start":{"line":36,"column":13},"end":{"line":67,"column":null}}},"fnMap":{"0":{"name":"(anonymous_0)","decl":{"start":{"line":40,"column":2},"end":{"line":40,"column":null}},"loc":{"start":{"line":45,"column":50},"end":{"line":46,"column":6}}},"1":{"name":"(anonymous_1)","decl":{"start":{"line":49,"column":0},"end":{"line":49,"column":11}},"loc":{"start":{"line":49,"column":11},"end":{"line":51,"column":1}}},"2":{"name":"(anonymous_2)","decl":{"start":{"line":53,"column":0},"end":{"line":53,"column":11}},"loc":{"start":{"line":53,"column":26},"end":{"line":55,"column":1}}},"3":{"name":"(anonymous_3)","decl":{"start":{"line":57,"column":0},"end":{"line":57,"column":8}},"loc":{"start":{"line":57,"column":8},"end":{"line":61,"column":1}}},"4":{"name":"(anonymous_4)","decl":{"start":{"line":58,"column":49},"end":{"line":58,"column":59}},"loc":{"start":{"line":58,"column":62},"end":{"line":60,"column":5}}},"5":{"name":"(anonymous_5)","decl":{"start":{"line":63,"column":0},"end":{"line":63,"column":7}},"loc":{"start":{"line":63,"column":7},"end":{"line":65,"column":1}}}},"branchMap":{},"s":{"0":1,"1":1,"2":1,"3":1,"4":1,"5":1,"6":1,"7":1,"8":1,"9":1,"10":1,"11":1,"12":1,"13":1,"14":2,"15":2,"16":2,"17":2,"18":2,"19":2,"20":2,"21":0,"22":0,"23":2,"24":2,"25":0,"26":1,"27":1},"f":{"0":2,"1":0,"2":0,"3":2,"4":2,"5":0},"b":{}}
,"C:\\Users\\djpla\\OneDrive\\Documents\\GitHub\\ECHO\\Frontend\\src\\app\\services\\auth.service.ts": {"path":"C:\\Users\\djpla\\OneDrive\\Documents\\GitHub\\ECHO\\Frontend\\src\\app\\services\\auth.service.ts","statementMap":{"0":{"start":{"line":1,"column":0},"end":{"line":1,"column":51}},"1":{"start":{"line":2,"column":0},"end":{"line":2,"column":50}},"2":{"start":{"line":4,"column":0},"end":{"line":4,"column":47}},"3":{"start":{"line":5,"column":0},"end":{"line":5,"column":53}},"4":{"start":{"line":13,"column":22},"end":{"line":13,"column":38}},"5":{"start":{"line":13,"column":48},"end":{"line":13,"column":74}},"6":{"start":{"line":13,"column":84},"end":{"line":13,"column":116}},"7":{"start":{"line":11,"column":10},"end":{"line":11,"column":52}},"8":{"start":{"line":18,"column":4},"end":{"line":18,"column":45}},"9":{"start":{"line":19,"column":4},"end":{"line":19,"column":72}},"10":{"start":{"line":24,"column":25},"end":{"line":24,"column":59}},"11":{"start":{"line":25,"column":26},"end":{"line":25,"column":61}},"12":{"start":{"line":26,"column":4},"end":{"line":26,"column":117}},"13":{"start":{"line":31,"column":4},"end":{"line":42,"column":5}},"14":{"start":{"line":33,"column":6},"end":{"line":35,"column":9}},"15":{"start":{"line":34,"column":14},"end":{"line":34,"column":28}},"16":{"start":{"line":39,"column":6},"end":{"line":41,"column":9}},"17":{"start":{"line":40,"column":14},"end":{"line":40,"column":29}},"18":{"start":{"line":47,"column":25},"end":{"line":47,"column":63}},"19":{"start":{"line":48,"column":4},"end":{"line":61,"column":8}},"20":{"start":{"line":51,"column":10},"end":{"line":56,"column":11}},"21":{"start":{"line":52,"column":12},"end":{"line":52,"column":53}},"22":{"start":{"line":53,"column":12},"end":{"line":53,"column":48}},"23":{"start":{"line":55,"column":12},"end":{"line":55,"column":61}},"24":{"start":{"line":59,"column":10},"end":{"line":59,"column":54}},"25":{"start":{"line":66,"column":4},"end":{"line":66,"column":45}},"26":{"start":{"line":67,"column":4},"end":{"line":67,"column":82}},"27":{"start":{"line":72,"column":4},"end":{"line":72,"column":56}},"28":{"start":{"line":77,"column":19},"end":{"line":77,"column":51}},"29":{"start":{"line":78,"column":4},"end":{"line":78,"column":60}},"30":{"start":{"line":83,"column":4},"end":{"line":83,"column":58}},"31":{"start":{"line":88,"column":4},"end":{"line":88,"column":59}},"32":{"start":{"line":93,"column":4},"end":{"line":93,"column":52}},"33":{"start":{"line":10,"column":13},"end":{"line":10,"column":24}},"34":{"start":{"line":10,"column":13},"end":{"line":95,"column":null}}},"fnMap":{"0":{"name":"(anonymous_0)","decl":{"start":{"line":13,"column":2},"end":{"line":13,"column":22}},"loc":{"start":{"line":13,"column":116},"end":{"line":14,"column":3}}},"1":{"name":"(anonymous_1)","decl":{"start":{"line":17,"column":2},"end":{"line":17,"column":8}},"loc":{"start":{"line":17,"column":40},"end":{"line":20,"column":3}}},"2":{"name":"(anonymous_2)","decl":{"start":{"line":23,"column":2},"end":{"line":23,"column":11}},"loc":{"start":{"line":23,"column":11},"end":{"line":27,"column":3}}},"3":{"name":"(anonymous_3)","decl":{"start":{"line":29,"column":2},"end":{"line":29,"column":22}},"loc":{"start":{"line":29,"column":22},"end":{"line":43,"column":3}}},"4":{"name":"(anonymous_4)","decl":{"start":{"line":33,"column":34},"end":{"line":33,"column":35}},"loc":{"start":{"line":33,"column":46},"end":{"line":35,"column":7}}},"5":{"name":"(anonymous_5)","decl":{"start":{"line":39,"column":34},"end":{"line":39,"column":35}},"loc":{"start":{"line":39,"column":46},"end":{"line":41,"column":7}}},"6":{"name":"(anonymous_6)","decl":{"start":{"line":46,"column":2},"end":{"line":46,"column":7}},"loc":{"start":{"line":46,"column":23},"end":{"line":62,"column":3}}},"7":{"name":"(anonymous_7)","decl":{"start":{"line":50,"column":8},"end":{"line":50,"column":9}},"loc":{"start":{"line":50,"column":21},"end":{"line":57,"column":9}}},"8":{"name":"(anonymous_8)","decl":{"start":{"line":58,"column":8},"end":{"line":58,"column":9}},"loc":{"start":{"line":58,"column":18},"end":{"line":60,"column":9}}},"9":{"name":"(anonymous_9)","decl":{"start":{"line":65,"column":2},"end":{"line":65,"column":8}},"loc":{"start":{"line":65,"column":55},"end":{"line":68,"column":3}}},"10":{"name":"(anonymous_10)","decl":{"start":{"line":71,"column":2},"end":{"line":71,"column":9}},"loc":{"start":{"line":71,"column":9},"end":{"line":73,"column":3}}},"11":{"name":"(anonymous_11)","decl":{"start":{"line":76,"column":2},"end":{"line":76,"column":13}},"loc":{"start":{"line":76,"column":13},"end":{"line":79,"column":3}}},"12":{"name":"(anonymous_12)","decl":{"start":{"line":82,"column":2},"end":{"line":82,"column":20}},"loc":{"start":{"line":82,"column":155},"end":{"line":84,"column":3}}},"13":{"name":"(anonymous_13)","decl":{"start":{"line":87,"column":2},"end":{"line":87,"column":18}},"loc":{"start":{"line":87,"column":31},"end":{"line":89,"column":3}}},"14":{"name":"(anonymous_14)","decl":{"start":{"line":92,"column":2},"end":{"line":92,"column":13}},"loc":{"start":{"line":92,"column":13},"end":{"line":94,"column":3}}}},"branchMap":{"0":{"loc":{"start":{"line":31,"column":4},"end":{"line":42,"column":5}},"type":"if","locations":[{"start":{"line":31,"column":4},"end":{"line":42,"column":5}},{"start":{"line":38,"column":4},"end":{"line":42,"column":5}}]},"1":{"loc":{"start":{"line":51,"column":10},"end":{"line":56,"column":11}},"type":"if","locations":[{"start":{"line":51,"column":10},"end":{"line":56,"column":11}},{"start":{"line":54,"column":17},"end":{"line":56,"column":11}}]},"2":{"loc":{"start":{"line":51,"column":14},"end":{"line":51,"column":38}},"type":"binary-expr","locations":[{"start":{"line":51,"column":14},"end":{"line":51,"column":22}},{"start":{"line":51,"column":26},"end":{"line":51,"column":38}}]}},"s":{"0":16,"1":16,"2":16,"3":16,"4":14,"5":14,"6":14,"7":14,"8":1,"9":1,"10":2,"11":2,"12":2,"13":0,"14":0,"15":0,"16":0,"17":0,"18":1,"19":1,"20":1,"21":1,"22":1,"23":0,"24":0,"25":1,"26":1,"27":1,"28":1,"29":1,"30":1,"31":1,"32":1,"33":16,"34":16},"f":{"0":14,"1":1,"2":2,"3":0,"4":0,"5":0,"6":1,"7":1,"8":0,"9":1,"10":1,"11":1,"12":1,"13":1,"14":1},"b":{"0":[0,0],"1":[1,0],"2":[1,1]}}
,"C:\\Users\\djpla\\OneDrive\\Documents\\GitHub\\ECHO\\Frontend\\src\\app\\services\\mood-service.service.ts": {"path":"C:\\Users\\djpla\\OneDrive\\Documents\\GitHub\\ECHO\\Frontend\\src\\app\\services\\mood-service.service.ts","statementMap":{"0":{"start":{"line":1,"column":0},"end":{"line":1,"column":43}},"1":{"start":{"line":8,"column":13},"end":{"line":37,"column":4}},"2":{"start":{"line":39,"column":12},"end":{"line":68,"column":4}},"3":{"start":{"line":69,"column":10},"end":{"line":98,"column":2}},"4":{"start":{"line":100,"column":8},"end":{"line":129,"column":2}},"5":{"start":{"line":132,"column":4},"end":{"line":132,"column":20}},"6":{"start":{"line":136,"column":4},"end":{"line":138,"column":5}},"7":{"start":{"line":137,"column":6},"end":{"line":137,"column":79}},"8":{"start":{"line":142,"column":4},"end":{"line":145,"column":5}},"9":{"start":{"line":143,"column":6},"end":{"line":143,"column":74}},"10":{"start":{"line":144,"column":6},"end":{"line":144,"column":18}},"11":{"start":{"line":146,"column":4},"end":{"line":151,"column":5}},"12":{"start":{"line":147,"column":6},"end":{"line":147,"column":39}},"13":{"start":{"line":149,"column":6},"end":{"line":149,"column":61}},"14":{"start":{"line":150,"column":6},"end":{"line":150,"column":18}},"15":{"start":{"line":154,"column":4},"end":{"line":157,"column":5}},"16":{"start":{"line":155,"column":6},"end":{"line":155,"column":74}},"17":{"start":{"line":156,"column":6},"end":{"line":156,"column":13}},"18":{"start":{"line":158,"column":4},"end":{"line":162,"column":5}},"19":{"start":{"line":159,"column":6},"end":{"line":159,"column":39}},"20":{"start":{"line":161,"column":6},"end":{"line":161,"column":64}},"21":{"start":{"line":166,"column":4},"end":{"line":166,"column":38}},"22":{"start":{"line":169,"column":4},"end":{"line":169,"column":43}},"23":{"start":{"line":172,"column":4},"end":{"line":172,"column":null}},"24":{"start":{"line":175,"column":4},"end":{"line":175,"column":39}},"25":{"start":{"line":178,"column":4},"end":{"line":178,"column":29}},"26":{"start":{"line":182,"column":4},"end":{"line":182,"column":29}},"27":{"start":{"line":183,"column":4},"end":{"line":183,"column":50}},"28":{"start":{"line":186,"column":4},"end":{"line":186,"column":51}},"29":{"start":{"line":6,"column":13},"end":{"line":6,"column":24}},"30":{"start":{"line":6,"column":13},"end":{"line":188,"column":null}}},"fnMap":{"0":{"name":"(anonymous_0)","decl":{"start":{"line":131,"column":2},"end":{"line":131,"column":null}},"loc":{"start":{"line":131,"column":2},"end":{"line":133,"column":3}}},"1":{"name":"(anonymous_1)","decl":{"start":{"line":135,"column":10},"end":{"line":135,"column":18}},"loc":{"start":{"line":135,"column":18},"end":{"line":139,"column":3}}},"2":{"name":"(anonymous_2)","decl":{"start":{"line":141,"column":10},"end":{"line":141,"column":29}},"loc":{"start":{"line":141,"column":41},"end":{"line":152,"column":3}}},"3":{"name":"(anonymous_3)","decl":{"start":{"line":153,"column":10},"end":{"line":153,"column":29}},"loc":{"start":{"line":153,"column":56},"end":{"line":163,"column":3}}},"4":{"name":"(anonymous_4)","decl":{"start":{"line":165,"column":2},"end":{"line":165,"column":25}},"loc":{"start":{"line":165,"column":25},"end":{"line":167,"column":3}}},"5":{"name":"(anonymous_5)","decl":{"start":{"line":168,"column":2},"end":{"line":168,"column":30}},"loc":{"start":{"line":168,"column":30},"end":{"line":170,"column":3}}},"6":{"name":"(anonymous_6)","decl":{"start":{"line":171,"column":2},"end":{"line":171,"column":29}},"loc":{"start":{"line":171,"column":29},"end":{"line":173,"column":3}}},"7":{"name":"(anonymous_7)","decl":{"start":{"line":174,"column":2},"end":{"line":174,"column":26}},"loc":{"start":{"line":174,"column":26},"end":{"line":176,"column":3}}},"8":{"name":"(anonymous_8)","decl":{"start":{"line":177,"column":2},"end":{"line":177,"column":16}},"loc":{"start":{"line":177,"column":16},"end":{"line":179,"column":3}}},"9":{"name":"(anonymous_9)","decl":{"start":{"line":181,"column":2},"end":{"line":181,"column":16}},"loc":{"start":{"line":181,"column":29},"end":{"line":184,"column":3}}},"10":{"name":"(anonymous_10)","decl":{"start":{"line":185,"column":2},"end":{"line":185,"column":13}},"loc":{"start":{"line":185,"column":13},"end":{"line":187,"column":3}}}},"branchMap":{"0":{"loc":{"start":{"line":136,"column":4},"end":{"line":138,"column":5}},"type":"if","locations":[{"start":{"line":136,"column":4},"end":{"line":138,"column":5}}]},"1":{"loc":{"start":{"line":137,"column":26},"end":{"line":137,"column":78}},"type":"binary-expr","locations":[{"start":{"line":137,"column":26},"end":{"line":137,"column":65}},{"start":{"line":137,"column":69},"end":{"line":137,"column":78}}]},"2":{"loc":{"start":{"line":142,"column":4},"end":{"line":145,"column":5}},"type":"if","locations":[{"start":{"line":142,"column":4},"end":{"line":145,"column":5}}]},"3":{"loc":{"start":{"line":154,"column":4},"end":{"line":157,"column":5}},"type":"if","locations":[{"start":{"line":154,"column":4},"end":{"line":157,"column":5}}]}},"s":{"0":28,"1":69,"2":69,"3":69,"4":69,"5":69,"6":69,"7":69,"8":69,"9":0,"10":0,"11":69,"12":69,"13":0,"14":0,"15":1,"16":0,"17":0,"18":1,"19":1,"20":0,"21":109,"22":0,"23":12,"24":64,"25":231,"26":1,"27":1,"28":2,"29":28,"30":28},"f":{"0":69,"1":69,"2":69,"3":1,"4":109,"5":0,"6":12,"7":64,"8":231,"9":1,"10":2},"b":{"0":[69],"1":[69,66],"2":[0],"3":[0]}}
,"C:\\Users\\djpla\\OneDrive\\Documents\\GitHub\\ECHO\\Frontend\\src\\app\\services\\provider.service.ts": {"path":"C:\\Users\\djpla\\OneDrive\\Documents\\GitHub\\ECHO\\Frontend\\src\\app\\services\\provider.service.ts","statementMap":{"0":{"start":{"line":1,"column":0},"end":{"line":1,"column":43}},"1":{"start":{"line":2,"column":0},"end":{"line":2,"column":51}},"2":{"start":{"line":7,"column":7},"end":{"line":32,"column":null}},"3":{"start":{"line":8,"column":10},"end":{"line":8,"column":60}},"4":{"start":{"line":11,"column":4},"end":{"line":13,"column":5}},"5":{"start":{"line":12,"column":6},"end":{"line":12,"column":46}},"6":{"start":{"line":17,"column":4},"end":{"line":23,"column":5}},"7":{"start":{"line":18,"column":16},"end":{"line":18,"column":48}},"8":{"start":{"line":19,"column":6},"end":{"line":21,"column":7}},"9":{"start":{"line":20,"column":8},"end":{"line":20,"column":24}},"10":{"start":{"line":22,"column":6},"end":{"line":22,"column":17}},"11":{"start":{"line":24,"column":4},"end":{"line":24,"column":19}},"12":{"start":{"line":29,"column":4},"end":{"line":30,"column":27}},"13":{"start":{"line":30,"column":6},"end":{"line":30,"column":27}},"14":{"start":{"line":7,"column":13},"end":{"line":7,"column":28}},"15":{"start":{"line":7,"column":13},"end":{"line":32,"column":null}}},"fnMap":{"0":{"name":"(anonymous_0)","decl":{"start":{"line":7,"column":7},"end":{"line":7,"column":13}},"loc":{"start":{"line":7,"column":7},"end":{"line":32,"column":1}}},"1":{"name":"(anonymous_1)","decl":{"start":{"line":10,"column":2},"end":{"line":10,"column":17}},"loc":{"start":{"line":10,"column":31},"end":{"line":14,"column":3}}},"2":{"name":"(anonymous_2)","decl":{"start":{"line":16,"column":2},"end":{"line":16,"column":17}},"loc":{"start":{"line":16,"column":17},"end":{"line":25,"column":3}}},"3":{"name":"(anonymous_3)","decl":{"start":{"line":27,"column":2},"end":{"line":27,"column":7}},"loc":{"start":{"line":27,"column":7},"end":{"line":31,"column":3}}}},"branchMap":{"0":{"loc":{"start":{"line":11,"column":4},"end":{"line":13,"column":5}},"type":"if","locations":[{"start":{"line":11,"column":4},"end":{"line":13,"column":5}}]},"1":{"loc":{"start":{"line":17,"column":4},"end":{"line":23,"column":5}},"type":"if","locations":[{"start":{"line":17,"column":4},"end":{"line":23,"column":5}}]},"2":{"loc":{"start":{"line":19,"column":6},"end":{"line":21,"column":7}},"type":"if","locations":[{"start":{"line":19,"column":6},"end":{"line":21,"column":7}}]},"3":{"loc":{"start":{"line":29,"column":4},"end":{"line":30,"column":27}},"type":"if","locations":[{"start":{"line":29,"column":4},"end":{"line":30,"column":27}}]}},"s":{"0":18,"1":18,"2":18,"3":13,"4":1,"5":1,"6":4,"7":4,"8":4,"9":3,"10":4,"11":0,"12":1,"13":1,"14":18,"15":18},"f":{"0":13,"1":1,"2":4,"3":1},"b":{"0":[1],"1":[4],"2":[3],"3":[1]}}
,"C:\\Users\\djpla\\OneDrive\\Documents\\GitHub\\ECHO\\Frontend\\src\\app\\services\\screen-size-service.service.ts": {"path":"C:\\Users\\djpla\\OneDrive\\Documents\\GitHub\\ECHO\\Frontend\\src\\app\\services\\screen-size-service.service.ts","statementMap":{"0":{"start":{"line":1,"column":0},"end":{"line":1,"column":64}},"1":{"start":{"line":2,"column":0},"end":{"line":2,"column":49}},"2":{"start":{"line":3,"column":0},"end":{"line":3,"column":48}},"3":{"start":{"line":4,"column":0},"end":{"line":4,"column":52}},"4":{"start":{"line":11,"column":4},"end":{"line":11,"column":96}},"5":{"start":{"line":16,"column":43},"end":{"line":16,"column":61}},"6":{"start":{"line":17,"column":4},"end":{"line":24,"column":5}},"7":{"start":{"line":18,"column":6},"end":{"line":21,"column":8}},"8":{"start":{"line":20,"column":18},"end":{"line":20,"column":40}},"9":{"start":{"line":23,"column":6},"end":{"line":23,"column":39}},"10":{"start":{"line":9,"column":13},"end":{"line":9,"column":30}},"11":{"start":{"line":9,"column":13},"end":{"line":26,"column":null}}},"fnMap":{"0":{"name":"(anonymous_0)","decl":{"start":{"line":10,"column":10},"end":{"line":10,"column":25}},"loc":{"start":{"line":10,"column":25},"end":{"line":12,"column":3}}},"1":{"name":"(anonymous_1)","decl":{"start":{"line":16,"column":2},"end":{"line":16,"column":15}},"loc":{"start":{"line":16,"column":61},"end":{"line":25,"column":3}}},"2":{"name":"(anonymous_2)","decl":{"start":{"line":20,"column":12},"end":{"line":20,"column":15}},"loc":{"start":{"line":20,"column":18},"end":{"line":20,"column":40}}}},"branchMap":{"0":{"loc":{"start":{"line":11,"column":11},"end":{"line":11,"column":95}},"type":"cond-expr","locations":[{"start":{"line":11,"column":75},"end":{"line":11,"column":83}},{"start":{"line":11,"column":86},"end":{"line":11,"column":95}}]},"1":{"loc":{"start":{"line":11,"column":11},"end":{"line":11,"column":72}},"type":"binary-expr","locations":[{"start":{"line":11,"column":11},"end":{"line":11,"column":45}},{"start":{"line":11,"column":49},"end":{"line":11,"column":72}}]},"2":{"loc":{"start":{"line":17,"column":4},"end":{"line":24,"column":5}},"type":"if","locations":[{"start":{"line":17,"column":4},"end":{"line":24,"column":5}},{"start":{"line":22,"column":11},"end":{"line":24,"column":5}}]}},"s":{"0":15,"1":15,"2":15,"3":15,"4":48,"5":17,"6":17,"7":17,"8":31,"9":0,"10":15,"11":15},"f":{"0":48,"1":17,"2":31},"b":{"0":[1,47],"1":[48,48],"2":[17,0]}}
,"C:\\Users\\djpla\\OneDrive\\Documents\\GitHub\\ECHO\\Frontend\\src\\app\\services\\search.service.ts": {"path":"C:\\Users\\djpla\\OneDrive\\Documents\\GitHub\\ECHO\\Frontend\\src\\app\\services\\search.service.ts","statementMap":{"0":{"start":{"line":1,"column":0},"end":{"line":1,"column":43}},"1":{"start":{"line":2,"column":0},"end":{"line":2,"column":50}},"2":{"start":{"line":3,"column":0},"end":{"line":3,"column":51}},"3":{"start":{"line":4,"column":0},"end":{"line":4,"column":37}},"4":{"start":{"line":5,"column":0},"end":{"line":5,"column":47}},"5":{"start":{"line":59,"column":22},"end":{"line":59,"column":44}},"6":{"start":{"line":59,"column":54},"end":{"line":59,"column":80}},"7":{"start":{"line":59,"column":90},"end":{"line":59,"column":106}},"8":{"start":{"line":51,"column":10},"end":{"line":51,"column":65}},"9":{"start":{"line":52,"column":10},"end":{"line":52,"column":64}},"10":{"start":{"line":53,"column":10},"end":{"line":53,"column":120}},"11":{"start":{"line":55,"column":2},"end":{"line":55,"column":58}},"12":{"start":{"line":56,"column":2},"end":{"line":56,"column":56}},"13":{"start":{"line":57,"column":2},"end":{"line":57,"column":52}},"14":{"start":{"line":66,"column":4},"end":{"line":77,"column":8}},"15":{"start":{"line":70,"column":10},"end":{"line":70,"column":49}},"16":{"start":{"line":71,"column":10},"end":{"line":71,"column":51}},"17":{"start":{"line":72,"column":10},"end":{"line":75,"column":11}},"18":{"start":{"line":74,"column":12},"end":{"line":74,"column":51}},"19":{"start":{"line":83,"column":4},"end":{"line":90,"column":8}},"20":{"start":{"line":87,"column":10},"end":{"line":87,"column":48}},"21":{"start":{"line":88,"column":10},"end":{"line":88,"column":51}},"22":{"start":{"line":96,"column":4},"end":{"line":96,"column":30}},"23":{"start":{"line":102,"column":4},"end":{"line":102,"column":27}},"24":{"start":{"line":108,"column":4},"end":{"line":108,"column":29}},"25":{"start":{"line":116,"column":25},"end":{"line":116,"column":59}},"26":{"start":{"line":117,"column":26},"end":{"line":117,"column":61}},"27":{"start":{"line":119,"column":21},"end":{"line":124,"column":18}},"28":{"start":{"line":127,"column":4},"end":{"line":145,"column":5}},"29":{"start":{"line":129,"column":21},"end":{"line":138,"column":22}},"30":{"start":{"line":129,"column":58},"end":{"line":138,"column":22}},"31":{"start":{"line":140,"column":6},"end":{"line":140,"column":20}},"32":{"start":{"line":144,"column":6},"end":{"line":144,"column":52}},"33":{"start":{"line":151,"column":21},"end":{"line":153,"column":18}},"34":{"start":{"line":155,"column":4},"end":{"line":173,"column":5}},"35":{"start":{"line":157,"column":24},"end":{"line":157,"column":37}},"36":{"start":{"line":158,"column":28},"end":{"line":158,"column":45}},"37":{"start":{"line":159,"column":25},"end":{"line":159,"column":44}},"38":{"start":{"line":160,"column":21},"end":{"line":166,"column":23}},"39":{"start":{"line":160,"column":58},"end":{"line":166,"column":23}},"40":{"start":{"line":168,"column":6},"end":{"line":168,"column":20}},"41":{"start":{"line":172,"column":6},"end":{"line":172,"column":80}},"42":{"start":{"line":179,"column":21},"end":{"line":181,"column":18}},"43":{"start":{"line":183,"column":4},"end":{"line":204,"column":5}},"44":{"start":{"line":185,"column":25},"end":{"line":185,"column":38}},"45":{"start":{"line":186,"column":26},"end":{"line":186,"column":40}},"46":{"start":{"line":187,"column":24},"end":{"line":192,"column":18}},"47":{"start":{"line":187,"column":64},"end":{"line":192,"column":18}},"48":{"start":{"line":193,"column":21},"end":{"line":198,"column":23}},"49":{"start":{"line":193,"column":58},"end":{"line":198,"column":23}},"50":{"start":{"line":199,"column":6},"end":{"line":199,"column":94}},"51":{"start":{"line":203,"column":6},"end":{"line":203,"column":81}},"52":{"start":{"line":48,"column":13},"end":{"line":48,"column":26}},"53":{"start":{"line":48,"column":13},"end":{"line":208,"column":
[...]
,"column":5}}},"19":{"name":"(anonymous_19)","decl":{"start":{"line":132,"column":13},"end":{"line":132,"column":18}},"loc":{"start":{"line":132,"column":21},"end":{"line":134,"column":5}}},"20":{"name":"(anonymous_20)","decl":{"start":{"line":137,"column":10},"end":{"line":137,"column":22}},"loc":{"start":{"line":137,"column":54},"end":{"line":142,"column":3}}},"21":{"name":"(anonymous_21)","decl":{"start":{"line":144,"column":2},"end":{"line":144,"column":12}},"loc":{"start":{"line":144,"column":12},"end":{"line":146,"column":3}}}},"branchMap":{"0":{"loc":{"start":{"line":56,"column":4},"end":{"line":60,"column":5}},"type":"if","locations":[{"start":{"line":56,"column":4},"end":{"line":60,"column":5}},{"start":{"line":58,"column":9},"end":{"line":60,"column":5}}]},"1":{"loc":{"start":{"line":64,"column":4},"end":{"line":68,"column":5}},"type":"if","locations":[{"start":{"line":64,"column":4},"end":{"line":68,"column":5}}]},"2":{"loc":{"start":{"line":74,"column":4},"end":{"line":82,"column":5}},"type":"if","locations":[{"start":{"line":74,"column":4},"end":{"line":82,"column":5}}]},"3":{"loc":{"start":{"line":86,"column":4},"end":{"line":103,"column":5}},"type":"if","locations":[{"start":{"line":86,"column":4},"end":{"line":103,"column":5}}]},"4":{"loc":{"start":{"line":90,"column":10},"end":{"line":98,"column":11}},"type":"if","locations":[{"start":{"line":90,"column":10},"end":{"line":98,"column":11}}]},"5":{"loc":{"start":{"line":107,"column":11},"end":{"line":109,"column":36}},"type":"cond-expr","locations":[{"start":{"line":108,"column":8},"end":{"line":108,"column":27}},{"start":{"line":109,"column":8},"end":{"line":109,"column":36}}]},"6":{"loc":{"start":{"line":122,"column":4},"end":{"line":124,"column":5}},"type":"if","locations":[{"start":{"line":122,"column":4},"end":{"line":124,"column":5}}]},"7":{"loc":{"start":{"line":138,"column":4},"end":{"line":140,"column":5}},"type":"if","locations":[{"start":{"line":138,"column":4},"end":{"line":140,"column":5}}]}},"s":{"0":7,"1":7,"2":7,"3":7,"4":7,"5":7,"6":7,"7":7,"8":7,"9":7,"10":7,"11":7,"12":9,"13":9,"14":9,"15":9,"16":9,"17":9,"18":9,"19":9,"20":9,"21":9,"22":9,"23":9,"24":9,"25":9,"26":9,"27":9,"28":9,"29":9,"30":9,"31":3,"32":1,"33":1,"34":1,"35":0,"36":1,"37":10,"38":9,"39":9,"40":9,"41":10,"42":10,"43":10,"44":10,"45":10,"46":10,"47":0,"48":9,"49":9,"50":9,"51":0,"52":0,"53":0,"54":0,"55":0,"56":0,"57":2,"58":1,"59":10,"60":1,"61":1,"62":1,"63":0,"64":0,"65":0,"66":0,"67":0,"68":0,"69":0,"70":0,"71":0,"72":7,"73":7},"f":{"0":9,"1":3,"2":1,"3":10,"4":10,"5":10,"6":9,"7":9,"8":0,"9":0,"10":0,"11":0,"12":2,"13":1,"14":10,"15":1,"16":1,"17":0,"18":0,"19":0,"20":0,"21":0},"b":{"0":[1,0],"1":[9],"2":[10],"3":[9],"4":[0],"5":[2,0],"6":[1],"7":[0]}}
,"C:\\Users\\djpla\\OneDrive\\Documents\\GitHub\\ECHO\\Frontend\\src\\app\\shared\\song-recommendation\\song-recommendation.component.html": {"path":"C:\\Users\\djpla\\OneDrive\\Documents\\GitHub\\ECHO\\Frontend\\src\\app\\shared\\song-recommendation\\song-recommendation.component.html","statementMap":{"0":{"start":{"line":1,"column":0},"end":{"line":1,"column":2168}}},"fnMap":{},"branchMap":{},"s":{"0":3},"f":{},"b":{},"_coverageSchema":"1a1c01bbd47fc00a2c39e90264f33305004495a9","hash":"0b8291ca421cdb68ec7a0ae681ed8a8eb18b080f"}
,"C:\\Users\\djpla\\OneDrive\\Documents\\GitHub\\ECHO\\Frontend\\src\\app\\shared\\song-recommendation\\song-recommendation.component.ts": {"path":"C:\\Users\\djpla\\OneDrive\\Documents\\GitHub\\ECHO\\Frontend\\src\\app\\shared\\song-recommendation\\song-recommendation.component.ts","statementMap":{"0":{"start":{"line":1,"column":0},"end":{"line":1,"column":42}},"1":{"start":{"line":2,"column":0},"end":{"line":2,"column":47}},"2":{"start":{"line":11,"column":7},"end":{"line":47,"column":null}},"3":{"start":{"line":12,"column":4},"end":{"line":12,"column":48}},"4":{"start":{"line":14,"column":4},"end":{"line":14,"column":49}},"5":{"start":{"line":16,"column":4},"end":{"line":22,"column":6}},"6":{"start":{"line":24,"column":4},"end":{"line":46,"column":6}},"7":{"start":{"line":11,"column":13},"end":{"line":11,"column":40}},"8":{"start":{"line":11,"column":13},"end":{"line":47,"column":null}}},"fnMap":{"0":{"name":"(anonymous_0)","decl":{"start":{"line":11,"column":7},"end":{"line":11,"column":13}},"loc":{"start":{"line":11,"column":7},"end":{"line":47,"column":1}}}},"branchMap":{},"s":{"0":3,"1":3,"2":3,"3":1,"4":1,"5":1,"6":1,"7":3,"8":3},"f":{"0":1},"b":{}}
,"C:\\Users\\djpla\\OneDrive\\Documents\\GitHub\\ECHO\\Frontend\\src\\app\\shared\\song-view\\song-view.component.html": {"path":"C:\\Users\\djpla\\OneDrive\\Documents\\GitHub\\ECHO\\Frontend\\src\\app\\shared\\song-view\\song-view.component.html","statementMap":{"0":{"start":{"line":1,"column":0},"end":{"line":1,"column":2365}}},"fnMap":{},"branchMap":{},"s":{"0":4},"f":{},"b":{},"_coverageSchema":"1a1c01bbd47fc00a2c39e90264f33305004495a9","hash":"d48f24904e4aa87b6792e10a3c8315e13c675510"}
,"C:\\Users\\djpla\\OneDrive\\Documents\\GitHub\\ECHO\\Frontend\\src\\app\\shared\\song-view\\song-view.component.ts": {"path":"C:\\Users\\djpla\\OneDrive\\Documents\\GitHub\\ECHO\\Frontend\\src\\app\\shared\\song-view\\song-view.component.ts","statementMap":{"0":{"start":{"line":1,"column":0},"end":{"line":1,"column":49}},"1":{"start":{"line":2,"column":0},"end":{"line":2,"column":56}},"2":{"start":{"line":3,"column":0},"end":{"line":3,"column":47}},"3":{"start":{"line":15,"column":21},"end":{"line":15,"column":63}},"4":{"start":{"line":18,"column":4},"end":{"line":18,"column":27}},"5":{"start":{"line":12,"column":13},"end":{"line":12,"column":30}},"6":{"start":{"line":12,"column":13},"end":{"line":20,"column":null}}},"fnMap":{"0":{"name":"(anonymous_0)","decl":{"start":{"line":15,"column":2},"end":{"line":15,"column":21}},"loc":{"start":{"line":15,"column":63},"end":{"line":15,"column":67}}},"1":{"name":"(anonymous_1)","decl":{"start":{"line":17,"column":2},"end":{"line":17,"column":12}},"loc":{"start":{"line":17,"column":12},"end":{"line":19,"column":3}}}},"branchMap":{},"s":{"0":4,"1":4,"2":4,"3":1,"4":0,"5":4,"6":4},"f":{"0":1,"1":0},"b":{}}
,"C:\\Users\\djpla\\OneDrive\\Documents\\GitHub\\ECHO\\Frontend\\src\\app\\shared\\spotify-login\\spotify-login.component.html": {"path":"C:\\Users\\djpla\\OneDrive\\Documents\\GitHub\\ECHO\\Frontend\\src\\app\\shared\\spotify-login\\spotify-login.component.html","statementMap":{"0":{"start":{"line":1,"column":0},"end":{"line":1,"column":345}}},"fnMap":{},"branchMap":{},"s":{"0":1},"f":{},"b":{},"_coverageSchema":"1a1c01bbd47fc00a2c39e90264f33305004495a9","hash":"d8ca9c94ce3ff086277ce42b201754c914cba56a"}
,"C:\\Users\\djpla\\OneDrive\\Documents\\GitHub\\ECHO\\Frontend\\src\\app\\shared\\spotify-login\\spotify-login.component.ts": {"path":"C:\\Users\\djpla\\OneDrive\\Documents\\GitHub\\ECHO\\Frontend\\src\\app\\shared\\spotify-login\\spotify-login.component.ts","statementMap":{"0":{"start":{"line":1,"column":0},"end":{"line":1,"column":42}},"1":{"start":{"line":2,"column":0},"end":{"line":2,"column":66}},"2":{"start":{"line":13,"column":22},"end":{"line":13,"column":54}},"3":{"start":{"line":17,"column":4},"end":{"line":17,"column":52}},"4":{"start":{"line":18,"column":4},"end":{"line":18,"column":43}},"5":{"start":{"line":11,"column":13},"end":{"line":11,"column":34}},"6":{"start":{"line":11,"column":13},"end":{"line":20,"column":null}}},"fnMap":{"0":{"name":"(anonymous_0)","decl":{"start":{"line":13,"column":2},"end":{"line":13,"column":22}},"loc":{"start":{"line":13,"column":54},"end":{"line":14,"column":3}}},"1":{"name":"(anonymous_1)","decl":{"start":{"line":16,"column":2},"end":{"line":16,"column":18}},"loc":{"start":{"line":16,"column":18},"end":{"line":19,"column":3}}}},"branchMap":{},"s":{"0":1,"1":1,"2":3,"3":2,"4":2,"5":1,"6":1},"f":{"0":3,"1":2},"b":{}}
,"C:\\Users\\djpla\\OneDrive\\Documents\\GitHub\\ECHO\\Frontend\\src\\app\\shared\\svg-icon\\svg-icon.component.html": {"path":"C:\\Users\\djpla\\OneDrive\\Documents\\GitHub\\ECHO\\Frontend\\src\\app\\shared\\svg-icon\\svg-icon.component.html","statementMap":{"0":{"start":{"line":1,"column":0},"end":{"line":1,"column":424}}},"fnMap":{},"branchMap":{},"s":{"0":8},"f":{},"b":{},"_coverageSchema":"1a1c01bbd47fc00a2c39e90264f33305004495a9","hash":"145f39b2452b17bed5985b09a60be50397ff1c49"}
,"C:\\Users\\djpla\\OneDrive\\Documents\\GitHub\\ECHO\\Frontend\\src\\app\\shared\\svg-icon\\svg-icon.component.ts": {"path":"C:\\Users\\djpla\\OneDrive\\Documents\\GitHub\\ECHO\\Frontend\\src\\app\\shared\\svg-icon\\svg-icon.component.ts","statementMap":{"0":{"start":{"line":1,"column":0},"end":{"line":1,"column":71}},"1":{"start":{"line":2,"column":0},"end":{"line":2,"column":47}},"2":{"start":{"line":3,"column":0},"end":{"line":3,"column":62}},"3":{"start":{"line":4,"column":0},"end":{"line":4,"column":66}},"4":{"start":{"line":21,"column":24},"end":{"line":21,"column":50}},"5":{"start":{"line":21,"column":59},"end":{"line":21,"column":83}},"6":{"start":{"line":20,"column":14},"end":{"line":20,"column":null}},"7":{"start":{"line":24,"column":8},"end":{"line":24,"column":79}},"8":{"start":{"line":27,"column":8},"end":{"line":27,"column":29}},"9":{"start":{"line":31,"column":8},"end":{"line":33,"column":38}},"10":{"start":{"line":13,"column":13},"end":{"line":13,"column":29}},"11":{"start":{"line":13,"column":13},"end":{"line":35,"column":null}}},"fnMap":{"0":{"name":"(anonymous_0)","decl":{"start":{"line":21,"column":4},"end":{"line":21,"column":24}},"loc":{"start":{"line":21,"column":83},"end":{"line":21,"column":87}}},"1":{"name":"(anonymous_1)","decl":{"start":{"line":23,"column":4},"end":{"line":23,"column":12}},"loc":{"start":{"line":23,"column":12},"end":{"line":25,"column":5}}},"2":{"name":"(anonymous_2)","decl":{"start":{"line":26,"column":4},"end":{"line":26,"column":11}},"loc":{"start":{"line":26,"column":11},"end":{"line":28,"column":5}}},"3":{"name":"(anonymous_3)","decl":{"start":{"line":30,"column":4},"end":{"line":30,"column":15}},"loc":{"start":{"line":30,"column":15},"end":{"line":34,"column":5}}}},"branchMap":{"0":{"loc":{"start":{"line":31,"column":15},"end":{"line":33,"column":37}},"type":"cond-expr","locations":[{"start":{"line":32,"column":14},"end":{"line":32,"column":74}},{"start":{"line":33,"column":14},"end":{"line":33,"column":37}}]}},"s":{"0":8,"1":8,"2":8,"3":8,"4":35,"5":35,"6":35,"7":35,"8":1,"9":22,"10":8,"11":8},"f":{"0":35,"1":35,"2":1,"3":22},"b":{"0":[22,0]}}
,"C:\\Users\\djpla\\OneDrive\\Documents\\GitHub\\ECHO\\Frontend\\src\\app\\shared\\toast\\toast.component.html": {"path":"C:\\Users\\djpla\\OneDrive\\Documents\\GitHub\\ECHO\\Frontend\\src\\app\\shared\\toast\\toast.component.html","statementMap":{"0":{"start":{"line":1,"column":0},"end":{"line":1,"column":2763}}},"fnMap":{},"branchMap":{},"s":{"0":1},"f":{},"b":{},"_coverageSchema":"1a1c01bbd47fc00a2c39e90264f33305004495a9","hash":"b94e2eddc0085d36a37114aa919edc56c3df2fdc"}
,"C:\\Users\\djpla\\OneDrive\\Documents\\GitHub\\ECHO\\Frontend\\src\\app\\shared\\toast\\toast.component.ts": {"path":"C:\\Users\\djpla\\OneDrive\\Documents\\GitHub\\ECHO\\Frontend\\src\\app\\shared\\toast\\toast.component.ts","statementMap":{"0":{"start":{"line":1,"column":0},"end":{"line":1,"column":71}},"1":{"start":{"line":2,"column":0},"end":{"line":2,"column":47}},"2":{"start":{"line":12,"column":11},"end":{"line":12,"column":null}},"3":{"start":{"line":13,"column":11},"end":{"line":13,"column":null}},"4":{"start":{"line":14,"column":12},"end":{"line":14,"column":null}},"5":{"start":{"line":15,"column":2},"end":{"line":15,"column":29}},"6":{"start":{"line":23,"column":4},"end":{"line":23,"column":27}},"7":{"start":{"line":24,"column":4},"end":{"line":24,"column":21}},"8":{"start":{"line":25,"column":4},"end":{"line":25,"column":26}},"9":{"start":{"line":26,"column":4},"end":{"line":29,"column":13}},"10":{"start":{"line":27,"column":6},"end":{"line":27,"column":29}},"11":{"start":{"line":28,"column":6},"end":{"line":28,"column":24}},"12":{"start":{"line":33,"column":4},"end":{"line":33,"column":27}},"13":{"start":{"line":34,"column":4},"end":{"line":34,"column":22}},"14":{"start":{"line":39,"column":4},"end":{"line":44,"column":6}},"15":{"start":{"line":11,"column":13},"end":{"line":11,"column":27}},"16":{"start":{"line":11,"column":13},"end":{"line":46,"column":null}}},"fnMap":{"0":{"name":"(anonymous_0)","decl":{"start":{"line":17,"column":2},"end":{"line":17,"column":18}},"loc":{"start":{"line":17,"column":2},"end":{"line":17,"column":19}}},"1":{"name":"(anonymous_1)","decl":{"start":{"line":19,"column":2},"end":{"line":19,"column":10}},"loc":{"start":{"line":19,"column":10},"end":{"line":20,"column":3}}},"2":{"name":"(anonymous_2)","decl":{"start":{"line":22,"column":2},"end":{"line":22,"column":11}},"loc":{"start":{"line":22,"column":66},"end":{"line":30,"column":3}}},"3":{"name":"(anonymous_3)","decl":{"start":{"line":26,"column":15},"end":{"line":26,"column":18}},"loc":{"start":{"line":26,"column":20},"end":{"line":29,"column":5}}},"4":{"name":"(anonymous_4)","decl":{"start":{"line":32,"column":2},"end":{"line":32,"column":11}},"loc":{"start":{"line":32,"column":11},"end":{"line":35,"column":3}}},"5":{"name":"(anonymous_5)","decl":{"start":{"line":38,"column":2},"end":{"line":38,"column":17}},"loc":{"start":{"line":38,"column":17},"end":{"line":45,"column":3}}}},"branchMap":{"0":{"loc":{"start":{"line":22,"column":12},"end":{"line":22,"column":30}},"type":"default-arg","locations":[{"start":{"line":22,"column":28},"end":{"line":22,"column":30}}]}},"s":{"0":1,"1":1,"2":8,"3":8,"4":8,"5":8,"6":2,"7":2,"8":2,"9":2,"10":2,"11":2,"12":1,"13":1,"14":3,"15":1,"16":1},"f":{"0":8,"1":8,"2":2,"3":2,"4":1,"5":3},"b":{"0":[0]}}
,"C:\\Users\\djpla\\OneDrive\\Documents\\GitHub\\ECHO\\Frontend\\src\\app\\shared\\top-artist-card\\top-artist-card.component.html": {"path":"C:\\Users\\djpla\\OneDrive\\Documents\\GitHub\\ECHO\\Frontend\\src\\app\\shared\\top-artist-card\\top-artist-card.component.html","statementMap":{"0":{"start":{"line":1,"column":0},"end":{"line":1,"column":809}}},"fnMap":{},"branchMap":{},"s":{"0":3},"f":{},"b":{},"_coverageSchema":"1a1c01bbd47fc00a2c39e90264f33305004495a9","hash":"7e61f4222fe48e8f08755508349bdd806865a569"}
,"C:\\Users\\djpla\\OneDrive\\Documents\\GitHub\\ECHO\\Frontend\\src\\app\\shared\\top-artist-card\\top-artist-card.component.ts": {"path":"C:\\Users\\djpla\\OneDrive\\Documents\\GitHub\\ECHO\\Frontend\\src\\app\\shared\\top-artist-card\\top-artist-card.component.ts","statementMap":{"0":{"start":{"line":1,"column":0},"end":{"line":1,"column":48}},"1":{"start":{"line":2,"column":0},"end":{"line":2,"column":66}},"2":{"start":{"line":3,"column":0},"end":{"line":3,"column":41}},"3":{"start":{"line":4,"column":0},"end":{"line":4,"column":41}},"4":{"start":{"line":25,"column":11},"end":{"line":25,"column":35}},"5":{"start":{"line":26,"column":12},"end":{"line":26,"column":26}},"6":{"start":{"line":28,"column":4},"end":{"line":28,"column":75}},"7":{"start":{"line":29,"column":4},"end":{"line":29,"column":77}},"8":{"start":{"line":30,"column":4},"end":{"line":30,"column":74}},"9":{"start":{"line":34,"column":4},"end":{"line":34,"column":46}},"10":{"start":{"line":14,"column":13},"end":{"line":14,"column":35}},"11":{"start":{"line":14,"column":13},"end":{"line":37,"column":null}}},"fnMap":{"0":{"name":"(anonymous_0)","decl":{"start":{"line":24,"column":2},"end":{"line":24,"column":null}},"loc":{"start":{"line":26,"column":26},"end":{"line":31,"column":3}}},"1":{"name":"(anonymous_1)","decl":{"start":{"line":33,"column":2},"end":{"line":33,"column":19}},"loc":{"start":{"line":33,"column":19},"end":{"line":35,"column":3}}}},"branchMap":{},"s":{"0":3,"1":3,"2":3,"3":3,"4":1,"5":1,"6":1,"7":1,"8":1,"9":0,"10":3,"11":3},"f":{"0":1,"1":0},"b":{}}
,"C:\\Users\\djpla\\OneDrive\\Documents\\GitHub\\ECHO\\Frontend\\src\\app\\shared\\top-card\\top-card.component.html": {"path":"C:\\Users\\djpla\\OneDrive\\Documents\\GitHub\\ECHO\\Frontend\\src\\app\\shared\\top-card\\top-card.component.html","statementMap":{"0":{"start":{"line":1,"column":0},"end":{"line":1,"column":856}}},"fnMap":{},"branchMap":{},"s":{"0":3},"f":{},"b":{},"_coverageSchema":"1a1c01bbd47fc00a2c39e90264f33305004495a9","hash":"cd34f5dc324b07589e4c59ffad1b5cedf2a3db99"}
,"C:\\Users\\djpla\\OneDrive\\Documents\\GitHub\\ECHO\\Frontend\\src\\app\\shared\\top-card\\top-card.component.ts": {"path":"C:\\Users\\djpla\\OneDrive\\Documents\\GitHub\\ECHO\\Frontend\\src\\app\\shared\\top-card\\top-card.component.ts","statementMap":{"0":{"start":{"line":1,"column":0},"end":{"line":1,"column":48}},"1":{"start":{"line":2,"column":0},"end":{"line":2,"column":66}},"2":{"start":{"line":3,"column":0},"end":{"line":3,"column":41}},"3":{"start":{"line":4,"column":0},"end":{"line":4,"column":69}},"4":{"start":{"line":5,"column":0},"end":{"line":5,"column":53}},"5":{"start":{"line":26,"column":11},"end":{"line":26,"column":35}},"6":{"start":{"line":27,"column":14},"end":{"line":27,"column":31}},"7":{"start":{"line":29,"column":4},"end":{"line":29,"column":75}},"8":{"start":{"line":30,"column":4},"end":{"line":30,"column":77}},"9":{"start":{"line":31,"column":4},"end":{"line":31,"column":74}},"10":{"start":{"line":35,"column":22},"end":{"line":37,"column":6}},"11":{"start":{"line":39,"column":4},"end":{"line":41,"column":7}},"12":{"start":{"line":40,"column":8},"end":{"line":40,"column":45}},"13":{"start":{"line":15,"column":13},"end":{"line":15,"column":29}},"14":{"start":{"line":15,"column":13},"end":{"line":43,"column":null}}},"fnMap":{"0":{"name":"(anonymous_0)","decl":{"start":{"line":25,"column":2},"end":{"line":25,"column":null}},"loc":{"start":{"line":27,"column":31},"end":{"line":32,"column":3}}},"1":{"name":"(anonymous_1)","decl":{"start":{"line":34,"column":2},"end":{"line":34,"column":11}},"loc":{"start":{"line":34,"column":11},"end":{"line":42,"column":3}}},"2":{"name":"(anonymous_2)","decl":{"start":{"line":39,"column":38},"end":{"line":39,"column":39}},"loc":{"start":{"line":39,"column":49},"end":{"line":41,"column":5}}}},"branchMap":{},"s":{"0":3,"1":3,"2":3,"3":3,"4":3,"5":2,"6":2,"7":2,"8":2,"9":2,"10":0,"11":0,"12":0,"13":3,"14":3},"f":{"0":2,"1":0,"2":0},"b":{}}
,"C:\\Users\\djpla\\OneDrive\\Documents\\GitHub\\ECHO\\Frontend\\src\\app\\shared\\top-result\\top-result.component.html": {"path":"C:\\Users\\djpla\\OneDrive\\Documents\\GitHub\\ECHO\\Frontend\\src\\app\\shared\\top-result\\top-result.component.html","statementMap":{"0":{"start":{"line":1,"column":0},"end":{"line":1,"column":546}}},"fnMap":{},"branchMap":{},"s":{"0":3},"f":{},"b":{},"_coverageSchema":"1a1c01bbd47fc00a2c39e90264f33305004495a9","hash":"484462a313f73b8cb837debd4751eee14ce496c7"}
,"C:\\Users\\djpla\\OneDrive\\Documents\\GitHub\\ECHO\\Frontend\\src\\app\\shared\\top-result\\top-result.component.ts": {"path":"C:\\Users\\djpla\\OneDrive\\Documents\\GitHub\\ECHO\\Frontend\\src\\app\\shared\\top-result\\top-result.component.ts","statementMap":{"0":{"start":{"line":2,"column":0},"end":{"line":2,"column":49}},"1":{"start":{"line":3,"column":0},"end":{"line":3,"column":64}},"2":{"start":{"line":4,"column":0},"end":{"line":4,"column":42}},"3":{"start":{"line":19,"column":25},"end":{"line":19,"column":49}},"4":{"start":{"line":13,"column":11},"end":{"line":13,"column":null}},"5":{"start":{"line":14,"column":11},"end":{"line":14,"column":null}},"6":{"start":{"line":15,"column":11},"end":{"line":15,"column":null}},"7":{"start":{"line":20,"column":6},"end":{"line":20,"column":77}},"8":{"start":{"line":21,"column":6},"end":{"line":21,"column":79}},"9":{"start":{"line":12,"column":13},"end":{"line":12,"column":31}},"10":{"start":{"line":12,"column":13},"end":{"line":24,"column":null}}},"fnMap":{"0":{"name":"(anonymous_0)","decl":{"start":{"line":19,"column":4},"end":{"line":19,"column":25}},"loc":{"start":{"line":19,"column":49},"end":{"line":23,"column":5}}}},"branchMap":{},"s":{"0":3,"1":3,"2":3,"3":1,"4":1,"5":1,"6":1,"7":1,"8":1,"9":3,"10":3},"f":{"0":1},"b":{}}
}
