TN:
SF:src/app/app.component.html
FNF:0
FNH:0
DA:1,1
LF:1
LH:1
BRF:0
BRH:0
end_of_record
TN:
SF:src/app/app.component.ts
FN:28,(anonymous_0)
FN:30,(anonymous_1)
FN:31,(anonymous_2)
FN:37,(anonymous_3)
FN:38,(anonymous_4)
FN:44,(anonymous_5)
FN:47,(anonymous_6)
FN:55,(anonymous_7)
FN:56,(anonymous_8)
FNF:9
FNH:0
FNDA:0,(anonymous_0)
FNDA:0,(anonymous_1)
FNDA:0,(anonymous_2)
FNDA:0,(anonymous_3)
FNDA:0,(anonymous_4)
FNDA:0,(anonymous_5)
FNDA:0,(anonymous_6)
FNDA:0,(anonymous_7)
FNDA:0,(anonymous_8)
DA:1,1
DA:2,1
DA:3,1
DA:4,1
DA:5,1
DA:7,1
DA:8,1
DA:9,1
DA:10,1
DA:11,1
DA:12,1
DA:21,1
DA:22,0
DA:23,0
DA:25,0
DA:26,0
DA:28,0
DA:29,0
DA:30,0
DA:32,0
DA:33,0
DA:36,0
DA:37,0
DA:39,0
DA:40,0
DA:44,0
DA:45,0
DA:46,0
DA:47,0
DA:48,0
DA:49,0
DA:56,0
DA:57,0
LF:33
LH:12
BRDA:32,0,0,0
BRDA:39,1,0,0
BRDA:45,2,0,0
BRF:3
BRH:0
end_of_record
TN:
SF:src/app/authcallback/authcallback.component.ts
FN:19,(anonymous_0)
FN:27,(anonymous_1)
FN:35,(anonymous_2)
FN:40,(anonymous_3)
FN:52,(anonymous_4)
FNF:5
FNH:5
FNDA:3,(anonymous_0)
FNDA:2,(anonymous_1)
FNDA:1,(anonymous_2)
FNDA:1,(anonymous_3)
FNDA:2,(anonymous_4)
DA:1,1
DA:2,1
DA:3,1
DA:4,1
DA:5,1
DA:6,1
DA:18,1
DA:20,3
DA:21,3
DA:22,3
DA:23,3
DA:24,3
DA:28,2
DA:29,2
DA:30,2
DA:32,2
DA:33,2
DA:34,2
DA:36,1
DA:37,1
DA:38,1
DA:41,1
DA:42,1
DA:46,0
DA:47,0
DA:53,2
DA:54,2
LF:27
LH:25
BRDA:28,0,0,2
BRDA:32,1,0,2
BRDA:32,1,1,0
BRDA:32,2,0,2
BRDA:32,2,1,2
BRF:5
BRH:4
end_of_record
TN:
SF:src/app/pages/home/home.component.html
FNF:0
FNH:0
DA:1,1
LF:1
LH:1
BRF:0
BRH:0
end_of_record
TN:
SF:src/app/pages/home/home.component.ts
FN:39,(anonymous_0)
FN:47,(anonymous_1)
FN:51,(anonymous_2)
FN:54,(anonymous_3)
FN:58,(anonymous_4)
FN:59,(anonymous_5)
FN:67,(anonymous_6)
FNF:7
FNH:3
FNDA:2,(anonymous_0)
FNDA:0,(anonymous_1)
FNDA:0,(anonymous_2)
FNDA:0,(anonymous_3)
FNDA:1,(anonymous_4)
FNDA:1,(anonymous_5)
FNDA:0,(anonymous_6)
DA:1,1
DA:2,1
DA:3,1
DA:4,1
DA:5,1
DA:6,1
DA:7,1
DA:8,1
DA:9,1
DA:10,1
DA:11,1
DA:12,1
DA:13,1
DA:34,1
DA:35,2
DA:37,2
DA:38,2
DA:40,2
DA:41,2
DA:42,2
DA:43,2
DA:44,2
DA:48,0
DA:52,0
DA:55,0
DA:56,0
DA:59,1
DA:60,1
DA:62,1
DA:63,1
DA:68,0
LF:31
LH:26
BRDA:62,0,0,1
BRF:1
BRH:1
end_of_record
TN:
SF:src/app/pages/landing-page/landing-page.component.html
FNF:0
FNH:0
DA:1,1
LF:1
LH:1
BRF:0
BRH:0
end_of_record
TN:
SF:src/app/pages/landing-page/landing-page.component.ts
FNF:0
FNH:0
DA:1,1
DA:10,1
LF:2
LH:2
BRF:0
BRH:0
end_of_record
TN:
SF:src/app/pages/profile/profile.component.html
FNF:0
FNH:0
DA:1,1
LF:1
LH:1
BRF:0
BRH:0
end_of_record
TN:
SF:src/app/pages/profile/profile.component.ts
FN:126,(anonymous_0)
FN:136,(anonymous_1)
FN:138,(anonymous_2)
FN:144,(anonymous_3)
FN:145,(anonymous_4)
FN:149,(anonymous_5)
FN:153,(anonymous_6)
FN:155,(anonymous_7)
FN:160,(anonymous_8)
FN:167,(anonymous_9)
FN:174,(anonymous_10)
FN:176,(anonymous_11)
FN:182,(anonymous_12)
FNF:13
FNH:4
FNDA:1,(anonymous_0)
FNDA:1,(anonymous_1)
FNDA:0,(anonymous_2)
FNDA:1,(anonymous_3)
FNDA:1,(anonymous_4)
FNDA:0,(anonymous_5)
FNDA:0,(anonymous_6)
FNDA:0,(anonymous_7)
FNDA:0,(anonymous_8)
FNDA:0,(anonymous_9)
FNDA:0,(anonymous_10)
FNDA:0,(anonymous_11)
FNDA:0,(anonymous_12)
DA:1,1
DA:2,1
DA:3,1
DA:4,1
DA:5,1
DA:6,1
DA:7,1
DA:8,1
DA:9,1
DA:10,1
DA:11,1
DA:12,1
DA:13,1
DA:15,1
DA:16,1
DA:17,1
DA:18,1
DA:19,1
DA:20,1
DA:44,1
DA:45,1
DA:48,1
DA:93,1
DA:124,1
DA:127,1
DA:128,1
DA:129,1
DA:130,1
DA:131,1
DA:132,1
DA:133,1
DA:137,1
DA:138,0
DA:139,0
DA:140,0
DA:145,1
DA:146,1
DA:150,0
DA:156,0
DA:160,0
DA:161,0
DA:168,0
DA:170,0
DA:175,0
DA:176,0
DA:177,0
DA:183,0
LF:47
LH:34
BRDA:137,0,0,0
BRDA:168,1,0,0
BRDA:175,2,0,0
BRF:3
BRH:0
end_of_record
TN:
SF:src/app/pages/search/search.component.html
FNF:0
FNH:0
DA:1,2
LF:1
LH:1
BRF:0
BRH:0
end_of_record
TN:
SF:src/app/pages/search/search.component.ts
FN:24,(anonymous_0)
FN:30,(anonymous_1)
FNF:2
FNH:2
FNDA:2,(anonymous_0)
FNDA:2,(anonymous_1)
DA:1,2
DA:2,2
DA:3,2
DA:18,2
DA:24,2
DA:25,2
DA:26,2
DA:27,2
LF:8
LH:8
BRF:0
BRH:0
end_of_record
TN:
SF:src/app/pages/settings/settings.component.html
FNF:0
FNH:0
DA:1,1
LF:1
LH:1
BRF:0
BRH:0
end_of_record
TN:
SF:src/app/pages/settings/settings.component.ts
FN:34,(anonymous_0)
FN:40,(anonymous_1)
FN:44,(anonymous_2)
FN:49,(anonymous_3)
FN:50,(anonymous_4)
FNF:5
FNH:0
FNDA:0,(anonymous_0)
FNDA:0,(anonymous_1)
FNDA:0,(anonymous_2)
FNDA:0,(anonymous_3)
FNDA:0,(anonymous_4)
DA:1,1
DA:2,1
DA:3,1
DA:4,1
DA:5,1
DA:6,1
DA:7,1
DA:8,1
DA:9,1
DA:10,1
DA:11,1
DA:29,1
DA:31,0
DA:35,0
DA:36,0
DA:37,0
DA:41,0
DA:46,0
DA:50,0
DA:51,0
DA:53,0
DA:54,0
LF:22
LH:12
BRDA:53,0,0,0
BRF:1
BRH:0
end_of_record
TN:
SF:src/app/pages/user-library/user-library.component.html
FNF:0
FNH:0
DA:1,1
LF:1
LH:1
BRF:0
BRH:0
end_of_record
TN:
SF:src/app/pages/user-library/user-library.component.ts
FN:40,(anonymous_0)
FN:49,(anonymous_1)
FN:53,(anonymous_2)
FN:57,(anonymous_3)
FN:58,(anonymous_4)
FN:63,(anonymous_5)
FNF:6
FNH:1
FNDA:2,(anonymous_0)
FNDA:0,(anonymous_1)
FNDA:0,(anonymous_2)
FNDA:0,(anonymous_3)
FNDA:0,(anonymous_4)
FNDA:0,(anonymous_5)
DA:1,1
DA:2,1
DA:3,1
DA:4,1
DA:5,1
DA:6,1
DA:7,1
DA:8,1
DA:9,1
DA:10,1
DA:11,1
DA:12,1
DA:13,1
DA:14,1
DA:36,1
DA:37,2
DA:39,2
DA:41,2
DA:42,2
DA:43,2
DA:44,2
DA:45,2
DA:50,0
DA:54,0
DA:58,0
DA:59,0
DA:64,0
LF:27
LH:22
BRF:0
BRH:0
end_of_record
TN:
SF:src/app/services/auth.service.ts
FN:13,(anonymous_0)
FN:17,(anonymous_1)
FN:22,(anonymous_2)
FN:29,(anonymous_3)
FN:33,(anonymous_4)
FN:40,(anonymous_5)
FN:47,(anonymous_6)
FN:52,(anonymous_7)
FN:57,(anonymous_8)
FN:63,(anonymous_9)
FN:68,(anonymous_10)
FN:73,(anonymous_11)
FNF:12
FNH:3
FNDA:4,(anonymous_0)
FNDA:0,(anonymous_1)
FNDA:2,(anonymous_2)
FNDA:0,(anonymous_3)
FNDA:0,(anonymous_4)
FNDA:0,(anonymous_5)
FNDA:0,(anonymous_6)
FNDA:0,(anonymous_7)
FNDA:1,(anonymous_8)
FNDA:0,(anonymous_9)
FNDA:0,(anonymous_10)
FNDA:0,(anonymous_11)
DA:1,11
DA:2,11
DA:4,11
DA:5,11
DA:10,11
DA:11,4
DA:13,4
DA:18,0
DA:23,2
DA:24,2
DA:25,2
DA:30,0
DA:31,0
DA:34,0
DA:35,0
DA:37,0
DA:41,0
DA:48,0
DA:53,0
DA:58,1
DA:59,1
DA:64,0
DA:69,0
DA:74,0
LF:24
LH:12
BRDA:34,0,0,0
BRDA:34,0,1,0
BRDA:34,1,0,0
BRDA:34,1,1,0
BRF:4
BRH:0
end_of_record
TN:
SF:src/app/services/provider.service.ts
FN:7,(anonymous_0)
FN:10,(anonymous_1)
FN:16,(anonymous_2)
FN:27,(anonymous_3)
FNF:4
FNH:3
FNDA:9,(anonymous_0)
FNDA:0,(anonymous_1)
FNDA:5,(anonymous_2)
FNDA:1,(anonymous_3)
DA:1,13
DA:2,13
DA:7,13
DA:8,9
DA:11,0
DA:12,0
DA:17,5
DA:18,5
DA:19,5
DA:20,5
DA:22,5
DA:24,0
DA:29,1
DA:30,1
LF:14
LH:11
BRDA:11,0,0,0
BRDA:17,1,0,5
BRDA:19,2,0,5
BRDA:29,3,0,1
BRF:4
BRH:3
end_of_record
TN:
SF:src/app/services/screen-size-service.service.ts
FN:10,(anonymous_0)
FN:16,(anonymous_1)
FN:20,(anonymous_2)
FNF:3
FNH:3
FNDA:34,(anonymous_0)
FNDA:13,(anonymous_1)
FNDA:21,(anonymous_2)
DA:1,11
DA:2,11
DA:3,11
DA:4,11
DA:9,11
DA:11,34
DA:16,13
DA:17,13
DA:18,13
DA:20,21
DA:23,0
LF:11
LH:10
BRDA:11,0,0,1
BRDA:11,0,1,33
BRDA:11,1,0,34
BRDA:11,1,1,34
BRDA:17,2,0,13
BRDA:17,2,1,0
BRF:6
BRH:5
end_of_record
TN:
SF:src/app/services/search.service.ts
FN:38,(anonymous_0)
FN:41,(anonymous_1)
FN:44,(anonymous_2)
FN:55,(anonymous_3)
FN:58,(anonymous_4)
FN:66,(anonymous_5)
FN:71,(anonymous_6)
FN:76,(anonymous_7)
FN:81,(anonymous_8)
FN:97,(anonymous_9)
FNF:10
FNH:9
FNDA:5,(anonymous_0)
FNDA:1,(anonymous_1)
FNDA:1,(anonymous_2)
FNDA:1,(anonymous_3)
FNDA:1,(anonymous_4)
FNDA:1,(anonymous_5)
FNDA:1,(anonymous_6)
FNDA:1,(anonymous_7)
FNDA:1,(anonymous_8)
FNDA:0,(anonymous_9)
DA:1,5
DA:2,5
DA:3,5
DA:4,5
DA:5,5
DA:28,5
DA:30,5
DA:31,5
DA:32,5
DA:34,5
DA:35,5
DA:36,5
DA:38,5
DA:42,1
DA:45,1
DA:46,1
DA:47,1
DA:48,1
DA:56,1
DA:59,1
DA:60,1
DA:67,1
DA:72,1
DA:77,1
DA:84,1
DA:85,1
DA:87,1
DA:96,0
DA:97,0
DA:108,0
DA:110,0
LF:31
LH:27
BRDA:47,0,0,1
BRDA:96,1,0,0
BRDA:96,1,1,0
BRDA:96,2,0,0
BRDA:96,2,1,0
BRF:5
BRH:1
end_of_record
TN:
SF:src/app/services/spotify.service.ts
FN:40,(anonymous_0)
FN:49,(anonymous_1)
FN:60,(anonymous_2)
FN:69,(anonymous_3)
FN:78,(anonymous_4)
FN:88,(anonymous_5)
FN:93,(anonymous_6)
FN:101,(anonymous_7)
FN:104,(anonymous_8)
FN:108,(anonymous_9)
FN:113,(anonymous_10)
FN:128,(anonymous_11)
FN:130,(anonymous_12)
FN:140,(anonymous_13)
FN:156,(anonymous_14)
FN:162,(anonymous_15)
FN:169,(anonymous_16)
FN:175,(anonymous_17)
FN:182,(anonymous_18)
FN:185,(anonymous_19)
FN:191,(anonymous_20)
FN:197,(anonymous_21)
FN:199,(anonymous_22)
FN:204,(anonymous_23)
FN:243,(anonymous_24)
FN:271,(anonymous_25)
FN:293,(anonymous_26)
FN:311,(anonymous_27)
FN:312,(anonymous_28)
FN:318,(anonymous_29)
FN:336,(anonymous_30)
FN:338,(anonymous_31)
FN:340,(anonymous_32)
FN:347,(anonymous_33)
FNF:34
FNH:14
FNDA:11,(anonymous_0)
FNDA:2,(anonymous_1)
FNDA:2,(anonymous_2)
FNDA:2,(anonymous_3)
FNDA:2,(anonymous_4)
FNDA:0,(anonymous_5)
FNDA:0,(anonymous_6)
FNDA:0,(anonymous_7)
FNDA:0,(anonymous_8)
FNDA:0,(anonymous_9)
FNDA:0,(anonymous_10)
FNDA:0,(anonymous_11)
FNDA:0,(anonymous_12)
FNDA:0,(anonymous_13)
FNDA:1,(anonymous_14)
FNDA:1,(anonymous_15)
FNDA:1,(anonymous_16)
FNDA:1,(anonymous_17)
FNDA:1,(anonymous_18)
FNDA:0,(anonymous_19)
FNDA:0,(anonymous_20)
FNDA:1,(anonymous_21)
FNDA:1,(anonymous_22)
FNDA:0,(anonymous_23)
FNDA:0,(anonymous_24)
FNDA:0,(anonymous_25)
FNDA:0,(anonymous_26)
FNDA:0,(anonymous_27)
FNDA:0,(anonymous_28)
FNDA:0,(anonymous_29)
FNDA:1,(anonymous_30)
FNDA:1,(anonymous_31)
FNDA:0,(anonymous_32)
FNDA:0,(anonymous_33)
DA:1,9
DA:2,9
DA:3,9
DA:4,9
DA:5,9
DA:6,9
DA:7,9
DA:23,9
DA:25,11
DA:26,11
DA:27,11
DA:28,11
DA:29,11
DA:30,11
DA:31,11
DA:32,11
DA:33,11
DA:34,11
DA:35,11
DA:36,11
DA:37,11
DA:38,11
DA:41,11
DA:42,11
DA:43,11
DA:44,11
DA:45,11
DA:50,2
DA:51,2
DA:52,2
DA:53,0
DA:55,0
DA:61,2
DA:62,2
DA:63,0
DA:65,0
DA:70,2
DA:72,1
DA:73,1
DA:75,1
DA:79,2
DA:81,1
DA:82,1
DA:84,1
DA:89,0
DA:90,0
DA:91,0
DA:93,0
DA:94,0
DA:97,0
DA:102,0
DA:104,0
DA:108,0
DA:109,0
DA:110,0
DA:113,0
DA:114,0
DA:115,0
DA:116,0
DA:117,0
DA:119,0
DA:120,0
DA:124,0
DA:129,0
DA:130,0
DA:131,0
DA:132,0
DA:133,0
DA:141,0
DA:142,0
DA:143,0
DA:146,0
DA:148,0
DA:149,0
DA:151,0
DA:152,0
DA:157,1
DA:158,0
DA:159,0
DA:162,1
DA:163,1
DA:164,1
DA:170,1
DA:171,0
DA:172,0
DA:175,1
DA:176,1
DA:177,0
DA:178,0
DA:181,1
DA:182,1
DA:183,1
DA:184,1
DA:186,0
DA:189,0
DA:192,0
DA:198,1
DA:199,1
DA:205,0
DA:207,0
DA:210,0
DA:211,0
DA:214,0
DA:215,0
DA:218,0
DA:219,0
DA:220,0
DA:221,0
DA:223,0
DA:224,0
DA:227,0
DA:232,0
DA:233,0
DA:235,0
DA:237,0
DA:238,0
DA:244,0
DA:246,0
DA:249,0
DA:250,0
DA:251,0
DA:254,0
DA:255,0
DA:256,0
DA:258,0
DA:259,0
DA:261,0
DA:270,0
DA:271,0
DA:281,0
DA:283,0
DA:284,0
DA:286,0
DA:288,0
DA:294,0
DA:295,0
DA:296,0
DA:297,0
DA:299,0
DA:300,0
DA:303,0
DA:305,0
DA:306,0
DA:312,0
DA:313,0
DA:319,0
DA:320,0
DA:321,0
DA:322,0
DA:324,0
DA:325,0
DA:328,0
DA:330,0
DA:331,0
DA:337,1
DA:338,1
DA:339,1
DA:341,0
DA:348,0
DA:349,0
DA:351,0
LF:161
LH:56
BRDA:50,0,0,2
BRDA:50,0,1,0
BRDA:50,1,0,2
BRDA:50,1,1,2
BRDA:70,2,0,1
BRDA:70,3,0,2
BRDA:70,3,1,1
BRDA:72,4,0,1
BRDA:72,4,1,0
BRDA:79,5,0,1
BRDA:79,6,0,2
BRDA:79,6,1,1
BRDA:81,7,0,1
BRDA:81,7,1,0
BRDA:114,8,0,0
BRDA:129,9,0,0
BRDA:131,10,0,0
BRDA:141,11,0,0
BRDA:157,12,0,0
BRDA:170,13,0,0
BRDA:176,14,0,0
BRDA:181,15,0,1
BRDA:181,15,1,0
BRDA:198,16,0,1
BRDA:205,17,0,0
BRDA:214,18,0,0
BRDA:214,19,0,0
BRDA:214,19,1,0
BRDA:223,20,0,0
BRDA:244,21,0,0
BRDA:250,22,0,0
BRDA:250,23,0,0
BRDA:250,23,1,0
BRDA:270,24,0,0
BRDA:270,24,1,0
BRDA:270,25,0,0
BRDA:270,25,1,0
BRDA:299,26,0,0
BRDA:324,27,0,0
BRDA:337,28,0,1
BRDA:348,29,0,0
BRF:41
BRH:14
end_of_record
TN:
SF:src/app/services/theme.service.ts
FN:10,(anonymous_0)
FN:16,(anonymous_1)
FN:23,(anonymous_2)
FNF:3
FNH:2
FNDA:11,(anonymous_0)
FNDA:0,(anonymous_1)
FNDA:126,(anonymous_2)
DA:1,11
DA:2,11
DA:7,11
DA:8,11
DA:10,11
DA:11,11
DA:12,11
DA:17,0
DA:18,0
DA:19,0
DA:24,126
LF:11
LH:8
BRDA:11,0,0,11
BRDA:18,1,0,0
BRF:2
BRH:1
end_of_record
TN:
SF:src/app/services/token.service.ts
FN:12,(anonymous_0)
FN:17,(anonymous_1)
FN:28,(anonymous_2)
FN:36,(anonymous_3)
FN:41,(anonymous_4)
FN:46,(anonymous_5)
FN:54,(anonymous_6)
FN:65,(anonymous_7)
FNF:8
FNH:6
FNDA:7,(anonymous_0)
FNDA:7,(anonymous_1)
FNDA:2,(anonymous_2)
FNDA:2,(anonymous_3)
FNDA:2,(anonymous_4)
FNDA:1,(anonymous_5)
FNDA:0,(anonymous_6)
FNDA:0,(anonymous_7)
DA:1,14
DA:2,14
DA:7,14
DA:8,7
DA:9,7
DA:13,7
DA:18,7
DA:20,7
DA:21,7
DA:23,7
DA:24,7
DA:29,2
DA:30,2
DA:31,2
DA:32,2
DA:37,2
DA:42,2
DA:47,1
DA:55,0
DA:56,0
DA:58,0
DA:60,0
DA:61,0
DA:66,0
LF:24
LH:18
BRDA:18,0,0,0
BRDA:23,1,0,1
BRDA:24,2,0,1
BRDA:58,3,0,0
BRF:4
BRH:2
end_of_record
TN:
SF:src/app/shared/album-view/album-view.component.html
FNF:0
FNH:0
DA:1,1
LF:1
LH:1
BRF:0
BRH:0
end_of_record
TN:
SF:src/app/shared/album-view/album-view.component.ts
FN:15,(anonymous_0)
FN:17,(anonymous_1)
FNF:2
FNH:0
FNDA:0,(anonymous_0)
FNDA:0,(anonymous_1)
DA:1,1
DA:2,1
DA:3,1
DA:12,1
DA:15,0
DA:18,0
LF:6
LH:4
BRF:0
BRH:0
end_of_record
TN:
SF:src/app/shared/apple-login/apple-login.component.html
FNF:0
FNH:0
DA:1,1
LF:1
LH:1
BRF:0
BRH:0
end_of_record
TN:
SF:src/app/shared/apple-login/apple-login.component.ts
FN:13,(anonymous_0)
FN:16,(anonymous_1)
FNF:2
FNH:1
FNDA:1,(anonymous_0)
FNDA:0,(anonymous_1)
DA:1,1
DA:2,1
DA:11,1
DA:13,1
DA:17,0
DA:18,0
LF:6
LH:4
BRF:0
BRH:0
end_of_record
TN:
SF:src/app/shared/bottom-nav/bottom-nav.component.html
FNF:0
FNH:0
DA:1,4
LF:1
LH:1
BRF:0
BRH:0
end_of_record
TN:
SF:src/app/shared/bottom-nav/bottom-nav.component.ts
FN:13,(anonymous_0)
FN:15,(anonymous_1)
FN:19,(anonymous_2)
FN:22,(anonymous_3)
FN:25,(anonymous_4)
FN:28,(anonymous_5)
FNF:6
FNH:5
FNDA:5,(anonymous_0)
FNDA:0,(anonymous_1)
FNDA:1,(anonymous_2)
FNDA:1,(anonymous_3)
FNDA:1,(anonymous_4)
FNDA:1,(anonymous_5)
DA:1,4
DA:2,4
DA:3,4
DA:11,4
DA:12,5
DA:13,5
DA:16,0
DA:20,1
DA:23,1
DA:26,1
DA:29,1
LF:11
LH:10
BRF:0
BRH:0
end_of_record
TN:
SF:src/app/shared/bottom-player/bottom-player.component.html
FNF:0
FNH:0
DA:1,5
LF:1
LH:1
BRF:0
BRH:0
end_of_record
TN:
SF:src/app/shared/bottom-player/bottom-player.component.ts
FN:37,(anonymous_0)
FN:41,(anonymous_1)
FN:43,(anonymous_2)
FN:47,(anonymous_3)
FN:55,(anonymous_4)
FN:60,(anonymous_5)
FN:64,(anonymous_6)
FN:70,(anonymous_7)
FN:71,(anonymous_8)
FN:79,(anonymous_9)
FN:98,(anonymous_10)
FN:104,(anonymous_11)
FN:110,(anonymous_12)
FN:133,(anonymous_13)
FN:140,(anonymous_14)
FN:152,(anonymous_15)
FN:156,(anonymous_16)
FN:160,(anonymous_17)
FN:164,(anonymous_18)
FN:168,(anonymous_19)
FNF:20
FNH:10
FNDA:1,(anonymous_0)
FNDA:1,(anonymous_1)
FNDA:0,(anonymous_2)
FNDA:0,(anonymous_3)
FNDA:0,(anonymous_4)
FNDA:0,(anonymous_5)
FNDA:0,(anonymous_6)
FNDA:1,(anonymous_7)
FNDA:1,(anonymous_8)
FNDA:1,(anonymous_9)
FNDA:0,(anonymous_10)
FNDA:0,(anonymous_11)
FNDA:0,(anonymous_12)
FNDA:0,(anonymous_13)
FNDA:0,(anonymous_14)
FNDA:2,(anonymous_15)
FNDA:2,(anonymous_16)
FNDA:2,(anonymous_17)
FNDA:2,(anonymous_18)
FNDA:4,(anonymous_19)
DA:1,5
DA:2,5
DA:3,5
DA:4,5
DA:5,5
DA:6,5
DA:7,5
DA:8,5
DA:17,5
DA:18,1
DA:19,1
DA:20,1
DA:23,1
DA:30,1
DA:37,1
DA:42,1
DA:43,0
DA:44,0
DA:45,0
DA:47,0
DA:55,0
DA:56,0
DA:57,0
DA:60,0
DA:61,0
DA:64,0
DA:65,0
DA:71,1
DA:72,1
DA:74,1
DA:75,1
DA:80,1
DA:81,0
DA:82,0
DA:83,0
DA:85,0
DA:86,0
DA:88,0
DA:89,0
DA:91,0
DA:92,0
DA:95,1
DA:99,0
DA:100,0
DA:105,0
DA:106,0
DA:111,0
DA:112,0
DA:113,0
DA:114,0
DA:115,0
DA:116,0
DA:118,0
DA:119,0
DA:120,0
DA:121,0
DA:122,0
DA:123,0
DA:125,0
DA:126,0
DA:127,0
DA:134,0
DA:135,0
DA:136,0
DA:141,0
DA:142,0
DA:146,0
DA:153,2
DA:157,2
DA:161,2
DA:165,2
DA:169,4
DA:170,4
DA:171,4
LF:74
LH:29
BRDA:42,0,0,0
BRDA:44,1,0,0
BRDA:48,2,0,0
BRDA:48,2,1,0
BRDA:74,3,0,1
BRDA:80,4,0,0
BRDA:82,5,0,0
BRDA:85,6,0,0
BRDA:88,7,0,0
BRDA:91,8,0,0
BRDA:99,9,0,0
BRDA:105,10,0,0
BRDA:111,11,0,0
BRDA:112,12,0,0
BRDA:112,12,1,0
BRDA:112,13,0,0
BRDA:112,13,1,0
BRDA:118,14,0,0
BRDA:118,14,1,0
BRDA:119,15,0,0
BRDA:134,16,0,0
BRDA:141,17,0,0
BRDA:141,17,1,0
BRDA:142,18,0,0
BRDA:142,18,1,0
BRDA:146,19,0,0
BRDA:146,19,1,0
BRDA:153,20,0,2
BRDA:153,20,1,0
BRDA:157,21,0,2
BRDA:157,21,1,0
BRDA:161,22,0,2
BRDA:161,22,1,2
BRDA:165,23,0,2
BRDA:165,23,1,2
BRDA:171,24,0,4
BRDA:171,24,1,0
BRF:37
BRH:8
end_of_record
TN:
SF:src/app/shared/edit-profile-modal/edit-profile-modal.component.html
FNF:0
FNH:0
DA:1,2
LF:1
LH:1
BRF:0
BRH:0
end_of_record
TN:
SF:src/app/shared/edit-profile-modal/edit-profile-modal.component.ts
FN:39,(anonymous_0)
FN:46,(anonymous_1)
FN:50,(anonymous_2)
FN:51,(anonymous_3)
FN:56,(anonymous_4)
FN:60,(anonymous_5)
FN:64,(anonymous_6)
FNF:7
FNH:3
FNDA:1,(anonymous_0)
FNDA:1,(anonymous_1)
FNDA:1,(anonymous_2)
FNDA:0,(anonymous_3)
FNDA:0,(anonymous_4)
FNDA:0,(anonymous_5)
FNDA:0,(anonymous_6)
DA:1,2
DA:2,2
DA:5,2
DA:11,2
DA:12,2
DA:13,2
DA:14,2
DA:15,2
DA:16,2
DA:35,2
DA:36,1
DA:37,1
DA:40,1
DA:41,1
DA:42,1
DA:51,1
DA:52,0
DA:57,0
DA:61,0
DA:65,0
DA:67,0
LF:21
LH:16
BRDA:65,0,0,0
BRF:1
BRH:0
end_of_record
TN:
SF:src/app/shared/google-login/google-login.component.html
FNF:0
FNH:0
DA:1,1
LF:1
LH:1
BRF:0
BRH:0
end_of_record
TN:
SF:src/app/shared/google-login/google-login.component.ts
FN:14,(anonymous_0)
FN:17,(anonymous_1)
FNF:2
FNH:0
FNDA:0,(anonymous_0)
FNDA:0,(anonymous_1)
DA:1,1
DA:2,1
DA:3,1
DA:12,1
DA:14,0
DA:18,0
DA:20,0
DA:21,0
DA:23,0
LF:9
LH:4
BRF:0
BRH:0
end_of_record
TN:
SF:src/app/shared/info-bar/info-bar.component.html
FNF:0
FNH:0
DA:1,1
LF:1
LH:1
BRF:0
BRH:0
end_of_record
TN:
SF:src/app/shared/info-bar/info-bar.component.ts
FN:12,(anonymous_0)
FN:25,(anonymous_1)
FNF:2
FNH:0
FNDA:0,(anonymous_0)
FNDA:0,(anonymous_1)
DA:1,1
DA:2,1
DA:3,1
DA:12,1
DA:13,0
DA:15,0
DA:26,0
LF:7
LH:4
BRF:0
BRH:0
end_of_record
TN:
SF:src/app/shared/moods/moods.component.html
FNF:0
FNH:0
DA:1,3
LF:1
LH:1
BRF:0
BRH:0
end_of_record
TN:
SF:src/app/shared/moods/moods.component.ts
FN:20,(anonymous_0)
FN:25,(anonymous_1)
FN:26,(anonymous_2)
FN:49,(anonymous_3)
FN:64,(anonymous_4)
FNF:5
FNH:3
FNDA:5,(anonymous_0)
FNDA:5,(anonymous_1)
FNDA:5,(anonymous_2)
FNDA:0,(anonymous_3)
FNDA:0,(anonymous_4)
DA:2,3
DA:3,3
DA:4,3
DA:5,3
DA:6,3
DA:7,3
DA:8,3
DA:17,3
DA:21,5
DA:22,5
DA:26,5
DA:27,5
DA:31,5
DA:40,5
DA:50,0
DA:54,0
DA:64,0
DA:65,0
LF:18
LH:14
BRF:0
BRH:0
end_of_record
TN:
SF:src/app/shared/navbar/navbar.component.html
FNF:0
FNH:0
DA:1,4
LF:1
LH:1
BRF:0
BRH:0
end_of_record
TN:
SF:src/app/shared/navbar/navbar.component.ts
FN:17,(anonymous_0)
FN:25,(anonymous_1)
FN:26,(anonymous_2)
FN:40,(anonymous_3)
FN:56,(anonymous_4)
FN:60,(anonymous_5)
FNF:6
FNH:6
FNDA:10,(anonymous_0)
FNDA:7,(anonymous_1)
FNDA:7,(anonymous_2)
FNDA:2,(anonymous_3)
FNDA:1,(anonymous_4)
FNDA:1,(anonymous_5)
DA:2,4
DA:3,4
DA:4,4
DA:5,4
DA:6,4
DA:7,4
DA:16,4
DA:18,10
DA:19,10
DA:20,10
DA:23,10
DA:26,7
DA:27,7
DA:31,10
DA:34,10
DA:35,10
DA:37,10
DA:39,10
DA:41,2
DA:42,2
DA:44,2
DA:45,2
DA:46,2
DA:48,0
DA:49,0
DA:51,0
DA:52,0
DA:57,1
DA:61,1
LF:29
LH:25
BRDA:42,0,0,2
BRDA:42,0,1,0
BRDA:42,0,2,0
BRF:3
BRH:1
end_of_record
TN:
SF:src/app/shared/search-bar/search-bar.component.html
FNF:0
FNH:0
DA:1,3
LF:1
LH:1
BRF:0
BRH:0
end_of_record
TN:
SF:src/app/shared/search-bar/search-bar.component.ts
FN:20,(anonymous_0)
FN:25,(anonymous_1)
FN:26,(anonymous_2)
FN:31,(anonymous_3)
FN:35,(anonymous_4)
FN:36,(anonymous_5)
FN:39,(anonymous_6)
FN:40,(anonymous_7)
FNF:8
FNH:6
FNDA:4,(anonymous_0)
FNDA:4,(anonymous_1)
FNDA:4,(anonymous_2)
FNDA:1,(anonymous_3)
FNDA:1,(anonymous_4)
FNDA:0,(anonymous_5)
FNDA:1,(anonymous_6)
FNDA:0,(anonymous_7)
DA:1,3
DA:2,3
DA:3,3
DA:4,3
DA:5,3
DA:14,3
DA:16,4
DA:18,4
DA:21,4
DA:22,4
DA:26,4
DA:27,4
DA:32,1
DA:33,1
DA:34,1
DA:36,0
DA:38,1
DA:40,0
LF:18
LH:16
BRF:0
BRH:0
end_of_record
TN:
SF:src/app/shared/setting-pages/account/account.component.html
FNF:0
FNH:0
DA:1,2
LF:1
LH:1
BRF:0
BRH:0
end_of_record
TN:
SF:src/app/shared/setting-pages/account/account.component.ts
FNF:0
FNH:0
DA:1,2
DA:10,2
LF:2
LH:2
BRF:0
BRH:0
end_of_record
TN:
SF:src/app/shared/setting-pages/audio/audio.component.html
FNF:0
FNH:0
DA:1,2
LF:1
LH:1
BRF:0
BRH:0
end_of_record
TN:
SF:src/app/shared/setting-pages/audio/audio.component.ts
FNF:0
FNH:0
DA:1,2
DA:10,2
LF:2
LH:2
BRF:0
BRH:0
end_of_record
TN:
SF:src/app/shared/setting-pages/display/display.component.html
FNF:0
FNH:0
DA:1,2
LF:1
LH:1
BRF:0
BRH:0
end_of_record
TN:
SF:src/app/shared/setting-pages/display/display.component.ts
FN:13,(anonymous_0)
FN:17,(anonymous_1)
FNF:2
FNH:1
FNDA:1,(anonymous_0)
FNDA:0,(anonymous_1)
DA:1,2
DA:2,2
DA:3,2
DA:12,2
DA:14,1
DA:18,0
LF:6
LH:5
BRF:0
BRH:0
end_of_record
TN:
SF:src/app/shared/setting-pages/language/language.component.html
FNF:0
FNH:0
DA:1,2
LF:1
LH:1
BRF:0
BRH:0
end_of_record
TN:
SF:src/app/shared/setting-pages/language/language.component.ts
FNF:0
FNH:0
DA:1,2
DA:10,2
LF:2
LH:2
BRF:0
BRH:0
end_of_record
TN:
SF:src/app/shared/setting-pages/privacy/privacy.component.html
FNF:0
FNH:0
DA:1,2
LF:1
LH:1
BRF:0
BRH:0
end_of_record
TN:
SF:src/app/shared/setting-pages/privacy/privacy.component.ts
FNF:0
FNH:0
DA:1,2
DA:10,2
LF:2
LH:2
BRF:0
BRH:0
end_of_record
TN:
SF:src/app/shared/side-bar/side-bar.component.html
FNF:0
FNH:0
DA:1,5
LF:1
LH:1
BRF:0
BRH:0
end_of_record
TN:
SF:src/app/shared/side-bar/side-bar.component.ts
FN:19,(anonymous_0)
FN:37,(anonymous_1)
FN:40,(anonymous_2)
FN:49,(anonymous_3)
FN:55,(anonymous_4)
FN:59,(anonymous_5)
FN:71,(anonymous_6)
FN:73,(anonymous_7)
FN:74,(anonymous_8)
FN:76,(anonymous_9)
FN:81,(anonymous_10)
FN:86,(anonymous_11)
FN:92,(anonymous_12)
FN:97,(anonymous_13)
FN:100,(anonymous_14)
FN:103,(anonymous_15)
FN:107,(anonymous_16)
FN:113,(anonymous_17)
FNF:18
FNH:13
FNDA:10,(anonymous_0)
FNDA:3,(anonymous_1)
FNDA:1,(anonymous_2)
FNDA:11,(anonymous_3)
FNDA:11,(anonymous_4)
FNDA:10,(anonymous_5)
FNDA:9,(anonymous_6)
FNDA:9,(anonymous_7)
FNDA:0,(anonymous_8)
FNDA:0,(anonymous_9)
FNDA:0,(anonymous_10)
FNDA:0,(anonymous_11)
FNDA:4,(anonymous_12)
FNDA:1,(anonymous_13)
FNDA:10,(anonymous_14)
FNDA:1,(anonymous_15)
FNDA:1,(anonymous_16)
FNDA:0,(anonymous_17)
DA:1,5
DA:2,5
DA:3,5
DA:4,5
DA:5,5
DA:6,5
DA:7,5
DA:8,5
DA:9,5
DA:18,5
DA:20,10
DA:21,10
DA:22,10
DA:23,10
DA:24,10
DA:27,10
DA:28,10
DA:30,10
DA:31,10
DA:33,10
DA:34,10
DA:35,10
DA:36,10
DA:38,3
DA:41,1
DA:42,1
DA:43,1
DA:45,0
DA:47,1
DA:50,11
DA:51,9
DA:52,9
DA:53,9
DA:55,11
DA:56,11
DA:60,10
DA:61,10
DA:62,10
DA:63,10
DA:66,0
DA:72,9
DA:73,9
DA:74,9
DA:75,0
DA:76,0
DA:77,0
DA:81,0
DA:87,0
DA:93,4
DA:98,1
DA:101,10
DA:104,1
DA:108,1
DA:109,1
DA:114,0
DA:115,0
DA:117,0
LF:57
LH:47
BRDA:42,0,0,1
BRDA:42,0,1,0
BRDA:50,1,0,9
BRDA:60,2,0,10
BRDA:72,3,0,9
BRDA:76,4,0,0
BRDA:93,5,0,4
BRDA:93,5,1,0
BRDA:108,6,0,1
BRDA:114,7,0,0
BRF:10
BRH:6
end_of_record
TN:
SF:src/app/shared/song-recommendation/song-recommendation.component.html
FNF:0
FNH:0
DA:1,3
LF:1
LH:1
BRF:0
BRH:0
end_of_record
TN:
SF:src/app/shared/song-recommendation/song-recommendation.component.ts
FN:11,(anonymous_0)
FNF:1
FNH:1
FNDA:1,(anonymous_0)
DA:1,3
DA:2,3
DA:11,3
DA:12,1
DA:14,1
DA:16,1
DA:24,1
LF:7
LH:7
BRF:0
BRH:0
end_of_record
TN:
SF:src/app/shared/song-view/song-view.component.html
FNF:0
FNH:0
DA:1,4
LF:1
LH:1
BRF:0
BRH:0
end_of_record
TN:
SF:src/app/shared/song-view/song-view.component.ts
FN:15,(anonymous_0)
FN:17,(anonymous_1)
FNF:2
FNH:0
FNDA:0,(anonymous_0)
FNDA:0,(anonymous_1)
DA:1,4
DA:2,4
DA:3,4
DA:12,4
DA:15,0
DA:18,0
LF:6
LH:4
BRF:0
BRH:0
end_of_record
TN:
SF:src/app/shared/spotify-login/spotify-login.component.html
FNF:0
FNH:0
DA:1,1
LF:1
LH:1
BRF:0
BRH:0
end_of_record
TN:
SF:src/app/shared/spotify-login/spotify-login.component.ts
FN:13,(anonymous_0)
FN:16,(anonymous_1)
FNF:2
FNH:2
FNDA:3,(anonymous_0)
FNDA:2,(anonymous_1)
DA:1,1
DA:2,1
DA:11,1
DA:13,3
DA:17,2
DA:18,2
LF:6
LH:6
BRF:0
BRH:0
end_of_record
TN:
SF:src/app/shared/svg-icon/svg-icon.component.html
FNF:0
FNH:0
DA:1,5
LF:1
LH:1
BRF:0
BRH:0
end_of_record
TN:
SF:src/app/shared/svg-icon/svg-icon.component.ts
FN:12,(anonymous_0)
FN:19,(anonymous_1)
FN:23,(anonymous_2)
FNF:3
FNH:3
FNDA:24,(anonymous_0)
FNDA:1,(anonymous_1)
FNDA:16,(anonymous_2)
DA:1,5
DA:2,5
DA:3,5
DA:11,5
DA:12,24
DA:17,24
DA:20,1
DA:24,16
LF:8
LH:8
BRDA:24,0,0,15
BRDA:24,0,1,1
BRF:2
BRH:2
end_of_record
TN:
SF:src/app/shared/toast/toast.component.html
FNF:0
FNH:0
DA:1,1
LF:1
LH:1
BRF:0
BRH:0
end_of_record
TN:
SF:src/app/shared/toast/toast.component.ts
FN:17,(anonymous_0)
FN:19,(anonymous_1)
FN:22,(anonymous_2)
FN:26,(anonymous_3)
FN:32,(anonymous_4)
FN:38,(anonymous_5)
FNF:6
FNH:6
FNDA:8,(anonymous_0)
FNDA:8,(anonymous_1)
FNDA:2,(anonymous_2)
FNDA:2,(anonymous_3)
FNDA:1,(anonymous_4)
FNDA:3,(anonymous_5)
DA:1,1
DA:2,1
DA:11,1
DA:12,8
DA:13,8
DA:14,8
DA:15,8
DA:23,2
DA:24,2
DA:25,2
DA:26,2
DA:27,2
DA:28,2
DA:33,1
DA:34,1
DA:39,3
LF:16
LH:16
BRDA:22,0,0,0
BRF:1
BRH:0
end_of_record
TN:
SF:src/app/shared/top-card/top-card.component.html
FNF:0
FNH:0
DA:1,2
LF:1
LH:1
BRF:0
BRH:0
end_of_record
TN:
SF:src/app/shared/top-card/top-card.component.ts
FNF:0
FNH:0
DA:1,2
DA:10,2
LF:2
LH:2
BRF:0
BRH:0
end_of_record
