{
  "/home/user/COS301/echo/ECHO/Backend/src/app.controller.ts": {
    "path": "/home/user/COS301/echo/ECHO/Backend/src/app.controller.ts",
    "statementMap": {
      "0": {
        "start": { "line": 1, "column": 0 },
        "end": { "line": 1, "column": 49 }
      },
      "1": {
        "start": { "line": 2, "column": 0 },
        "end": { "line": 2, "column": 43 }
      },
      "2": {
        "start": { "line": 5, "column": 7 },
        "end": { "line": 12, "column": null }
      },
      "3": {
        "start": { "line": 6, "column": 31 },
        "end": { "line": 6, "column": 43 }
      },
      "4": {
        "start": { "line": 10, "column": 4 },
        "end": { "line": 10, "column": 38 }
      },
      "5": {
        "start": { "line": 5, "column": 13 },
        "end": { "line": 5, "column": 26 }
      },
      "6": {
        "start": { "line": 9, "column": 2 },
        "end": { "line": 11, "column": null }
      },
      "7": {
        "start": { "line": 5, "column": 13 },
        "end": { "line": 12, "column": null }
      }
    },
    "fnMap": {
      "0": {
        "name": "(anonymous_2)",
        "decl": {
          "start": { "line": 6, "column": 2 },
          "end": { "line": 6, "column": 31 }
        },
        "loc": {
          "start": { "line": 6, "column": 53 },
          "end": { "line": 6, "column": 57 }
        }
      },
      "1": {
        "name": "(anonymous_3)",
        "decl": {
          "start": { "line": 9, "column": 2 },
          "end": { "line": 9, "column": 10 }
        },
        "loc": {
          "start": { "line": 9, "column": 10 },
          "end": { "line": 11, "column": 3 }
        }
      }
    },
    "branchMap": {},
    "s": { "0": 1, "1": 1, "2": 1, "3": 1, "4": 1, "5": 1, "6": 1, "7": 1 },
    "f": { "0": 1, "1": 1 },
    "b": {}
  },
  "/home/user/COS301/echo/ECHO/Backend/src/app.module.ts": {
    "path": "/home/user/COS301/echo/ECHO/Backend/src/app.module.ts",
    "statementMap": {
      "0": {
        "start": { "line": 1, "column": 0 },
        "end": { "line": 1, "column": 48 }
      },
      "1": {
        "start": { "line": 2, "column": 0 },
        "end": { "line": 2, "column": 50 }
      },
      "2": {
        "start": { "line": 3, "column": 0 },
        "end": { "line": 3, "column": 61 }
      },
      "3": {
        "start": { "line": 4, "column": 0 },
        "end": { "line": 4, "column": 48 }
      },
      "4": {
        "start": { "line": 25, "column": 7 },
        "end": { "line": 25, "column": null }
      },
      "5": {
        "start": { "line": 25, "column": 13 },
        "end": { "line": 25, "column": 22 }
      },
      "6": {
        "start": { "line": 25, "column": 13 },
        "end": { "line": 25, "column": null }
      },
      "7": {
        "start": { "line": 14, "column": 8 },
        "end": { "line": 14, "column": 58 }
      },
      "8": {
        "start": { "line": 15, "column": 20 },
        "end": { "line": 15, "column": 60 }
      },
      "9": {
        "start": { "line": 16, "column": 8 },
        "end": { "line": 16, "column": 54 }
      },
      "10": {
        "start": { "line": 17, "column": 8 },
        "end": { "line": 18, "column": 10 }
      }
    },
    "fnMap": {
      "0": {
        "name": "(anonymous_1)",
        "decl": {
          "start": { "line": 13, "column": 18 },
          "end": { "line": 13, "column": 23 }
        },
        "loc": {
          "start": { "line": 13, "column": 57 },
          "end": { "line": 19, "column": 7 }
        }
      }
    },
    "branchMap": {},
    "s": {
      "0": 0,
      "1": 0,
      "2": 0,
      "3": 0,
      "4": 0,
      "5": 0,
      "6": 0,
      "7": 0,
      "8": 0,
      "9": 0,
      "10": 0
    },
    "f": { "0": 0 },
    "b": {}
  },
  "/home/user/COS301/echo/ECHO/Backend/src/app.service.ts": {
    "path": "/home/user/COS301/echo/ECHO/Backend/src/app.service.ts",
    "statementMap": {
      "0": {
        "start": { "line": 1, "column": 0 },
        "end": { "line": 1, "column": 44 }
      },
      "1": {
        "start": { "line": 4, "column": 7 },
        "end": { "line": 8, "column": null }
      },
      "2": {
        "start": { "line": 6, "column": 4 },
        "end": { "line": 6, "column": 26 }
      },
      "3": {
        "start": { "line": 4, "column": 13 },
        "end": { "line": 4, "column": 23 }
      },
      "4": {
        "start": { "line": 4, "column": 13 },
        "end": { "line": 8, "column": null }
      }
    },
    "fnMap": {
      "0": {
        "name": "(anonymous_1)",
        "decl": {
          "start": { "line": 5, "column": 2 },
          "end": { "line": 5, "column": 10 }
        },
        "loc": {
          "start": { "line": 5, "column": 10 },
          "end": { "line": 7, "column": 3 }
        }
      }
    },
    "branchMap": {},
    "s": { "0": 1, "1": 1, "2": 1, "3": 1, "4": 1 },
    "f": { "0": 1 },
    "b": {}
  },
  "/home/user/COS301/echo/ECHO/Backend/src/main.ts": {
    "path": "/home/user/COS301/echo/ECHO/Backend/src/main.ts",
    "statementMap": {
      "0": {
        "start": { "line": 1, "column": 0 },
        "end": { "line": 1, "column": 43 }
      },
      "1": {
        "start": { "line": 2, "column": 0 },
        "end": { "line": 2, "column": 41 }
      },
      "2": {
        "start": { "line": 3, "column": 0 },
        "end": { "line": 3, "column": 46 }
      },
      "3": {
        "start": { "line": 5, "column": 0 },
        "end": { "line": 5, "column": 23 }
      },
      "4": {
        "start": { "line": 9, "column": 14 },
        "end": { "line": 9, "column": 49 }
      },
      "5": {
        "start": { "line": 10, "column": 2 },
        "end": { "line": 14, "column": 5 }
      },
      "6": {
        "start": { "line": 15, "column": 2 },
        "end": { "line": 15, "column": 25 }
      },
      "7": {
        "start": { "line": 17, "column": 0 },
        "end": { "line": 17, "column": 12 }
      }
    },
    "fnMap": {
      "0": {
        "name": "bootstrap",
        "decl": {
          "start": { "line": 8, "column": 15 },
          "end": { "line": 8, "column": 24 }
        },
        "loc": {
          "start": { "line": 8, "column": 24 },
          "end": { "line": 16, "column": 1 }
        }
      }
    },
    "branchMap": {},
    "s": { "0": 0, "1": 0, "2": 0, "3": 0, "4": 0, "5": 0, "6": 0, "7": 0 },
    "f": { "0": 0 },
    "b": {}
  },
  "/home/user/COS301/echo/ECHO/Backend/src/auth/auth.controller.ts": {
    "path": "/home/user/COS301/echo/ECHO/Backend/src/auth/auth.controller.ts",
    "statementMap": {
      "0": {
        "start": { "line": 1, "column": 0 },
        "end": { "line": 1, "column": 44 }
      },
      "1": {
        "start": { "line": 4, "column": 7 },
        "end": { "line": 4, "column": null }
      },
      "2": {
        "start": { "line": 4, "column": 13 },
        "end": { "line": 4, "column": 27 }
      },
      "3": {
        "start": { "line": 4, "column": 13 },
        "end": { "line": 4, "column": null }
      }
    },
    "fnMap": {},
    "branchMap": {},
    "s": { "0": 2, "1": 2, "2": 2, "3": 2 },
    "f": {},
    "b": {}
  },
  "/home/user/COS301/echo/ECHO/Backend/src/auth/auth.module.ts": {
    "path": "/home/user/COS301/echo/ECHO/Backend/src/auth/auth.module.ts",
    "statementMap": {
      "0": {
        "start": { "line": 1, "column": 0 },
        "end": { "line": 1, "column": 40 }
      },
      "1": {
        "start": { "line": 2, "column": 0 },
        "end": { "line": 2, "column": 45 }
      },
      "2": {
        "start": { "line": 3, "column": 0 },
        "end": { "line": 3, "column": 51 }
      },
      "3": {
        "start": { "line": 9, "column": 7 },
        "end": { "line": 9, "column": null }
      },
      "4": {
        "start": { "line": 9, "column": 13 },
        "end": { "line": 9, "column": 23 }
      },
      "5": {
        "start": { "line": 9, "column": 13 },
        "end": { "line": 9, "column": null }
      }
    },
    "fnMap": {},
    "branchMap": {},
    "s": { "0": 1, "1": 1, "2": 1, "3": 1, "4": 1, "5": 1 },
    "f": {},
    "b": {}
  },
  "/home/user/COS301/echo/ECHO/Backend/src/auth/auth.service.ts": {
    "path": "/home/user/COS301/echo/ECHO/Backend/src/auth/auth.service.ts",
    "statementMap": {
      "0": {
        "start": { "line": 1, "column": 0 },
        "end": { "line": 1, "column": 44 }
      },
      "1": {
        "start": { "line": 4, "column": 7 },
        "end": { "line": 4, "column": null }
      },
      "2": {
        "start": { "line": 4, "column": 13 },
        "end": { "line": 4, "column": 24 }
      },
      "3": {
        "start": { "line": 4, "column": 13 },
        "end": { "line": 4, "column": null }
      }
    },
    "fnMap": {},
    "branchMap": {},
    "s": { "0": 2, "1": 2, "2": 2, "3": 2 },
    "f": {},
    "b": {}
  },
  "/home/user/COS301/echo/ECHO/Backend/src/user/user.controller.ts": {
    "path": "/home/user/COS301/echo/ECHO/Backend/src/user/user.controller.ts",
    "statementMap": {
      "0": {
        "start": { "line": 1, "column": 0 },
        "end": { "line": 1, "column": 68 }
      },
      "1": {
        "start": { "line": 2, "column": 0 },
        "end": { "line": 2, "column": 45 }
      },
      "2": {
        "start": { "line": 6, "column": 7 },
        "end": { "line": 28, "column": null }
      },
      "3": {
        "start": { "line": 7, "column": 33 },
        "end": { "line": 7, "column": 46 }
      },
      "4": {
        "start": { "line": 11, "column": 8 },
        "end": { "line": 15, "column": 9 }
      },
      "5": {
        "start": { "line": 12, "column": 12 },
        "end": { "line": 14, "column": 14 }
      },
      "6": {
        "start": { "line": 16, "column": 8 },
        "end": { "line": 16, "column": 108 }
      },
      "7": {
        "start": { "line": 21, "column": 8 },
        "end": { "line": 21, "column": 65 }
      },
      "8": {
        "start": { "line": 26, "column": 8 },
        "end": { "line": 26, "column": 50 }
      },
      "9": {
        "start": { "line": 6, "column": 13 },
        "end": { "line": 6, "column": 27 }
      },
      "10": {
        "start": { "line": 10, "column": 10 },
        "end": { "line": 17, "column": null }
      },
      "11": {
        "start": { "line": 20, "column": 10 },
        "end": { "line": 22, "column": null }
      },
      "12": {
        "start": { "line": 25, "column": 10 },
        "end": { "line": 27, "column": null }
      },
      "13": {
        "start": { "line": 6, "column": 13 },
        "end": { "line": 28, "column": null }
      }
    },
    "fnMap": {
      "0": {
        "name": "(anonymous_4)",
        "decl": {
          "start": { "line": 7, "column": 4 },
          "end": { "line": 7, "column": 33 }
        },
        "loc": {
          "start": { "line": 7, "column": 57 },
          "end": { "line": 7, "column": 61 }
        }
      },
      "1": {
        "name": "(anonymous_5)",
        "decl": {
          "start": { "line": 10, "column": 4 },
          "end": { "line": 10, "column": 9 }
        },
        "loc": {
          "start": { "line": 10, "column": 95 },
          "end": { "line": 17, "column": 5 }
        }
      },
      "2": {
        "name": "(anonymous_6)",
        "decl": {
          "start": { "line": 20, "column": 4 },
          "end": { "line": 20, "column": 9 }
        },
        "loc": {
          "start": { "line": 20, "column": 86 },
          "end": { "line": 22, "column": 5 }
        }
      },
      "3": {
        "name": "(anonymous_7)",
        "decl": {
          "start": { "line": 25, "column": 4 },
          "end": { "line": 25, "column": 9 }
        },
        "loc": {
          "start": { "line": 25, "column": 53 },
          "end": { "line": 27, "column": 5 }
        }
      }
    },
    "branchMap": {
      "0": {
        "loc": {
          "start": { "line": 11, "column": 8 },
          "end": { "line": 15, "column": 9 }
        },
        "type": "if",
        "locations": [
          {
            "start": { "line": 11, "column": 8 },
            "end": { "line": 15, "column": 9 }
          }
        ]
      },
      "1": {
        "loc": {
          "start": { "line": 11, "column": 12 },
          "end": { "line": 11, "column": 86 }
        },
        "type": "binary-expr",
        "locations": [
          {
            "start": { "line": 11, "column": 12 },
            "end": { "line": 11, "column": 32 }
          },
          {
            "start": { "line": 11, "column": 36 },
            "end": { "line": 11, "column": 59 }
          },
          {
            "start": { "line": 11, "column": 63 },
            "end": { "line": 11, "column": 86 }
          }
        ]
      }
    },
    "s": {
      "0": 2,
      "1": 2,
      "2": 2,
      "3": 1,
      "4": 0,
      "5": 0,
      "6": 0,
      "7": 0,
      "8": 0,
      "9": 2,
      "10": 2,
      "11": 2,
      "12": 2,
      "13": 2
    },
    "f": { "0": 1, "1": 0, "2": 0, "3": 0 },
    "b": { "0": [0], "1": [0, 0, 0] }
  },
  "/home/user/COS301/echo/ECHO/Backend/src/user/user.module.ts": {
    "path": "/home/user/COS301/echo/ECHO/Backend/src/user/user.module.ts",
    "statementMap": {
      "0": {
        "start": { "line": 1, "column": 0 },
        "end": { "line": 1, "column": 40 }
      },
      "1": {
        "start": { "line": 2, "column": 0 },
        "end": { "line": 2, "column": 50 }
      },
      "2": {
        "start": { "line": 3, "column": 0 },
        "end": { "line": 3, "column": 45 }
      },
      "3": {
        "start": { "line": 4, "column": 0 },
        "end": { "line": 4, "column": 49 }
      },
      "4": {
        "start": { "line": 5, "column": 0 },
        "end": { "line": 5, "column": 51 }
      },
      "5": {
        "start": { "line": 13, "column": 7 },
        "end": { "line": 13, "column": null }
      },
      "6": {
        "start": { "line": 13, "column": 13 },
        "end": { "line": 13, "column": 23 }
      },
      "7": {
        "start": { "line": 13, "column": 13 },
        "end": { "line": 13, "column": null }
      }
    },
    "fnMap": {},
    "branchMap": {},
    "s": { "0": 1, "1": 1, "2": 1, "3": 1, "4": 1, "5": 1, "6": 1, "7": 1 },
    "f": {},
    "b": {}
  },
  "/home/user/COS301/echo/ECHO/Backend/src/user/user.schema.ts": {
    "path": "/home/user/COS301/echo/ECHO/Backend/src/user/user.schema.ts",
    "statementMap": {
      "0": {
        "start": { "line": 1, "column": 0 },
        "end": { "line": 1, "column": 63 }
      },
      "1": {
        "start": { "line": 7, "column": 7 },
        "end": { "line": 19, "column": null }
      },
      "2": {
        "start": { "line": 7, "column": 13 },
        "end": { "line": 7, "column": 17 }
      },
      "3": {
        "start": { "line": 9, "column": 4 },
        "end": { "line": 9, "column": null }
      },
      "4": {
        "start": { "line": 12, "column": 4 },
        "end": { "line": 12, "column": null }
      },
      "5": {
        "start": { "line": 15, "column": 4 },
        "end": { "line": 15, "column": null }
      },
      "6": {
        "start": { "line": 18, "column": 4 },
        "end": { "line": 18, "column": null }
      },
      "7": {
        "start": { "line": 7, "column": 13 },
        "end": { "line": 19, "column": null }
      },
      "8": {
        "start": { "line": 21, "column": 13 },
        "end": { "line": 21, "column": 61 }
      }
    },
    "fnMap": {},
    "branchMap": {},
    "s": {
      "0": 3,
      "1": 3,
      "2": 3,
      "3": 3,
      "4": 3,
      "5": 3,
      "6": 3,
      "7": 3,
      "8": 3
    },
    "f": {},
    "b": {}
  },
  "/home/user/COS301/echo/ECHO/Backend/src/user/user.service.ts": {
    "path": "/home/user/COS301/echo/ECHO/Backend/src/user/user.service.ts",
    "statementMap": {
      "0": {
        "start": { "line": 1, "column": 0 },
        "end": { "line": 1, "column": 42 }
      },
      "1": {
        "start": { "line": 2, "column": 0 },
        "end": { "line": 2, "column": 45 }
      },
      "2": {
        "start": { "line": 3, "column": 0 },
        "end": { "line": 3, "column": 31 }
      },
      "3": {
        "start": { "line": 4, "column": 0 },
        "end": { "line": 4, "column": 35 }
      },
      "4": {
        "start": { "line": 5, "column": 0 },
        "end": { "line": 5, "column": 49 }
      },
      "5": {
        "start": { "line": 8, "column": 7 },
        "end": { "line": 52, "column": null }
      },
      "6": {
        "start": { "line": 10, "column": 40 },
        "end": { "line": 10, "column": 51 }
      },
      "7": {
        "start": { "line": 15, "column": 20 },
        "end": { "line": 15, "column": 69 }
      },
      "8": {
        "start": { "line": 17, "column": 8 },
        "end": { "line": 19, "column": 9 }
      },
      "9": {
        "start": { "line": 18, "column": 12 },
        "end": { "line": 18, "column": 24 }
      },
      "10": {
        "start": { "line": 20, "column": 8 },
        "end": { "line": 23, "column": null }
      },
      "11": {
        "start": { "line": 28, "column": 31 },
        "end": { "line": 28, "column": 62 }
      },
      "12": {
        "start": { "line": 29, "column": 24 },
        "end": { "line": 34, "column": 10 }
      },
      "13": {
        "start": { "line": 35, "column": 8 },
        "end": { "line": 35, "column": 29 }
      },
      "14": {
        "start": { "line": 36, "column": 8 },
        "end": { "line": 36, "column": 63 }
      },
      "15": {
        "start": { "line": 41, "column": 21 },
        "end": { "line": 41, "column": 49 }
      },
      "16": {
        "start": { "line": 42, "column": 8 },
        "end": { "line": 46, "column": 9 }
      },
      "17": {
        "start": { "line": 43, "column": 31 },
        "end": { "line": 43, "column": 46 }
      },
      "18": {
        "start": { "line": 44, "column": 12 },
        "end": { "line": 44, "column": 39 }
      },
      "19": {
        "start": { "line": 45, "column": 12 },
        "end": { "line": 45, "column": 67 }
      },
      "20": {
        "start": { "line": 47, "column": 8 },
        "end": { "line": 50, "column": null }
      },
      "21": {
        "start": { "line": 8, "column": 13 },
        "end": { "line": 8, "column": 24 }
      },
      "22": {
        "start": { "line": 8, "column": 13 },
        "end": { "line": 52, "column": null }
      }
    },
    "fnMap": {
      "0": {
        "name": "(anonymous_4)",
        "decl": {
          "start": { "line": 9, "column": 4 },
          "end": { "line": 9, "column": null }
        },
        "loc": {
          "start": { "line": 10, "column": 70 },
          "end": { "line": 12, "column": 5 }
        }
      },
      "1": {
        "name": "(anonymous_5)",
        "decl": {
          "start": { "line": 14, "column": 4 },
          "end": { "line": 14, "column": 9 }
        },
        "loc": {
          "start": { "line": 14, "column": 34 },
          "end": { "line": 25, "column": 5 }
        }
      },
      "2": {
        "name": "(anonymous_6)",
        "decl": {
          "start": { "line": 27, "column": 4 },
          "end": { "line": 27, "column": 9 }
        },
        "loc": {
          "start": { "line": 27, "column": 66 },
          "end": { "line": 38, "column": 5 }
        }
      },
      "3": {
        "name": "(anonymous_7)",
        "decl": {
          "start": { "line": 40, "column": 4 },
          "end": { "line": 40, "column": 9 }
        },
        "loc": {
          "start": { "line": 40, "column": 57 },
          "end": { "line": 51, "column": 5 }
        }
      }
    },
    "branchMap": {
      "0": {
        "loc": {
          "start": { "line": 17, "column": 8 },
          "end": { "line": 19, "column": 9 }
        },
        "type": "if",
        "locations": [
          {
            "start": { "line": 17, "column": 8 },
            "end": { "line": 19, "column": 9 }
          }
        ]
      },
      "1": {
        "loc": {
          "start": { "line": 42, "column": 8 },
          "end": { "line": 46, "column": 9 }
        },
        "type": "if",
        "locations": [
          {
            "start": { "line": 42, "column": 8 },
            "end": { "line": 46, "column": 9 }
          }
        ]
      },
      "2": {
        "loc": {
          "start": { "line": 42, "column": 12 },
          "end": { "line": 42, "column": 65 }
        },
        "type": "binary-expr",
        "locations": [
          {
            "start": { "line": 42, "column": 12 },
            "end": { "line": 42, "column": 16 }
          },
          {
            "start": { "line": 42, "column": 20 },
            "end": { "line": 42, "column": 65 }
          }
        ]
      }
    },
    "s": {
      "0": 3,
      "1": 3,
      "2": 3,
      "3": 3,
      "4": 3,
      "5": 3,
      "6": 5,
      "7": 2,
      "8": 2,
      "9": 1,
      "10": 1,
      "11": 0,
      "12": 0,
      "13": 0,
      "14": 0,
      "15": 2,
      "16": 2,
      "17": 1,
      "18": 0,
      "19": 0,
      "20": 1,
      "21": 3,
      "22": 3
    },
    "f": { "0": 5, "1": 2, "2": 0, "3": 2 },
    "b": { "0": [1], "1": [1], "2": [2, 1] }
  }
}
